1
18:30:38.352327
Rank  0 / 1
3.7.2 (default, Feb 26 2019, 08:59:10) 
[GCC 4.9.3]
dagrt-2019.4-py3-none-any.whl/dagrt/__init__.py
grudge-2015.1-py3-none-any.whl/grudge/__init__.py
loo.py-2019.1-py3-none-any.whl/loopy/__init__.py
meshmode-2016.1-py3-none-any.whl/meshmode/__init__.py
leap-2019.5-py3-none-any.whl/leap/__init__.py
1
dagrt-2019.4-py3-none-any.whl/dagrt/__init__.py
grudge-2015.1-py3-none-any.whl/grudge/__init__.py
loo.py-2019.1-py3-none-any.whl/loopy/__init__.py
meshmode-2016.1-py3-none-any.whl/meshmode/__init__.py
leap-2019.5-py3-none-any.whl/leap/__init__.py
18:30:40.002364
Rank  0 / 1
3.7.2 (default, Feb 26 2019, 08:59:10) 
[GCC 4.9.3]
/var/spool/slurmd/job5443161/slurm_script: line 27: ddiff: command not found
/var/spool/slurmd/job5443161/slurm_script: line 28: ddiff: command not found
1
18:30:41.880158
Rank  0 / 1
3.7.2 (default, Feb 26 2019, 08:59:10) 
[GCC 4.9.3]
dagrt-2019.4-py3-none-any.whl/dagrt/__init__.py
grudge-2015.1-py3-none-any.whl/grudge/__init__.py
loo.py-2019.1-py3-none-any.whl/loopy/__init__.py
meshmode-2016.1-py3-none-any.whl/meshmode/__init__.py
leap-2019.5-py3-none-any.whl/leap/__init__.py
/var/spool/slurmd/job5443161/slurm_script: line 27: ddiff: command not found
/var/spool/slurmd/job5443161/slurm_script: line 28: ddiff: command not found
2
18:30:43.531488
Rank  0 / 2
3.7.2 (default, Feb 26 2019, 08:59:10) 
[GCC 4.9.3]
dagrt-2019.4-py3-none-any.whl/dagrt/__init__.py
grudge-2015.1-py3-none-any.whl/grudge/__init__.py
loo.py-2019.1-py3-none-any.whl/loopy/__init__.py
meshmode-2016.1-py3-none-any.whl/meshmode/__init__.py
leap-2019.5-py3-none-any.whl/leap/__init__.py
dagrt-2019.4-py3-none-any.whl/dagrt/__init__.py
grudge-2015.1-py3-none-any.whl/grudge/__init__.py
loo.py-2019.1-py3-none-any.whl/loopy/__init__.py
meshmode-2016.1-py3-none-any.whl/meshmode/__init__.py
leap-2019.5-py3-none-any.whl/leap/__init__.py
/var/spool/slurmd/job5443161/slurm_script: line 27: ddiff: command not found
/var/spool/slurmd/job5443161/slurm_script: line 28: ddiff: command not found
2
18:30:45.379026
Rank  0 / 2
3.7.2 (default, Feb 26 2019, 08:59:10) 
[GCC 4.9.3]
dagrt-2019.4-py3-none-any.whl/dagrt/__init__.py
grudge-2015.1-py3-none-any.whl/grudge/__init__.py
loo.py-2019.1-py3-none-any.whl/loopy/__init__.py
meshmode-2016.1-py3-none-any.whl/meshmode/__init__.py
leap-2019.5-py3-none-any.whl/leap/__init__.py
dagrt-2019.4-py3-none-any.whl/dagrt/__init__.py
grudge-2015.1-py3-none-any.whl/grudge/__init__.py
loo.py-2019.1-py3-none-any.whl/loopy/__init__.py
meshmode-2016.1-py3-none-any.whl/meshmode/__init__.py
leap-2019.5-py3-none-any.whl/leap/__init__.py
/var/spool/slurmd/job5443161/slurm_script: line 27: ddiff: command not found
/var/spool/slurmd/job5443161/slurm_script: line 28: ddiff: command not found
4
dagrt-2019.4-py3-none-any.whl/dagrt/__init__.py
grudge-2015.1-py3-none-any.whl/grudge/__init__.py
loo.py-2019.1-py3-none-any.whl/loopy/__init__.py
meshmode-2016.1-py3-none-any.whl/meshmode/__init__.py
leap-2019.5-py3-none-any.whl/leap/__init__.py
dagrt-2019.4-py3-none-any.whl/dagrt/__init__.py
grudge-2015.1-py3-none-any.whl/grudge/__init__.py
loo.py-2019.1-py3-none-any.whl/loopy/__init__.py
meshmode-2016.1-py3-none-any.whl/meshmode/__init__.py
leap-2019.5-py3-none-any.whl/leap/__init__.py
dagrt-2019.4-py3-none-any.whl/dagrt/__init__.py
grudge-2015.1-py3-none-any.whl/grudge/__init__.py
loo.py-2019.1-py3-none-any.whl/loopy/__init__.py
meshmode-2016.1-py3-none-any.whl/meshmode/__init__.py
leap-2019.5-py3-none-any.whl/leap/__init__.py
18:30:47.296141
Rank  0 / 4
3.7.2 (default, Feb 26 2019, 08:59:10) 
[GCC 4.9.3]
dagrt-2019.4-py3-none-any.whl/dagrt/__init__.py
grudge-2015.1-py3-none-any.whl/grudge/__init__.py
loo.py-2019.1-py3-none-any.whl/loopy/__init__.py
meshmode-2016.1-py3-none-any.whl/meshmode/__init__.py
leap-2019.5-py3-none-any.whl/leap/__init__.py
/var/spool/slurmd/job5443161/slurm_script: line 27: ddiff: command not found
/var/spool/slurmd/job5443161/slurm_script: line 28: ddiff: command not found
4
dagrt-2019.4-py3-none-any.whl/dagrt/__init__.py
grudge-2015.1-py3-none-any.whl/grudge/__init__.py
loo.py-2019.1-py3-none-any.whl/loopy/__init__.py
meshmode-2016.1-py3-none-any.whl/meshmode/__init__.py
leap-2019.5-py3-none-any.whl/leap/__init__.py
dagrt-2019.4-py3-none-any.whl/dagrt/__init__.py
grudge-2015.1-py3-none-any.whl/grudge/__init__.py
loo.py-2019.1-py3-none-any.whl/loopy/__init__.py
meshmode-2016.1-py3-none-any.whl/meshmode/__init__.py
leap-2019.5-py3-none-any.whl/leap/__init__.py
dagrt-2019.4-py3-none-any.whl/dagrt/__init__.py
grudge-2015.1-py3-none-any.whl/grudge/__init__.py
loo.py-2019.1-py3-none-any.whl/loopy/__init__.py
meshmode-2016.1-py3-none-any.whl/meshmode/__init__.py
leap-2019.5-py3-none-any.whl/leap/__init__.py
18:30:49.362578
Rank  0 / 4
3.7.2 (default, Feb 26 2019, 08:59:10) 
[GCC 4.9.3]
dagrt-2019.4-py3-none-any.whl/dagrt/__init__.py
grudge-2015.1-py3-none-any.whl/grudge/__init__.py
loo.py-2019.1-py3-none-any.whl/loopy/__init__.py
meshmode-2016.1-py3-none-any.whl/meshmode/__init__.py
leap-2019.5-py3-none-any.whl/leap/__init__.py
/var/spool/slurmd/job5443161/slurm_script: line 27: ddiff: command not found
/var/spool/slurmd/job5443161/slurm_script: line 28: ddiff: command not found
8
dagrt-2019.4-py3-none-any.whl/dagrt/__init__.py
grudge-2015.1-py3-none-any.whl/grudge/__init__.py
loo.py-2019.1-py3-none-any.whl/loopy/__init__.py
meshmode-2016.1-py3-none-any.whl/meshmode/__init__.py
leap-2019.5-py3-none-any.whl/leap/__init__.py
dagrt-2019.4-py3-none-any.whl/dagrt/__init__.py
grudge-2015.1-py3-none-any.whl/grudge/__init__.py
loo.py-2019.1-py3-none-any.whl/loopy/__init__.py
meshmode-2016.1-py3-none-any.whl/meshmode/__init__.py
leap-2019.5-py3-none-any.whl/leap/__init__.py
dagrt-2019.4-py3-none-any.whl/dagrt/__init__.py
grudge-2015.1-py3-none-any.whl/grudge/__init__.py
loo.py-2019.1-py3-none-any.whl/loopy/__init__.py
meshmode-2016.1-py3-none-any.whl/meshmode/__init__.py
leap-2019.5-py3-none-any.whl/leap/__init__.py
dagrt-2019.4-py3-none-any.whl/dagrt/__init__.py
grudge-2015.1-py3-none-any.whl/grudge/__init__.py
loo.py-2019.1-py3-none-any.whl/loopy/__init__.py
meshmode-2016.1-py3-none-any.whl/meshmode/__init__.py
leap-2019.5-py3-none-any.whl/leap/__init__.py
dagrt-2019.4-py3-none-any.whl/dagrt/__init__.py
grudge-2015.1-py3-none-any.whl/grudge/__init__.py
loo.py-2019.1-py3-none-any.whl/loopy/__init__.py
meshmode-2016.1-py3-none-any.whl/meshmode/__init__.py
leap-2019.5-py3-none-any.whl/leap/__init__.py
dagrt-2019.4-py3-none-any.whl/dagrt/__init__.py
grudge-2015.1-py3-none-any.whl/grudge/__init__.py
loo.py-2019.1-py3-none-any.whl/loopy/__init__.py
meshmode-2016.1-py3-none-any.whl/meshmode/__init__.py
leap-2019.5-py3-none-any.whl/leap/__init__.py
18:30:51.739433
Rank  0 / 8
3.7.2 (default, Feb 26 2019, 08:59:10) 
[GCC 4.9.3]
dagrt-2019.4-py3-none-any.whl/dagrt/__init__.py
grudge-2015.1-py3-none-any.whl/grudge/__init__.py
loo.py-2019.1-py3-none-any.whl/loopy/__init__.py
meshmode-2016.1-py3-none-any.whl/meshmode/__init__.py
leap-2019.5-py3-none-any.whl/leap/__init__.py
dagrt-2019.4-py3-none-any.whl/dagrt/__init__.py
grudge-2015.1-py3-none-any.whl/grudge/__init__.py
loo.py-2019.1-py3-none-any.whl/loopy/__init__.py
meshmode-2016.1-py3-none-any.whl/meshmode/__init__.py
leap-2019.5-py3-none-any.whl/leap/__init__.py
/var/spool/slurmd/job5443161/slurm_script: line 27: ddiff: command not found
/var/spool/slurmd/job5443161/slurm_script: line 28: ddiff: command not found
8
dagrt-2019.4-py3-none-any.whl/dagrt/__init__.py
grudge-2015.1-py3-none-any.whl/grudge/__init__.py
loo.py-2019.1-py3-none-any.whl/loopy/__init__.py
meshmode-2016.1-py3-none-any.whl/meshmode/__init__.py
leap-2019.5-py3-none-any.whl/leap/__init__.py
dagrt-2019.4-py3-none-any.whl/dagrt/__init__.py
grudge-2015.1-py3-none-any.whl/grudge/__init__.py
loo.py-2019.1-py3-none-any.whl/loopy/__init__.py
meshmode-2016.1-py3-none-any.whl/meshmode/__init__.py
leap-2019.5-py3-none-any.whl/leap/__init__.py
dagrt-2019.4-py3-none-any.whl/dagrt/__init__.py
grudge-2015.1-py3-none-any.whl/grudge/__init__.py
loo.py-2019.1-py3-none-any.whl/loopy/__init__.py
meshmode-2016.1-py3-none-any.whl/meshmode/__init__.py
leap-2019.5-py3-none-any.whl/leap/__init__.py
dagrt-2019.4-py3-none-any.whl/dagrt/__init__.py
grudge-2015.1-py3-none-any.whl/grudge/__init__.py
loo.py-2019.1-py3-none-any.whl/loopy/__init__.py
meshmode-2016.1-py3-none-any.whl/meshmode/__init__.py
leap-2019.5-py3-none-any.whl/leap/__init__.py
dagrt-2019.4-py3-none-any.whl/dagrt/__init__.py
grudge-2015.1-py3-none-any.whl/grudge/__init__.py
loo.py-2019.1-py3-none-any.whl/loopy/__init__.py
meshmode-2016.1-py3-none-any.whl/meshmode/__init__.py
leap-2019.5-py3-none-any.whl/leap/__init__.py
18:30:55.459732
Rank  0 / 8
3.7.2 (default, Feb 26 2019, 08:59:10) 
[GCC 4.9.3]
dagrt-2019.4-py3-none-any.whl/dagrt/__init__.py
grudge-2015.1-py3-none-any.whl/grudge/__init__.py
loo.py-2019.1-py3-none-any.whl/loopy/__init__.py
meshmode-2016.1-py3-none-any.whl/meshmode/__init__.py
leap-2019.5-py3-none-any.whl/leap/__init__.py
dagrt-2019.4-py3-none-any.whl/dagrt/__init__.py
grudge-2015.1-py3-none-any.whl/grudge/__init__.py
loo.py-2019.1-py3-none-any.whl/loopy/__init__.py
meshmode-2016.1-py3-none-any.whl/meshmode/__init__.py
leap-2019.5-py3-none-any.whl/leap/__init__.py
dagrt-2019.4-py3-none-any.whl/dagrt/__init__.py
grudge-2015.1-py3-none-any.whl/grudge/__init__.py
loo.py-2019.1-py3-none-any.whl/loopy/__init__.py
meshmode-2016.1-py3-none-any.whl/meshmode/__init__.py
leap-2019.5-py3-none-any.whl/leap/__init__.py
/var/spool/slurmd/job5443161/slurm_script: line 27: ddiff: command not found
/var/spool/slurmd/job5443161/slurm_script: line 28: ddiff: command not found
16
dagrt-2019.4-py3-none-any.whl/dagrt/__init__.py
grudge-2015.1-py3-none-any.whl/grudge/__init__.py
loo.py-2019.1-py3-none-any.whl/loopy/__init__.py
meshmode-2016.1-py3-none-any.whl/meshmode/__init__.py
leap-2019.5-py3-none-any.whl/leap/__init__.py
dagrt-2019.4-py3-none-any.whl/dagrt/__init__.py
grudge-2015.1-py3-none-any.whl/grudge/__init__.py
loo.py-2019.1-py3-none-any.whl/loopy/__init__.py
meshmode-2016.1-py3-none-any.whl/meshmode/__init__.py
leap-2019.5-py3-none-any.whl/leap/__init__.py
dagrt-2019.4-py3-none-any.whl/dagrt/__init__.py
grudge-2015.1-py3-none-any.whl/grudge/__init__.py
loo.py-2019.1-py3-none-any.whl/loopy/__init__.py
meshmode-2016.1-py3-none-any.whl/meshmode/__init__.py
leap-2019.5-py3-none-any.whl/leap/__init__.py
dagrt-2019.4-py3-none-any.whl/dagrt/__init__.py
grudge-2015.1-py3-none-any.whl/grudge/__init__.py
loo.py-2019.1-py3-none-any.whl/loopy/__init__.py
meshmode-2016.1-py3-none-any.whl/meshmode/__init__.py
leap-2019.5-py3-none-any.whl/leap/__init__.py
dagrt-2019.4-py3-none-any.whl/dagrt/__init__.py
grudge-2015.1-py3-none-any.whl/grudge/__init__.py
loo.py-2019.1-py3-none-any.whl/loopy/__init__.py
meshmode-2016.1-py3-none-any.whl/meshmode/__init__.py
leap-2019.5-py3-none-any.whl/leap/__init__.py
dagrt-2019.4-py3-none-any.whl/dagrt/__init__.py
grudge-2015.1-py3-none-any.whl/grudge/__init__.py
loo.py-2019.1-py3-none-any.whl/loopy/__init__.py
meshmode-2016.1-py3-none-any.whl/meshmode/__init__.py
leap-2019.5-py3-none-any.whl/leap/__init__.py
dagrt-2019.4-py3-none-any.whl/dagrt/__init__.py
grudge-2015.1-py3-none-any.whl/grudge/__init__.py
loo.py-2019.1-py3-none-any.whl/loopy/__init__.py
meshmode-2016.1-py3-none-any.whl/meshmode/__init__.py
leap-2019.5-py3-none-any.whl/leap/__init__.py
dagrt-2019.4-py3-none-any.whl/dagrt/__init__.py
grudge-2015.1-py3-none-any.whl/grudge/__init__.py
loo.py-2019.1-py3-none-any.whl/loopy/__init__.py
meshmode-2016.1-py3-none-any.whl/meshmode/__init__.py
leap-2019.5-py3-none-any.whl/leap/__init__.py
dagrt-2019.4-py3-none-any.whl/dagrt/__init__.py
grudge-2015.1-py3-none-any.whl/grudge/__init__.py
loo.py-2019.1-py3-none-any.whl/loopy/__init__.py
meshmode-2016.1-py3-none-any.whl/meshmode/__init__.py
leap-2019.5-py3-none-any.whl/leap/__init__.py
dagrt-2019.4-py3-none-any.whl/dagrt/__init__.py
grudge-2015.1-py3-none-any.whl/grudge/__init__.py
loo.py-2019.1-py3-none-any.whl/loopy/__init__.py
meshmode-2016.1-py3-none-any.whl/meshmode/__init__.py
leap-2019.5-py3-none-any.whl/leap/__init__.py
dagrt-2019.4-py3-none-any.whl/dagrt/__init__.py
grudge-2015.1-py3-none-any.whl/grudge/__init__.py
loo.py-2019.1-py3-none-any.whl/loopy/__init__.py
meshmode-2016.1-py3-none-any.whl/meshmode/__init__.py
leap-2019.5-py3-none-any.whl/leap/__init__.py
dagrt-2019.4-py3-none-any.whl/dagrt/__init__.py
grudge-2015.1-py3-none-any.whl/grudge/__init__.py
loo.py-2019.1-py3-none-any.whl/loopy/__init__.py
meshmode-2016.1-py3-none-any.whl/meshmode/__init__.py
leap-2019.5-py3-none-any.whl/leap/__init__.py
18:30:58.567639
Rank  0 / 16
3.7.2 (default, Feb 26 2019, 08:59:10) 
[GCC 4.9.3]
dagrt-2019.4-py3-none-any.whl/dagrt/__init__.py
grudge-2015.1-py3-none-any.whl/grudge/__init__.py
loo.py-2019.1-py3-none-any.whl/loopy/__init__.py
meshmode-2016.1-py3-none-any.whl/meshmode/__init__.py
leap-2019.5-py3-none-any.whl/leap/__init__.py
dagrt-2019.4-py3-none-any.whl/dagrt/__init__.py
grudge-2015.1-py3-none-any.whl/grudge/__init__.py
loo.py-2019.1-py3-none-any.whl/loopy/__init__.py
meshmode-2016.1-py3-none-any.whl/meshmode/__init__.py
leap-2019.5-py3-none-any.whl/leap/__init__.py
dagrt-2019.4-py3-none-any.whl/dagrt/__init__.py
grudge-2015.1-py3-none-any.whl/grudge/__init__.py
loo.py-2019.1-py3-none-any.whl/loopy/__init__.py
meshmode-2016.1-py3-none-any.whl/meshmode/__init__.py
leap-2019.5-py3-none-any.whl/leap/__init__.py
dagrt-2019.4-py3-none-any.whl/dagrt/__init__.py
grudge-2015.1-py3-none-any.whl/grudge/__init__.py
loo.py-2019.1-py3-none-any.whl/loopy/__init__.py
meshmode-2016.1-py3-none-any.whl/meshmode/__init__.py
leap-2019.5-py3-none-any.whl/leap/__init__.py
/var/spool/slurmd/job5443161/slurm_script: line 27: ddiff: command not found
/var/spool/slurmd/job5443161/slurm_script: line 28: ddiff: command not found
16
dagrt-2019.4-py3-none-any.whl/dagrt/__init__.py
grudge-2015.1-py3-none-any.whl/grudge/__init__.py
loo.py-2019.1-py3-none-any.whl/loopy/__init__.py
meshmode-2016.1-py3-none-any.whl/meshmode/__init__.py
leap-2019.5-py3-none-any.whl/leap/__init__.py
dagrt-2019.4-py3-none-any.whl/dagrt/__init__.py
grudge-2015.1-py3-none-any.whl/grudge/__init__.py
loo.py-2019.1-py3-none-any.whl/loopy/__init__.py
meshmode-2016.1-py3-none-any.whl/meshmode/__init__.py
leap-2019.5-py3-none-any.whl/leap/__init__.py
dagrt-2019.4-py3-none-any.whl/dagrt/__init__.py
grudge-2015.1-py3-none-any.whl/grudge/__init__.py
loo.py-2019.1-py3-none-any.whl/loopy/__init__.py
meshmode-2016.1-py3-none-any.whl/meshmode/__init__.py
leap-2019.5-py3-none-any.whl/leap/__init__.py
dagrt-2019.4-py3-none-any.whl/dagrt/__init__.py
grudge-2015.1-py3-none-any.whl/grudge/__init__.py
loo.py-2019.1-py3-none-any.whl/loopy/__init__.py
meshmode-2016.1-py3-none-any.whl/meshmode/__init__.py
leap-2019.5-py3-none-any.whl/leap/__init__.py
dagrt-2019.4-py3-none-any.whl/dagrt/__init__.py
grudge-2015.1-py3-none-any.whl/grudge/__init__.py
loo.py-2019.1-py3-none-any.whl/loopy/__init__.py
meshmode-2016.1-py3-none-any.whl/meshmode/__init__.py
leap-2019.5-py3-none-any.whl/leap/__init__.py
dagrt-2019.4-py3-none-any.whl/dagrt/__init__.py
grudge-2015.1-py3-none-any.whl/grudge/__init__.py
loo.py-2019.1-py3-none-any.whl/loopy/__init__.py
meshmode-2016.1-py3-none-any.whl/meshmode/__init__.py
leap-2019.5-py3-none-any.whl/leap/__init__.py
dagrt-2019.4-py3-none-any.whl/dagrt/__init__.py
grudge-2015.1-py3-none-any.whl/grudge/__init__.py
loo.py-2019.1-py3-none-any.whl/loopy/__init__.py
meshmode-2016.1-py3-none-any.whl/meshmode/__init__.py
leap-2019.5-py3-none-any.whl/leap/__init__.py
dagrt-2019.4-py3-none-any.whl/dagrt/__init__.py
grudge-2015.1-py3-none-any.whl/grudge/__init__.py
loo.py-2019.1-py3-none-any.whl/loopy/__init__.py
meshmode-2016.1-py3-none-any.whl/meshmode/__init__.py
leap-2019.5-py3-none-any.whl/leap/__init__.py
dagrt-2019.4-py3-none-any.whl/dagrt/__init__.py
grudge-2015.1-py3-none-any.whl/grudge/__init__.py
loo.py-2019.1-py3-none-any.whl/loopy/__init__.py
meshmode-2016.1-py3-none-any.whl/meshmode/__init__.py
leap-2019.5-py3-none-any.whl/leap/__init__.py
dagrt-2019.4-py3-none-any.whl/dagrt/__init__.py
grudge-2015.1-py3-none-any.whl/grudge/__init__.py
loo.py-2019.1-py3-none-any.whl/loopy/__init__.py
meshmode-2016.1-py3-none-any.whl/meshmode/__init__.py
leap-2019.5-py3-none-any.whl/leap/__init__.py
dagrt-2019.4-py3-none-any.whl/dagrt/__init__.py
grudge-2015.1-py3-none-any.whl/grudge/__init__.py
loo.py-2019.1-py3-none-any.whl/loopy/__init__.py
meshmode-2016.1-py3-none-any.whl/meshmode/__init__.py
leap-2019.5-py3-none-any.whl/leap/__init__.py
dagrt-2019.4-py3-none-any.whl/dagrt/__init__.py
grudge-2015.1-py3-none-any.whl/grudge/__init__.py
loo.py-2019.1-py3-none-any.whl/loopy/__init__.py
meshmode-2016.1-py3-none-any.whl/meshmode/__init__.py
leap-2019.5-py3-none-any.whl/leap/__init__.py
18:31:03.764615
Rank  0 / 16
3.7.2 (default, Feb 26 2019, 08:59:10) 
[GCC 4.9.3]
dagrt-2019.4-py3-none-any.whl/dagrt/__init__.py
grudge-2015.1-py3-none-any.whl/grudge/__init__.py
loo.py-2019.1-py3-none-any.whl/loopy/__init__.py
meshmode-2016.1-py3-none-any.whl/meshmode/__init__.py
leap-2019.5-py3-none-any.whl/leap/__init__.py
dagrt-2019.4-py3-none-any.whl/dagrt/__init__.py
grudge-2015.1-py3-none-any.whl/grudge/__init__.py
loo.py-2019.1-py3-none-any.whl/loopy/__init__.py
meshmode-2016.1-py3-none-any.whl/meshmode/__init__.py
leap-2019.5-py3-none-any.whl/leap/__init__.py
dagrt-2019.4-py3-none-any.whl/dagrt/__init__.py
grudge-2015.1-py3-none-any.whl/grudge/__init__.py
loo.py-2019.1-py3-none-any.whl/loopy/__init__.py
meshmode-2016.1-py3-none-any.whl/meshmode/__init__.py
leap-2019.5-py3-none-any.whl/leap/__init__.py
dagrt-2019.4-py3-none-any.whl/dagrt/__init__.py
grudge-2015.1-py3-none-any.whl/grudge/__init__.py
loo.py-2019.1-py3-none-any.whl/loopy/__init__.py
meshmode-2016.1-py3-none-any.whl/meshmode/__init__.py
leap-2019.5-py3-none-any.whl/leap/__init__.py
/var/spool/slurmd/job5443161/slurm_script: line 27: ddiff: command not found
/var/spool/slurmd/job5443161/slurm_script: line 28: ddiff: command not found
32
dagrt-2019.4-py3-none-any.whl/dagrt/__init__.py
grudge-2015.1-py3-none-any.whl/grudge/__init__.py
loo.py-2019.1-py3-none-any.whl/loopy/__init__.py
meshmode-2016.1-py3-none-any.whl/meshmode/__init__.py
leap-2019.5-py3-none-any.whl/leap/__init__.py
dagrt-2019.4-py3-none-any.whl/dagrt/__init__.py
grudge-2015.1-py3-none-any.whl/grudge/__init__.py
loo.py-2019.1-py3-none-any.whl/loopy/__init__.py
meshmode-2016.1-py3-none-any.whl/meshmode/__init__.py
leap-2019.5-py3-none-any.whl/leap/__init__.py
dagrt-2019.4-py3-none-any.whl/dagrt/__init__.py
grudge-2015.1-py3-none-any.whl/grudge/__init__.py
loo.py-2019.1-py3-none-any.whl/loopy/__init__.py
meshmode-2016.1-py3-none-any.whl/meshmode/__init__.py
leap-2019.5-py3-none-any.whl/leap/__init__.py
dagrt-2019.4-py3-none-any.whl/dagrt/__init__.py
grudge-2015.1-py3-none-any.whl/grudge/__init__.py
loo.py-2019.1-py3-none-any.whl/loopy/__init__.py
meshmode-2016.1-py3-none-any.whl/meshmode/__init__.py
leap-2019.5-py3-none-any.whl/leap/__init__.py
dagrt-2019.4-py3-none-any.whl/dagrt/__init__.py
grudge-2015.1-py3-none-any.whl/grudge/__init__.py
loo.py-2019.1-py3-none-any.whl/loopy/__init__.py
meshmode-2016.1-py3-none-any.whl/meshmode/__init__.py
leap-2019.5-py3-none-any.whl/leap/__init__.py
dagrt-2019.4-py3-none-any.whl/dagrt/__init__.py
grudge-2015.1-py3-none-any.whl/grudge/__init__.py
loo.py-2019.1-py3-none-any.whl/loopy/__init__.py
meshmode-2016.1-py3-none-any.whl/meshmode/__init__.py
leap-2019.5-py3-none-any.whl/leap/__init__.py
dagrt-2019.4-py3-none-any.whl/dagrt/__init__.py
grudge-2015.1-py3-none-any.whl/grudge/__init__.py
loo.py-2019.1-py3-none-any.whl/loopy/__init__.py
meshmode-2016.1-py3-none-any.whl/meshmode/__init__.py
leap-2019.5-py3-none-any.whl/leap/__init__.py
dagrt-2019.4-py3-none-any.whl/dagrt/__init__.py
grudge-2015.1-py3-none-any.whl/grudge/__init__.py
loo.py-2019.1-py3-none-any.whl/loopy/__init__.py
meshmode-2016.1-py3-none-any.whl/meshmode/__init__.py
leap-2019.5-py3-none-any.whl/leap/__init__.py
dagrt-2019.4-py3-none-any.whl/dagrt/__init__.py
grudge-2015.1-py3-none-any.whl/grudge/__init__.py
loo.py-2019.1-py3-none-any.whl/loopy/__init__.py
meshmode-2016.1-py3-none-any.whl/meshmode/__init__.py
leap-2019.5-py3-none-any.whl/leap/__init__.py
dagrt-2019.4-py3-none-any.whl/dagrt/__init__.py
grudge-2015.1-py3-none-any.whl/grudge/__init__.py
loo.py-2019.1-py3-none-any.whl/loopy/__init__.py
meshmode-2016.1-py3-none-any.whl/meshmode/__init__.py
leap-2019.5-py3-none-any.whl/leap/__init__.py
dagrt-2019.4-py3-none-any.whl/dagrt/__init__.py
grudge-2015.1-py3-none-any.whl/grudge/__init__.py
loo.py-2019.1-py3-none-any.whl/loopy/__init__.py
meshmode-2016.1-py3-none-any.whl/meshmode/__init__.py
leap-2019.5-py3-none-any.whl/leap/__init__.py
dagrt-2019.4-py3-none-any.whl/dagrt/__init__.py
grudge-2015.1-py3-none-any.whl/grudge/__init__.py
loo.py-2019.1-py3-none-any.whl/loopy/__init__.py
meshmode-2016.1-py3-none-any.whl/meshmode/__init__.py
leap-2019.5-py3-none-any.whl/leap/__init__.py
dagrt-2019.4-py3-none-any.whl/dagrt/__init__.py
grudge-2015.1-py3-none-any.whl/grudge/__init__.py
loo.py-2019.1-py3-none-any.whl/loopy/__init__.py
meshmode-2016.1-py3-none-any.whl/meshmode/__init__.py
leap-2019.5-py3-none-any.whl/leap/__init__.py
dagrt-2019.4-py3-none-any.whl/dagrt/__init__.py
grudge-2015.1-py3-none-any.whl/grudge/__init__.py
loo.py-2019.1-py3-none-any.whl/loopy/__init__.py
meshmode-2016.1-py3-none-any.whl/meshmode/__init__.py
leap-2019.5-py3-none-any.whl/leap/__init__.py
dagrt-2019.4-py3-none-any.whl/dagrt/__init__.py
grudge-2015.1-py3-none-any.whl/grudge/__init__.py
loo.py-2019.1-py3-none-any.whl/loopy/__init__.py
meshmode-2016.1-py3-none-any.whl/meshmode/__init__.py
leap-2019.5-py3-none-any.whl/leap/__init__.py
dagrt-2019.4-py3-none-any.whl/dagrt/__init__.py
grudge-2015.1-py3-none-any.whl/grudge/__init__.py
loo.py-2019.1-py3-none-any.whl/loopy/__init__.py
meshmode-2016.1-py3-none-any.whl/meshmode/__init__.py
leap-2019.5-py3-none-any.whl/leap/__init__.py
dagrt-2019.4-py3-none-any.whl/dagrt/__init__.py
grudge-2015.1-py3-none-any.whl/grudge/__init__.py
loo.py-2019.1-py3-none-any.whl/loopy/__init__.py
meshmode-2016.1-py3-none-any.whl/meshmode/__init__.py
leap-2019.5-py3-none-any.whl/leap/__init__.py
dagrt-2019.4-py3-none-any.whl/dagrt/__init__.py
grudge-2015.1-py3-none-any.whl/grudge/__init__.py
loo.py-2019.1-py3-none-any.whl/loopy/__init__.py
meshmode-2016.1-py3-none-any.whl/meshmode/__init__.py
leap-2019.5-py3-none-any.whl/leap/__init__.py
dagrt-2019.4-py3-none-any.whl/dagrt/__init__.py
grudge-2015.1-py3-none-any.whl/grudge/__init__.py
loo.py-2019.1-py3-none-any.whl/loopy/__init__.py
meshmode-2016.1-py3-none-any.whl/meshmode/__init__.py
leap-2019.5-py3-none-any.whl/leap/__init__.py
dagrt-2019.4-py3-none-any.whl/dagrt/__init__.py
grudge-2015.1-py3-none-any.whl/grudge/__init__.py
loo.py-2019.1-py3-none-any.whl/loopy/__init__.py
meshmode-2016.1-py3-none-any.whl/meshmode/__init__.py
leap-2019.5-py3-none-any.whl/leap/__init__.py
18:31:09.910786
Rank  0 / 32
3.7.2 (default, Feb 26 2019, 08:59:10) 
[GCC 4.9.3]
dagrt-2019.4-py3-none-any.whl/dagrt/__init__.py
grudge-2015.1-py3-none-any.whl/grudge/__init__.py
loo.py-2019.1-py3-none-any.whl/loopy/__init__.py
meshmode-2016.1-py3-none-any.whl/meshmode/__init__.py
leap-2019.5-py3-none-any.whl/leap/__init__.py
dagrt-2019.4-py3-none-any.whl/dagrt/__init__.py
grudge-2015.1-py3-none-any.whl/grudge/__init__.py
loo.py-2019.1-py3-none-any.whl/loopy/__init__.py
meshmode-2016.1-py3-none-any.whl/meshmode/__init__.py
leap-2019.5-py3-none-any.whl/leap/__init__.py
dagrt-2019.4-py3-none-any.whl/dagrt/__init__.py
grudge-2015.1-py3-none-any.whl/grudge/__init__.py
loo.py-2019.1-py3-none-any.whl/loopy/__init__.py
meshmode-2016.1-py3-none-any.whl/meshmode/__init__.py
leap-2019.5-py3-none-any.whl/leap/__init__.py
dagrt-2019.4-py3-none-any.whl/dagrt/__init__.py
grudge-2015.1-py3-none-any.whl/grudge/__init__.py
loo.py-2019.1-py3-none-any.whl/loopy/__init__.py
meshmode-2016.1-py3-none-any.whl/meshmode/__init__.py
leap-2019.5-py3-none-any.whl/leap/__init__.py
dagrt-2019.4-py3-none-any.whl/dagrt/__init__.py
grudge-2015.1-py3-none-any.whl/grudge/__init__.py
loo.py-2019.1-py3-none-any.whl/loopy/__init__.py
meshmode-2016.1-py3-none-any.whl/meshmode/__init__.py
leap-2019.5-py3-none-any.whl/leap/__init__.py
dagrt-2019.4-py3-none-any.whl/dagrt/__init__.py
grudge-2015.1-py3-none-any.whl/grudge/__init__.py
loo.py-2019.1-py3-none-any.whl/loopy/__init__.py
meshmode-2016.1-py3-none-any.whl/meshmode/__init__.py
leap-2019.5-py3-none-any.whl/leap/__init__.py
dagrt-2019.4-py3-none-any.whl/dagrt/__init__.py
grudge-2015.1-py3-none-any.whl/grudge/__init__.py
loo.py-2019.1-py3-none-any.whl/loopy/__init__.py
meshmode-2016.1-py3-none-any.whl/meshmode/__init__.py
leap-2019.5-py3-none-any.whl/leap/__init__.py
dagrt-2019.4-py3-none-any.whl/dagrt/__init__.py
grudge-2015.1-py3-none-any.whl/grudge/__init__.py
loo.py-2019.1-py3-none-any.whl/loopy/__init__.py
meshmode-2016.1-py3-none-any.whl/meshmode/__init__.py
leap-2019.5-py3-none-any.whl/leap/__init__.py
dagrt-2019.4-py3-none-any.whl/dagrt/__init__.py
grudge-2015.1-py3-none-any.whl/grudge/__init__.py
loo.py-2019.1-py3-none-any.whl/loopy/__init__.py
meshmode-2016.1-py3-none-any.whl/meshmode/__init__.py
leap-2019.5-py3-none-any.whl/leap/__init__.py
dagrt-2019.4-py3-none-any.whl/dagrt/__init__.py
grudge-2015.1-py3-none-any.whl/grudge/__init__.py
loo.py-2019.1-py3-none-any.whl/loopy/__init__.py
meshmode-2016.1-py3-none-any.whl/meshmode/__init__.py
leap-2019.5-py3-none-any.whl/leap/__init__.py
dagrt-2019.4-py3-none-any.whl/dagrt/__init__.py
grudge-2015.1-py3-none-any.whl/grudge/__init__.py
loo.py-2019.1-py3-none-any.whl/loopy/__init__.py
meshmode-2016.1-py3-none-any.whl/meshmode/__init__.py
leap-2019.5-py3-none-any.whl/leap/__init__.py
dagrt-2019.4-py3-none-any.whl/dagrt/__init__.py
grudge-2015.1-py3-none-any.whl/grudge/__init__.py
loo.py-2019.1-py3-none-any.whl/loopy/__init__.py
meshmode-2016.1-py3-none-any.whl/meshmode/__init__.py
leap-2019.5-py3-none-any.whl/leap/__init__.py
/var/spool/slurmd/job5443161/slurm_script: line 27: ddiff: command not found
/var/spool/slurmd/job5443161/slurm_script: line 28: ddiff: command not found
32
dagrt-2019.4-py3-none-any.whl/dagrt/__init__.py
grudge-2015.1-py3-none-any.whl/grudge/__init__.py
loo.py-2019.1-py3-none-any.whl/loopy/__init__.py
meshmode-2016.1-py3-none-any.whl/meshmode/__init__.py
leap-2019.5-py3-none-any.whl/leap/__init__.py
dagrt-2019.4-py3-none-any.whl/dagrt/__init__.py
grudge-2015.1-py3-none-any.whl/grudge/__init__.py
loo.py-2019.1-py3-none-any.whl/loopy/__init__.py
meshmode-2016.1-py3-none-any.whl/meshmode/__init__.py
leap-2019.5-py3-none-any.whl/leap/__init__.py
dagrt-2019.4-py3-none-any.whl/dagrt/__init__.py
grudge-2015.1-py3-none-any.whl/grudge/__init__.py
loo.py-2019.1-py3-none-any.whl/loopy/__init__.py
meshmode-2016.1-py3-none-any.whl/meshmode/__init__.py
leap-2019.5-py3-none-any.whl/leap/__init__.py
dagrt-2019.4-py3-none-any.whl/dagrt/__init__.py
grudge-2015.1-py3-none-any.whl/grudge/__init__.py
loo.py-2019.1-py3-none-any.whl/loopy/__init__.py
meshmode-2016.1-py3-none-any.whl/meshmode/__init__.py
leap-2019.5-py3-none-any.whl/leap/__init__.py
dagrt-2019.4-py3-none-any.whl/dagrt/__init__.py
grudge-2015.1-py3-none-any.whl/grudge/__init__.py
loo.py-2019.1-py3-none-any.whl/loopy/__init__.py
meshmode-2016.1-py3-none-any.whl/meshmode/__init__.py
leap-2019.5-py3-none-any.whl/leap/__init__.py
dagrt-2019.4-py3-none-any.whl/dagrt/__init__.py
grudge-2015.1-py3-none-any.whl/grudge/__init__.py
loo.py-2019.1-py3-none-any.whl/loopy/__init__.py
meshmode-2016.1-py3-none-any.whl/meshmode/__init__.py
leap-2019.5-py3-none-any.whl/leap/__init__.py
dagrt-2019.4-py3-none-any.whl/dagrt/__init__.py
grudge-2015.1-py3-none-any.whl/grudge/__init__.py
loo.py-2019.1-py3-none-any.whl/loopy/__init__.py
meshmode-2016.1-py3-none-any.whl/meshmode/__init__.py
leap-2019.5-py3-none-any.whl/leap/__init__.py
dagrt-2019.4-py3-none-any.whl/dagrt/__init__.py
grudge-2015.1-py3-none-any.whl/grudge/__init__.py
loo.py-2019.1-py3-none-any.whl/loopy/__init__.py
meshmode-2016.1-py3-none-any.whl/meshmode/__init__.py
leap-2019.5-py3-none-any.whl/leap/__init__.py
dagrt-2019.4-py3-none-any.whl/dagrt/__init__.py
grudge-2015.1-py3-none-any.whl/grudge/__init__.py
loo.py-2019.1-py3-none-any.whl/loopy/__init__.py
meshmode-2016.1-py3-none-any.whl/meshmode/__init__.py
leap-2019.5-py3-none-any.whl/leap/__init__.py
dagrt-2019.4-py3-none-any.whl/dagrt/__init__.py
grudge-2015.1-py3-none-any.whl/grudge/__init__.py
loo.py-2019.1-py3-none-any.whl/loopy/__init__.py
meshmode-2016.1-py3-none-any.whl/meshmode/__init__.py
leap-2019.5-py3-none-any.whl/leap/__init__.py
dagrt-2019.4-py3-none-any.whl/dagrt/__init__.py
grudge-2015.1-py3-none-any.whl/grudge/__init__.py
loo.py-2019.1-py3-none-any.whl/loopy/__init__.py
meshmode-2016.1-py3-none-any.whl/meshmode/__init__.py
leap-2019.5-py3-none-any.whl/leap/__init__.py
dagrt-2019.4-py3-none-any.whl/dagrt/__init__.py
grudge-2015.1-py3-none-any.whl/grudge/__init__.py
loo.py-2019.1-py3-none-any.whl/loopy/__init__.py
meshmode-2016.1-py3-none-any.whl/meshmode/__init__.py
leap-2019.5-py3-none-any.whl/leap/__init__.py
dagrt-2019.4-py3-none-any.whl/dagrt/__init__.py
grudge-2015.1-py3-none-any.whl/grudge/__init__.py
loo.py-2019.1-py3-none-any.whl/loopy/__init__.py
meshmode-2016.1-py3-none-any.whl/meshmode/__init__.py
leap-2019.5-py3-none-any.whl/leap/__init__.py
dagrt-2019.4-py3-none-any.whl/dagrt/__init__.py
grudge-2015.1-py3-none-any.whl/grudge/__init__.py
loo.py-2019.1-py3-none-any.whl/loopy/__init__.py
meshmode-2016.1-py3-none-any.whl/meshmode/__init__.py
leap-2019.5-py3-none-any.whl/leap/__init__.py
dagrt-2019.4-py3-none-any.whl/dagrt/__init__.py
grudge-2015.1-py3-none-any.whl/grudge/__init__.py
loo.py-2019.1-py3-none-any.whl/loopy/__init__.py
meshmode-2016.1-py3-none-any.whl/meshmode/__init__.py
leap-2019.5-py3-none-any.whl/leap/__init__.py
dagrt-2019.4-py3-none-any.whl/dagrt/__init__.py
grudge-2015.1-py3-none-any.whl/grudge/__init__.py
loo.py-2019.1-py3-none-any.whl/loopy/__init__.py
meshmode-2016.1-py3-none-any.whl/meshmode/__init__.py
leap-2019.5-py3-none-any.whl/leap/__init__.py
18:31:14.832290
Rank  0 / 32
3.7.2 (default, Feb 26 2019, 08:59:10) 
[GCC 4.9.3]
dagrt-2019.4-py3-none-any.whl/dagrt/__init__.py
grudge-2015.1-py3-none-any.whl/grudge/__init__.py
loo.py-2019.1-py3-none-any.whl/loopy/__init__.py
meshmode-2016.1-py3-none-any.whl/meshmode/__init__.py
leap-2019.5-py3-none-any.whl/leap/__init__.py
dagrt-2019.4-py3-none-any.whl/dagrt/__init__.py
grudge-2015.1-py3-none-any.whl/grudge/__init__.py
loo.py-2019.1-py3-none-any.whl/loopy/__init__.py
meshmode-2016.1-py3-none-any.whl/meshmode/__init__.py
leap-2019.5-py3-none-any.whl/leap/__init__.py
dagrt-2019.4-py3-none-any.whl/dagrt/__init__.py
grudge-2015.1-py3-none-any.whl/grudge/__init__.py
loo.py-2019.1-py3-none-any.whl/loopy/__init__.py
meshmode-2016.1-py3-none-any.whl/meshmode/__init__.py
leap-2019.5-py3-none-any.whl/leap/__init__.py
dagrt-2019.4-py3-none-any.whl/dagrt/__init__.py
grudge-2015.1-py3-none-any.whl/grudge/__init__.py
loo.py-2019.1-py3-none-any.whl/loopy/__init__.py
meshmode-2016.1-py3-none-any.whl/meshmode/__init__.py
leap-2019.5-py3-none-any.whl/leap/__init__.py
dagrt-2019.4-py3-none-any.whl/dagrt/__init__.py
grudge-2015.1-py3-none-any.whl/grudge/__init__.py
loo.py-2019.1-py3-none-any.whl/loopy/__init__.py
meshmode-2016.1-py3-none-any.whl/meshmode/__init__.py
leap-2019.5-py3-none-any.whl/leap/__init__.py
dagrt-2019.4-py3-none-any.whl/dagrt/__init__.py
grudge-2015.1-py3-none-any.whl/grudge/__init__.py
loo.py-2019.1-py3-none-any.whl/loopy/__init__.py
meshmode-2016.1-py3-none-any.whl/meshmode/__init__.py
leap-2019.5-py3-none-any.whl/leap/__init__.py
dagrt-2019.4-py3-none-any.whl/dagrt/__init__.py
grudge-2015.1-py3-none-any.whl/grudge/__init__.py
loo.py-2019.1-py3-none-any.whl/loopy/__init__.py
meshmode-2016.1-py3-none-any.whl/meshmode/__init__.py
leap-2019.5-py3-none-any.whl/leap/__init__.py
dagrt-2019.4-py3-none-any.whl/dagrt/__init__.py
grudge-2015.1-py3-none-any.whl/grudge/__init__.py
loo.py-2019.1-py3-none-any.whl/loopy/__init__.py
meshmode-2016.1-py3-none-any.whl/meshmode/__init__.py
leap-2019.5-py3-none-any.whl/leap/__init__.py
dagrt-2019.4-py3-none-any.whl/dagrt/__init__.py
grudge-2015.1-py3-none-any.whl/grudge/__init__.py
loo.py-2019.1-py3-none-any.whl/loopy/__init__.py
meshmode-2016.1-py3-none-any.whl/meshmode/__init__.py
leap-2019.5-py3-none-any.whl/leap/__init__.py
dagrt-2019.4-py3-none-any.whl/dagrt/__init__.py
grudge-2015.1-py3-none-any.whl/grudge/__init__.py
loo.py-2019.1-py3-none-any.whl/loopy/__init__.py
meshmode-2016.1-py3-none-any.whl/meshmode/__init__.py
leap-2019.5-py3-none-any.whl/leap/__init__.py
dagrt-2019.4-py3-none-any.whl/dagrt/__init__.py
grudge-2015.1-py3-none-any.whl/grudge/__init__.py
loo.py-2019.1-py3-none-any.whl/loopy/__init__.py
meshmode-2016.1-py3-none-any.whl/meshmode/__init__.py
leap-2019.5-py3-none-any.whl/leap/__init__.py
dagrt-2019.4-py3-none-any.whl/dagrt/__init__.py
grudge-2015.1-py3-none-any.whl/grudge/__init__.py
loo.py-2019.1-py3-none-any.whl/loopy/__init__.py
meshmode-2016.1-py3-none-any.whl/meshmode/__init__.py
leap-2019.5-py3-none-any.whl/leap/__init__.py
dagrt-2019.4-py3-none-any.whl/dagrt/__init__.py
grudge-2015.1-py3-none-any.whl/grudge/__init__.py
loo.py-2019.1-py3-none-any.whl/loopy/__init__.py
meshmode-2016.1-py3-none-any.whl/meshmode/__init__.py
leap-2019.5-py3-none-any.whl/leap/__init__.py
dagrt-2019.4-py3-none-any.whl/dagrt/__init__.py
grudge-2015.1-py3-none-any.whl/grudge/__init__.py
loo.py-2019.1-py3-none-any.whl/loopy/__init__.py
meshmode-2016.1-py3-none-any.whl/meshmode/__init__.py
leap-2019.5-py3-none-any.whl/leap/__init__.py
dagrt-2019.4-py3-none-any.whl/dagrt/__init__.py
grudge-2015.1-py3-none-any.whl/grudge/__init__.py
loo.py-2019.1-py3-none-any.whl/loopy/__init__.py
meshmode-2016.1-py3-none-any.whl/meshmode/__init__.py
leap-2019.5-py3-none-any.whl/leap/__init__.py
dagrt-2019.4-py3-none-any.whl/dagrt/__init__.py
grudge-2015.1-py3-none-any.whl/grudge/__init__.py
loo.py-2019.1-py3-none-any.whl/loopy/__init__.py
meshmode-2016.1-py3-none-any.whl/meshmode/__init__.py
leap-2019.5-py3-none-any.whl/leap/__init__.py
/var/spool/slurmd/job5443161/slurm_script: line 27: ddiff: command not found
/var/spool/slurmd/job5443161/slurm_script: line 28: ddiff: command not found
Done
