16
srun: Warning: can't run 1 processes on 16 nodes, setting nnodes to 1
19:38:49.088372
Rank  0 / 1
3.7.2 (default, Feb 26 2019, 08:59:10) 
[GCC 4.9.3]
16
19:38:53.693768
Rank  0 / 16
3.7.2 (default, Feb 26 2019, 08:59:10) 
[GCC 4.9.3]
16
19:38:55.491131
Rank  0 / 16
3.7.2 (default, Feb 26 2019, 08:59:10) 
[GCC 4.9.3]
16
19:38:57.325274
Rank  0 / 16
3.7.2 (default, Feb 26 2019, 08:59:10) 
[GCC 4.9.3]
16
19:38:58.937454
Rank  0 / 16
3.7.2 (default, Feb 26 2019, 08:59:10) 
[GCC 4.9.3]
16
19:39:00.532227
Rank  0 / 16
3.7.2 (default, Feb 26 2019, 08:59:10) 
[GCC 4.9.3]
16
19:39:02.365237
Rank  0 / 16
3.7.2 (default, Feb 26 2019, 08:59:10) 
[GCC 4.9.3]
16
19:39:04.153271
Rank  0 / 16
3.7.2 (default, Feb 26 2019, 08:59:10) 
[GCC 4.9.3]
16
19:39:05.835286
Rank  0 / 16
3.7.2 (default, Feb 26 2019, 08:59:10) 
[GCC 4.9.3]
16
19:39:07.460899
Rank  0 / 16
3.7.2 (default, Feb 26 2019, 08:59:10) 
[GCC 4.9.3]
16
19:39:09.077392
Rank  0 / 16
3.7.2 (default, Feb 26 2019, 08:59:10) 
[GCC 4.9.3]
32
19:39:10.644677
Rank  0 / 32
3.7.2 (default, Feb 26 2019, 08:59:10) 
[GCC 4.9.3]
32
19:39:12.353840
Rank  0 / 32
3.7.2 (default, Feb 26 2019, 08:59:10) 
[GCC 4.9.3]
32
19:39:14.018354
Rank  0 / 32
3.7.2 (default, Feb 26 2019, 08:59:10) 
[GCC 4.9.3]
32
19:39:15.841084
Rank  0 / 32
3.7.2 (default, Feb 26 2019, 08:59:10) 
[GCC 4.9.3]
32
19:39:17.736861
Rank  0 / 32
3.7.2 (default, Feb 26 2019, 08:59:10) 
[GCC 4.9.3]
32
19:39:19.488432
Rank  0 / 32
3.7.2 (default, Feb 26 2019, 08:59:10) 
[GCC 4.9.3]
32
19:39:21.181467
Rank  0 / 32
3.7.2 (default, Feb 26 2019, 08:59:10) 
[GCC 4.9.3]
32
19:39:22.856922
Rank  0 / 32
3.7.2 (default, Feb 26 2019, 08:59:10) 
[GCC 4.9.3]
32
19:39:24.542186
Rank  0 / 32
3.7.2 (default, Feb 26 2019, 08:59:10) 
[GCC 4.9.3]
32
19:39:26.231378
Rank  0 / 32
3.7.2 (default, Feb 26 2019, 08:59:10) 
[GCC 4.9.3]
64
19:39:27.962036
Rank  0 / 64
3.7.2 (default, Feb 26 2019, 08:59:10) 
[GCC 4.9.3]
64
19:39:29.740227
Rank  0 / 64
3.7.2 (default, Feb 26 2019, 08:59:10) 
[GCC 4.9.3]
64
19:39:31.469590
Rank  0 / 64
3.7.2 (default, Feb 26 2019, 08:59:10) 
[GCC 4.9.3]
64
19:39:33.255704
Rank  0 / 64
3.7.2 (default, Feb 26 2019, 08:59:10) 
[GCC 4.9.3]
64
19:39:36.349040
Rank  0 / 64
3.7.2 (default, Feb 26 2019, 08:59:10) 
[GCC 4.9.3]
64
19:39:38.660098
Rank  0 / 64
3.7.2 (default, Feb 26 2019, 08:59:10) 
[GCC 4.9.3]
64
19:39:41.415624
Rank  0 / 64
3.7.2 (default, Feb 26 2019, 08:59:10) 
[GCC 4.9.3]
64
19:39:43.629112
Rank  0 / 64
3.7.2 (default, Feb 26 2019, 08:59:10) 
[GCC 4.9.3]
64
19:39:46.413839
Rank  0 / 64
3.7.2 (default, Feb 26 2019, 08:59:10) 
[GCC 4.9.3]
64
19:39:48.602537
Rank  0 / 64
3.7.2 (default, Feb 26 2019, 08:59:10) 
[GCC 4.9.3]
128
19:39:51.532116
Rank  0 / 128
3.7.2 (default, Feb 26 2019, 08:59:10) 
[GCC 4.9.3]
128
19:39:53.996291
Rank  0 / 128
3.7.2 (default, Feb 26 2019, 08:59:10) 
[GCC 4.9.3]
128
19:39:56.507728
Rank  0 / 128
3.7.2 (default, Feb 26 2019, 08:59:10) 
[GCC 4.9.3]
128
19:39:59.111194
Rank  0 / 128
3.7.2 (default, Feb 26 2019, 08:59:10) 
[GCC 4.9.3]
128
19:40:01.625956
Rank  0 / 128
3.7.2 (default, Feb 26 2019, 08:59:10) 
[GCC 4.9.3]
128
19:40:04.293724
Rank  0 / 128
3.7.2 (default, Feb 26 2019, 08:59:10) 
[GCC 4.9.3]
128
19:40:06.646122
Rank  0 / 128
3.7.2 (default, Feb 26 2019, 08:59:10) 
[GCC 4.9.3]
128
19:40:08.852236
Rank  0 / 128
3.7.2 (default, Feb 26 2019, 08:59:10) 
[GCC 4.9.3]
128
19:40:11.651404
Rank  0 / 128
3.7.2 (default, Feb 26 2019, 08:59:10) 
[GCC 4.9.3]
128
19:40:14.020256
Rank  0 / 128
3.7.2 (default, Feb 26 2019, 08:59:10) 
[GCC 4.9.3]
256
19:40:17.050090
Rank  0 / 256
3.7.2 (default, Feb 26 2019, 08:59:10) 
[GCC 4.9.3]
256
19:40:20.027831
Rank  0 / 256
3.7.2 (default, Feb 26 2019, 08:59:10) 
[GCC 4.9.3]
256
19:40:23.354364
Rank  0 / 256
3.7.2 (default, Feb 26 2019, 08:59:10) 
[GCC 4.9.3]
256
19:40:26.293147
Rank  0 / 256
3.7.2 (default, Feb 26 2019, 08:59:10) 
[GCC 4.9.3]
256
19:40:29.058916
Rank  0 / 256
3.7.2 (default, Feb 26 2019, 08:59:10) 
[GCC 4.9.3]
256
19:40:32.446505
Rank  0 / 256
3.7.2 (default, Feb 26 2019, 08:59:10) 
[GCC 4.9.3]
256
19:40:35.471633
Rank  0 / 256
3.7.2 (default, Feb 26 2019, 08:59:10) 
[GCC 4.9.3]
256
19:40:38.208775
Rank  0 / 256
3.7.2 (default, Feb 26 2019, 08:59:10) 
[GCC 4.9.3]
256
19:40:40.968320
Rank  0 / 256
3.7.2 (default, Feb 26 2019, 08:59:10) 
[GCC 4.9.3]
256
19:40:43.854174
Rank  0 / 256
3.7.2 (default, Feb 26 2019, 08:59:10) 
[GCC 4.9.3]
512
19:40:48.090782
Rank  0 / 512
3.7.2 (default, Feb 26 2019, 08:59:10) 
[GCC 4.9.3]
512
19:40:52.538770
Rank  0 / 512
3.7.2 (default, Feb 26 2019, 08:59:10) 
[GCC 4.9.3]
512
19:40:57.101266
Rank  0 / 512
3.7.2 (default, Feb 26 2019, 08:59:10) 
[GCC 4.9.3]
512
19:41:01.552371
Rank  0 / 512
3.7.2 (default, Feb 26 2019, 08:59:10) 
[GCC 4.9.3]
512
19:41:05.907336
Rank  0 / 512
3.7.2 (default, Feb 26 2019, 08:59:10) 
[GCC 4.9.3]
512
19:41:10.421523
Rank  0 / 512
3.7.2 (default, Feb 26 2019, 08:59:10) 
[GCC 4.9.3]
512
19:41:14.806016
Rank  0 / 512
3.7.2 (default, Feb 26 2019, 08:59:10) 
[GCC 4.9.3]
512
19:41:19.182351
Rank  0 / 512
3.7.2 (default, Feb 26 2019, 08:59:10) 
[GCC 4.9.3]
512
19:41:23.411151
Rank  0 / 512
3.7.2 (default, Feb 26 2019, 08:59:10) 
[GCC 4.9.3]
512
19:41:29.565718
Rank  0 / 512
3.7.2 (default, Feb 26 2019, 08:59:10) 
[GCC 4.9.3]
Done
