8
srun: Warning: can't run 1 processes on 8 nodes, setting nnodes to 1
19:32:18.654108
Rank  0 / 1
3.7.2 (default, Feb 26 2019, 08:59:10) 
[GCC 4.9.3]
8
19:32:23.072251
Rank  0 / 8
3.7.2 (default, Feb 26 2019, 08:59:10) 
[GCC 4.9.3]
8
19:32:24.981042
Rank  0 / 8
3.7.2 (default, Feb 26 2019, 08:59:10) 
[GCC 4.9.3]
8
19:32:26.756603
Rank  0 / 8
3.7.2 (default, Feb 26 2019, 08:59:10) 
[GCC 4.9.3]
8
19:32:28.341399
Rank  0 / 8
3.7.2 (default, Feb 26 2019, 08:59:10) 
[GCC 4.9.3]
8
19:32:29.911615
Rank  0 / 8
3.7.2 (default, Feb 26 2019, 08:59:10) 
[GCC 4.9.3]
8
19:32:31.672851
Rank  0 / 8
3.7.2 (default, Feb 26 2019, 08:59:10) 
[GCC 4.9.3]
8
19:32:33.427523
Rank  0 / 8
3.7.2 (default, Feb 26 2019, 08:59:10) 
[GCC 4.9.3]
8
19:32:35.058294
Rank  0 / 8
3.7.2 (default, Feb 26 2019, 08:59:10) 
[GCC 4.9.3]
8
19:32:36.636152
Rank  0 / 8
3.7.2 (default, Feb 26 2019, 08:59:10) 
[GCC 4.9.3]
8
19:32:38.197843
Rank  0 / 8
3.7.2 (default, Feb 26 2019, 08:59:10) 
[GCC 4.9.3]
16
19:32:39.727419
Rank  0 / 16
3.7.2 (default, Feb 26 2019, 08:59:10) 
[GCC 4.9.3]
16
19:32:41.366147
Rank  0 / 16
3.7.2 (default, Feb 26 2019, 08:59:10) 
[GCC 4.9.3]
16
19:32:42.984811
Rank  0 / 16
3.7.2 (default, Feb 26 2019, 08:59:10) 
[GCC 4.9.3]
16
19:32:44.814157
Rank  0 / 16
3.7.2 (default, Feb 26 2019, 08:59:10) 
[GCC 4.9.3]
16
19:32:46.589295
Rank  0 / 16
3.7.2 (default, Feb 26 2019, 08:59:10) 
[GCC 4.9.3]
16
19:32:48.293762
Rank  0 / 16
3.7.2 (default, Feb 26 2019, 08:59:10) 
[GCC 4.9.3]
16
19:32:49.913048
Rank  0 / 16
3.7.2 (default, Feb 26 2019, 08:59:10) 
[GCC 4.9.3]
16
19:32:51.523850
Rank  0 / 16
3.7.2 (default, Feb 26 2019, 08:59:10) 
[GCC 4.9.3]
16
19:32:53.223010
Rank  0 / 16
3.7.2 (default, Feb 26 2019, 08:59:10) 
[GCC 4.9.3]
16
19:32:54.851128
Rank  0 / 16
3.7.2 (default, Feb 26 2019, 08:59:10) 
[GCC 4.9.3]
32
19:32:56.542542
Rank  0 / 32
3.7.2 (default, Feb 26 2019, 08:59:10) 
[GCC 4.9.3]
32
19:32:58.282752
Rank  0 / 32
3.7.2 (default, Feb 26 2019, 08:59:10) 
[GCC 4.9.3]
32
19:32:59.969403
Rank  0 / 32
3.7.2 (default, Feb 26 2019, 08:59:10) 
[GCC 4.9.3]
32
19:33:01.706460
Rank  0 / 32
3.7.2 (default, Feb 26 2019, 08:59:10) 
[GCC 4.9.3]
32
19:33:03.397076
Rank  0 / 32
3.7.2 (default, Feb 26 2019, 08:59:10) 
[GCC 4.9.3]
32
19:33:05.130285
Rank  0 / 32
3.7.2 (default, Feb 26 2019, 08:59:10) 
[GCC 4.9.3]
32
19:33:06.818205
Rank  0 / 32
3.7.2 (default, Feb 26 2019, 08:59:10) 
[GCC 4.9.3]
32
19:33:08.540349
Rank  0 / 32
3.7.2 (default, Feb 26 2019, 08:59:10) 
[GCC 4.9.3]
32
19:33:10.419840
Rank  0 / 32
3.7.2 (default, Feb 26 2019, 08:59:10) 
[GCC 4.9.3]
32
19:33:12.163965
Rank  0 / 32
3.7.2 (default, Feb 26 2019, 08:59:10) 
[GCC 4.9.3]
64
19:33:14.183305
Rank  0 / 64
3.7.2 (default, Feb 26 2019, 08:59:10) 
[GCC 4.9.3]
64
19:33:17.532582
Rank  0 / 64
3.7.2 (default, Feb 26 2019, 08:59:10) 
[GCC 4.9.3]
64
19:33:20.102618
Rank  0 / 64
3.7.2 (default, Feb 26 2019, 08:59:10) 
[GCC 4.9.3]
64
19:33:22.553774
Rank  0 / 64
3.7.2 (default, Feb 26 2019, 08:59:10) 
[GCC 4.9.3]
64
19:33:25.108069
Rank  0 / 64
3.7.2 (default, Feb 26 2019, 08:59:10) 
[GCC 4.9.3]
64
19:33:27.535767
Rank  0 / 64
3.7.2 (default, Feb 26 2019, 08:59:10) 
[GCC 4.9.3]
64
19:33:29.908339
Rank  0 / 64
3.7.2 (default, Feb 26 2019, 08:59:10) 
[GCC 4.9.3]
64
19:33:32.425307
Rank  0 / 64
3.7.2 (default, Feb 26 2019, 08:59:10) 
[GCC 4.9.3]
64
19:33:34.946988
Rank  0 / 64
3.7.2 (default, Feb 26 2019, 08:59:10) 
[GCC 4.9.3]
64
19:33:37.428351
Rank  0 / 64
3.7.2 (default, Feb 26 2019, 08:59:10) 
[GCC 4.9.3]
128
19:33:40.591402
Rank  0 / 128
3.7.2 (default, Feb 26 2019, 08:59:10) 
[GCC 4.9.3]
128
19:33:43.172475
Rank  0 / 128
3.7.2 (default, Feb 26 2019, 08:59:10) 
[GCC 4.9.3]
128
19:33:45.771700
Rank  0 / 128
3.7.2 (default, Feb 26 2019, 08:59:10) 
[GCC 4.9.3]
128
19:33:48.290051
Rank  0 / 128
3.7.2 (default, Feb 26 2019, 08:59:10) 
[GCC 4.9.3]
128
19:33:50.863316
Rank  0 / 128
3.7.2 (default, Feb 26 2019, 08:59:10) 
[GCC 4.9.3]
128
19:33:53.580903
Rank  0 / 128
3.7.2 (default, Feb 26 2019, 08:59:10) 
[GCC 4.9.3]
128
19:33:56.144242
Rank  0 / 128
3.7.2 (default, Feb 26 2019, 08:59:10) 
[GCC 4.9.3]
128
19:33:59.033971
Rank  0 / 128
3.7.2 (default, Feb 26 2019, 08:59:10) 
[GCC 4.9.3]
128
19:34:01.813823
Rank  0 / 128
3.7.2 (default, Feb 26 2019, 08:59:10) 
[GCC 4.9.3]
128
19:34:04.407318
Rank  0 / 128
3.7.2 (default, Feb 26 2019, 08:59:10) 
[GCC 4.9.3]
256
19:34:08.184235
Rank  0 / 256
3.7.2 (default, Feb 26 2019, 08:59:10) 
[GCC 4.9.3]
256
19:34:12.003083
Rank  0 / 256
3.7.2 (default, Feb 26 2019, 08:59:10) 
[GCC 4.9.3]
256
19:34:15.889052
Rank  0 / 256
3.7.2 (default, Feb 26 2019, 08:59:10) 
[GCC 4.9.3]
256
19:34:19.758096
Rank  0 / 256
3.7.2 (default, Feb 26 2019, 08:59:10) 
[GCC 4.9.3]
256
19:34:23.852056
Rank  0 / 256
3.7.2 (default, Feb 26 2019, 08:59:10) 
[GCC 4.9.3]
256
19:34:27.738700
Rank  0 / 256
3.7.2 (default, Feb 26 2019, 08:59:10) 
[GCC 4.9.3]
256
19:34:31.661833
Rank  0 / 256
3.7.2 (default, Feb 26 2019, 08:59:10) 
[GCC 4.9.3]
256
19:34:35.520241
Rank  0 / 256
3.7.2 (default, Feb 26 2019, 08:59:10) 
[GCC 4.9.3]
256
19:34:39.490496
Rank  0 / 256
3.7.2 (default, Feb 26 2019, 08:59:10) 
[GCC 4.9.3]
256
19:34:43.289366
Rank  0 / 256
3.7.2 (default, Feb 26 2019, 08:59:10) 
[GCC 4.9.3]
Done
