1024
srun: Warning: can't run 1 processes on 1024 nodes, setting nnodes to 1
05:13:54.113818
Rank  0 / 1
3.7.2 (default, Feb 26 2019, 08:59:10) 
[GCC 4.9.3]
1024
05:30:02.108474
Rank  0 / 1024
3.7.2 (default, Feb 26 2019, 08:59:10) 
[GCC 4.9.3]
srun: First task exited 30s ago
srun: step:5354930.1 task 931: running
srun: step:5354930.1 tasks 0-930,932-1023: exited
srun: Terminating job step 5354930.1
srun: Job step aborted: Waiting up to 62 seconds for job step to finish.
srun: error: Timed out waiting for job step to complete
1024
srun: error: timeout waiting for task launch, started 1023 of 1024 tasks
srun: Job step 5354930.2 aborted before step completely launched.
srun: Job step aborted: Waiting up to 62 seconds for job step to finish.
slurmstepd: error: *** STEP 5354930.2 ON quartz47 CANCELLED AT 2020-06-05T05:41:34 ***
srun: error: quartz602: task 194: Killed
srun: error: quartz1159: task 383: Killed
srun: error: quartz536: task 167: Killed
srun: error: quartz1688: task 599: Killed
srun: error: quartz1208: task 410: Killed
srun: error: quartz1736: task 626: Killed
srun: error: quartz419: task 127: Killed
srun: error: quartz2290: task 842: Killed
srun: error: quartz488: task 154: Killed
srun: error: quartz1080: task 370: Killed
srun: error: quartz962: task 343: Killed
srun: error: quartz2197: task 815: Killed
srun: error: quartz1600: task 559: Killed
srun: error: quartz2079: task 775: Killed
srun: error: quartz363: task 114: Killed
srun: error: quartz1666: task 586: Killed
srun: error: quartz2968: task 991: Killed
srun: error: quartz294: task 87: Killed
srun: error: quartz2161: task 802: Killed
srun: error: quartz943: task 330: Killed
srun: error: quartz2701: task 924: Killed
srun: error: quartz2897: task 964: Killed
srun: error: quartz854: task 303: Killed
srun: error: quartz604: task 196: Killed
srun: error: quartz1505: task 519: Killed
srun: error: quartz1870: task 708: Killed
srun: error: quartz199: task 47: Killed
srun: error: quartz1446: task 492: Killed
srun: error: quartz1808: task 668: Killed
srun: error: quartz758: task 263: Killed
srun: error: quartz2824: task 951: Killed
srun: error: quartz1851: task 695: Killed
srun: error: quartz1911: task 735: Killed
srun: error: quartz683: task 236: Killed
srun: error: quartz1425: task 479: Killed
srun: error: quartz1352: task 452: Killed
srun: error: quartz54: task 7: Killed
srun: error: quartz2443: task 884: Killed
srun: error: quartz1738: task 628: Killed
srun: error: quartz2680: task 911: Killed
srun: error: quartz1299: task 439: Killed
srun: error: quartz1220: task 412: Killed
srun: error: quartz655: task 223: Killed
srun: error: quartz2202: task 817: Killed
srun: error: quartz2338: task 844: Killed
srun: error: quartz1602: task 561: Killed
srun: error: quartz2163: task 804: Killed
srun: error: quartz502: task 156: Killed
srun: error: quartz1781: task 655: Killed
srun: error: quartz965: task 345: Killed
srun: error: quartz1082: task 372: Killed
srun: error: quartz574: task 183: Killed
srun: error: quartz2081: task 777: Killed
srun: error: quartz1668: task 588: Killed
srun: error: quartz2974: task 993: Killed
srun: error: quartz299: task 89: Killed
srun: error: quartz3052: task 1020: Killed
srun: error: quartz366: task 116: Killed
srun: error: quartz945: task 332: Killed
srun: error: quartz1572: task 548: Killed
srun: error: quartz860: task 305: Killed
srun: error: quartz1913: task 737: Killed
srun: error: quartz1507: task 521: Killed
srun: error: quartz258: task 76: Killed
srun: error: quartz207: task 49: Killed
srun: error: quartz2685: task 913: Killed
srun: error: quartz2945: task 980: Killed
srun: error: quartz2006: task 764: Killed
srun: error: quartz2829: task 953: Killed
srun: error: quartz1810: task 670: Killed
srun: error: quartz1853: task 697: Killed
srun: error: quartz776: task 265: Killed
srun: error: quartz827: task 292: Killed
srun: error: quartz1427: task 481: Killed
srun: error: quartz64: task 9: Killed
srun: error: quartz666: task 225: Killed
srun: error: quartz1301: task 441: Killed
srun: error: quartz1480: task 508: Killed
srun: error: quartz2445: task 886: Killed
srun: error: quartz170: task 36: Killed
srun: error: quartz2340: task 846: Killed
srun: error: quartz1746: task 630: Killed
srun: error: quartz1222: task 414: Killed
srun: error: quartz1783: task 657: Killed
srun: error: quartz504: task 158: Killed
srun: error: quartz2397: task 873: Killed
srun: error: quartz2236: task 833: Killed
srun: error: quartz1714: task 617: Killed
srun: error: quartz1188: task 401: Killed
srun: error: quartz576: task 185: Killed
srun: error: quartz1672: task 590: Killed
srun: error: quartz1085: task 374: Killed
srun: error: quartz1574: task 550: Killed
srun: error: quartz368: task 118: Killed
srun: error: quartz457: task 145: Killed
srun: error: quartz2165: task 806: Killed
srun: error: quartz947: task 334: Killed
srun: error: quartz2976: task 995: Killed
srun: error: quartz982: task 361: Killed
srun: error: quartz3054: task 1022: Killed
srun: error: quartz1510: task 523: Killed
srun: error: quartz2008: task 766: Killed
srun: error: quartz267: task 78: Killed
srun: error: quartz778: task 267: Killed
srun: error: quartz2831: task 955: Killed
srun: error: quartz2687: task 915: Killed
srun: error: quartz2947: task 982: Killed
srun: error: quartz1855: task 699: Killed
srun: error: quartz1927: task 739: Killed
srun: error: quartz1430: task 483: Killed
srun: error: quartz1482: task 510: Killed
srun: error: quartz839: task 294: Killed
srun: error: quartz2803: task 942: Killed
srun: error: quartz1896: task 726: Killed
srun: error: quartz583: task 187: Killed
srun: error: quartz1311: task 443: Killed
srun: error: quartz2342: task 848: Killed
srun: error: quartz671: task 227: Killed
srun: error: quartz66: task 11: Killed
srun: error: quartz738: task 254: Killed
srun: error: quartz172: task 38: Killed
srun: error: quartz1839: task 686: Killed
srun: error: quartz1402: task 470: Killed
srun: error: quartz1785: task 659: Killed
srun: error: quartz1723: task 619: Killed
srun: error: quartz2399: task 875: Killed
srun: error: quartz641: task 214: Killed
srun: error: quartz1676: task 592: Killed
srun: error: quartz1190: task 403: Killed
srun: error: quartz2238: task 835: Killed
srun: error: quartz398: task 120: Killed
srun: error: quartz995: task 363: Killed
srun: error: quartz459: task 147: Killed
srun: error: quartz1593: task 552: Killed
srun: error: quartz1548: task 539: Killed
srun: error: quartz2167: task 808: Killed
srun: error: quartz949: task 336: Killed
srun: error: quartz3015: task 1011: Killed
srun: error: quartz1658: task 579: Killed
srun: error: quartz1863: task 701: Killed
srun: error: quartz2010: task 768: Killed
srun: error: quartz2949: task 984: Killed
srun: error: quartz2134: task 795: Killed
srun: error: quartz2694: task 917: Killed
srun: error: quartz335: task 107: Killed
srun: error: quartz270: task 80: Killed
srun: error: quartz1484: task 512: Killed
srun: error: quartz841: task 296: Killed
srun: error: quartz905: task 323: Killed
srun: error: quartz240: task 67: Killed
srun: error: quartz1898: task 728: Killed
srun: error: quartz592: task 189: Killed
srun: error: quartz1407: task 472: Killed
srun: error: quartz2805: task 944: Killed
srun: error: quartz1313: task 445: Killed
srun: error: quartz740: task 256: Killed
srun: error: quartz180: task 40: Killed
srun: error: quartz1841: task 688: Killed
srun: error: quartz1787: task 661: Killed
srun: error: quartz1730: task 621: Killed
srun: error: quartz1767: task 648: Killed
srun: error: quartz2673: task 904: Killed
srun: error: quartz1660: task 581: Killed
srun: error: quartz2407: task 877: Killed
srun: error: quartz644: task 216: Killed
srun: error: quartz47: task 0: Killed
srun: error: quartz2240: task 837: Killed
srun: error: quartz1202: task 405: Killed
srun: error: quartz1274: task 432: Killed
srun: error: quartz2360: task 864: Killed
srun: error: quartz1595: task 554: Killed
srun: error: quartz477: task 149: Killed
srun: error: quartz561: task 176: Killed
srun: error: quartz997: task 365: Killed
srun: error: quartz1550: task 541: Killed
srun: error: quartz1172: task 392: Killed
srun: error: quartz2012: task 770: Killed
srun: error: quartz352: task 109: Killed
srun: error: quartz1491: task 514: Killed
srun: error: quartz1982: task 757: Killed
srun: error: quartz2136: task 797: Killed
srun: error: quartz3017: task 1013: Killed
srun: error: quartz907: task 325: Killed
srun: error: quartz2958: task 986: Killed
srun: error: quartz845: task 298: Killed
srun: error: quartz1902: task 730: Killed
srun: error: quartz2817: task 946: Killed
srun: error: quartz243: task 69: Killed
srun: error: quartz2922: task 973: Killed
srun: error: quartz2675: task 906: Killed
srun: error: quartz1844: task 690: Killed
srun: error: quartz743: task 258: Killed
srun: error: quartz193: task 42: Killed
srun: error: quartz1409: task 474: Killed
srun: error: quartz1879: task 717: Killed
srun: error: quartz1465: task 501: Killed
srun: error: quartz815: task 285: Killed
srun: error: quartz2247: task 839: Killed
srun: error: quartz1732: task 623: Killed
srun: error: quartz2362: task 866: Killed
srun: error: quartz122: task 29: Killed
srun: error: quartz720: task 245: Killed
srun: error: quartz49: task 2: Killed
srun: error: quartz646: task 218: Killed
srun: error: quartz2409: task 879: Killed
srun: error: quartz1276: task 434: Killed
srun: error: quartz1769: task 650: Killed
srun: error: quartz1662: task 583: Killed
srun: error: quartz563: task 178: Killed
srun: error: quartz482: task 151: Killed
srun: error: quartz1015: task 367: Killed
srun: error: quartz2214: task 826: Killed
srun: error: quartz1707: task 610: Killed
srun: error: quartz1174: task 394: Killed
srun: error: quartz1642: task 570: Killed
srun: error: quartz1991: task 759: Killed
srun: error: quartz354: task 111: Killed
srun: error: quartz446: task 138: Killed
srun: error: quartz2143: task 799: Killed
srun: error: quartz3038: task 1015: Killed
srun: error: quartz975: task 354: Killed
srun: error: quartz1553: task 543: Killed
srun: error: quartz916: task 327: Killed
srun: error: quartz1846: task 692: Killed
srun: error: quartz253: task 71: Killed
srun: error: quartz1904: task 732: Killed
srun: error: quartz2931: task 975: Killed
srun: error: quartz322: task 98: Killed
srun: error: quartz1888: task 719: Killed
srun: error: quartz2819: task 948: Killed
srun: error: quartz2757: task 935: Killed
srun: error: quartz817: task 287: Killed
srun: error: quartz1421: task 476: Killed
srun: error: quartz2677: task 908: Killed
srun: error: quartz1475: task 503: Killed
srun: error: quartz144: task 31: Killed
srun: error: quartz51: task 4: Killed
srun: error: quartz2364: task 868: Killed
srun: error: quartz2544: task 895: Killed
srun: error: quartz648: task 220: Killed
srun: error: quartz1827: task 679: Killed
srun: error: quartz1391: task 463: Killed
srun: error: quartz722: task 247: Killed
srun: error: quartz1278: task 436: Killed
srun: error: quartz1709: task 612: Killed
srun: error: quartz2216: task 828: Killed
srun: error: quartz625: task 207: Killed
srun: error: quartz1252: task 423: Killed
srun: error: quartz1176: task 396: Killed
srun: error: quartz565: task 180: Killed
srun: error: quartz1778: task 652: Killed
srun: error: quartz448: task 140: Killed
srun: error: quartz2145: task 801: Killed
srun: error: quartz1555: task 545: Killed
srun: error: quartz2996: task 1004: Killed
srun: error: quartz977: task 356: Killed
srun: error: quartz918: task 329: Killed
srun: error: quartz3040: task 1017: Killed
srun: error: quartz2122: task 788: Killed
srun: error: quartz1644: task 572: Killed
srun: error: quartz2003: task 761: Killed
srun: error: quartz2933: task 977: Killed
srun: error: quartz255: task 73: Killed
srun: error: quartz1891: task 721: Killed
srun: error: quartz875: task 316: Killed
srun: error: quartz324: task 100: Killed
srun: error: quartz824: task 289: Killed
srun: error: quartz1521: task 532: Killed
srun: error: quartz1477: task 505: Killed
srun: error: quartz1829: task 681: Killed
srun: error: quartz1949: task 748: Killed
srun: error: quartz2366: task 870: Killed
srun: error: quartz2679: task 910: Killed
srun: error: quartz2786: task 937: Killed
srun: error: quartz227: task 60: Killed
srun: error: quartz1393: task 465: Killed
srun: error: quartz730: task 249: Killed
srun: error: quartz156: task 33: Killed
srun: error: quartz803: task 276: Killed
srun: error: quartz1711: task 614: Killed
srun: error: quartz2546: task 897: Killed
srun: error: quartz573: task 182: Killed
srun: error: quartz1780: task 654: Killed
srun: error: quartz81: task 20: Killed
srun: error: quartz1758: task 641: Killed
srun: error: quartz631: task 209: Killed
srun: error: quartz1185: task 398: Killed
srun: error: quartz1254: task 425: Killed
srun: error: quartz2351: task 857: Killed
srun: error: quartz2230: task 830: Killed
srun: error: quartz541: task 169: Killed
srun: error: quartz1690: task 601: Killed
srun: error: quartz452: task 142: Killed
srun: error: quartz1161: task 385: Killed
srun: error: quartz979: task 358: Killed
srun: error: quartz2124: task 790: Killed
srun: error: quartz1646: task 574: Killed
srun: error: quartz1893: task 723: Killed
srun: error: quartz2999: task 1006: Killed
srun: error: quartz2944: task 979: Killed
srun: error: quartz329: task 102: Killed
srun: error: quartz422: task 129: Killed
srun: error: quartz877: task 318: Killed
srun: error: quartz1529: task 534: Killed
srun: error: quartz1479: task 507: Killed
srun: error: quartz1872: task 710: Killed
srun: error: quartz1835: task 683: Killed
srun: error: quartz165: task 35: Killed
srun: error: quartz2788: task 939: Killed
srun: error: quartz1399: task 467: Killed
srun: error: quartz732: task 251: Killed
srun: error: quartz807: task 278: Killed
srun: error: quartz1966: task 750: Killed
srun: error: quartz1449: task 494: Killed
srun: error: quartz2899: task 966: Killed
srun: error: quartz2232: task 832: Killed
srun: error: quartz2354: task 859: Killed
srun: error: quartz2714: task 926: Killed
srun: error: quartz607: task 198: Killed
srun: error: quartz634: task 211: Killed
srun: error: quartz95: task 22: Killed
srun: error: quartz1760: task 643: Killed
srun: error: quartz685: task 238: Killed
srun: error: quartz1257: task 427: Killed
srun: error: quartz2558: task 899: Killed
srun: error: quartz232: task 62: Killed
srun: error: quartz1370: task 454: Killed
srun: error: quartz546: task 171: Killed
srun: error: quartz981: task 360: Killed
srun: error: quartz1163: task 387: Killed
srun: error: quartz3012: task 1008: Killed
srun: error: quartz1693: task 603: Killed
srun: error: quartz1649: task 576: Killed
srun: error: quartz2127: task 792: Killed
srun: error: quartz2204: task 819: Killed
srun: error: quartz331: task 104: Killed
srun: error: quartz1977: task 752: Killed
srun: error: quartz432: task 131: Killed
srun: error: quartz886: task 320: Killed
srun: error: quartz1614: task 563: Killed
srun: error: quartz967: task 347: Killed
srun: error: quartz1543: task 536: Killed
srun: error: quartz2084: task 779: Killed
srun: error: quartz301: task 91: Killed
srun: error: quartz236: task 64: Killed
srun: error: quartz1874: task 712: Killed
srun: error: quartz2790: task 941: Killed
srun: error: quartz810: task 280: Killed
srun: error: quartz1838: task 685: Killed
srun: error: quartz863: task 307: Killed
srun: error: quartz2917: task 968: Killed
srun: error: quartz1457: task 496: Killed
srun: error: quartz1762: task 645: Killed
srun: error: quartz2716: task 928: Killed
srun: error: quartz101: task 24: Killed
srun: error: quartz2591: task 901: Killed
srun: error: quartz209: task 51: Killed
srun: error: quartz1812: task 672: Killed
srun: error: quartz711: task 240: Killed
srun: error: quartz2356: task 861: Killed
srun: error: quartz1265: task 429: Killed
srun: error: quartz640: task 213: Killed
srun: error: quartz1374: task 456: Killed
srun: error: quartz2458: task 888: Killed
srun: error: quartz1699: task 605: Killed
srun: error: quartz1748: task 632: Killed
srun: error: quartz557: task 173: Killed
srun: error: quartz610: task 200: Killed
srun: error: quartz1165: task 389: Killed
srun: error: quartz1229: task 416: Killed
srun: error: quartz1616: task 565: Killed
srun: error: quartz3014: task 1010: Killed
srun: error: quartz2206: task 821: Killed
srun: error: quartz1547: task 538: Killed
srun: error: quartz434: task 133: Killed
srun: error: quartz523: task 160: Killed
srun: error: quartz2092: task 781: Killed
srun: error: quartz969: task 349: Killed
srun: error: quartz1110: task 376: Killed
srun: error: quartz238: task 66: Killed
srun: error: quartz2978: task 997: Killed
srun: error: quartz2919: task 970: Killed
srun: error: quartz1979: task 754: Killed
srun: error: quartz1876: task 714: Killed
srun: error: quartz866: task 309: Killed
srun: error: quartz306: task 93: Killed
srun: error: quartz1459: task 498: Killed
srun: error: quartz812: task 282: Killed
srun: error: quartz1512: task 525: Killed
srun: error: quartz1931: task 741: Killed
srun: error: quartz113: task 26: Killed
srun: error: quartz2718: task 930: Killed
srun: error: quartz211: task 53: Killed
srun: error: quartz713: task 242: Killed
srun: error: quartz793: task 269: Killed
srun: error: quartz2837: task 957: Killed
srun: error: quartz1432: task 485: Killed
srun: error: quartz1817: task 674: Killed
srun: error: quartz1376: task 458: Killed
srun: error: quartz2358: task 863: Killed
srun: error: quartz1750: task 634: Killed
srun: error: quartz2519: task 890: Killed
srun: error: quartz68: task 13: Killed
srun: error: quartz1701: task 607: Killed
srun: error: quartz673: task 229: Killed
srun: error: quartz1236: task 418: Killed
srun: error: quartz612: task 202: Killed
srun: error: quartz1171: task 391: Killed
srun: error: quartz2344: task 850: Killed
srun: error: quartz2211: task 823: Killed
srun: error: quartz1625: task 567: Killed
srun: error: quartz442: task 135: Killed
srun: error: quartz1678: task 594: Killed
srun: error: quartz525: task 162: Killed
srun: error: quartz2991: task 999: Killed
srun: error: quartz1112: task 378: Killed
srun: error: quartz972: task 351: Killed
srun: error: quartz2094: task 783: Killed
srun: error: quartz405: task 122: Killed
srun: error: quartz313: task 95: Killed
srun: error: quartz951: task 338: Killed
srun: error: quartz869: task 311: Killed
srun: error: quartz2185: task 810: Killed
srun: error: quartz1878: task 716: Killed
srun: error: quartz1938: task 743: Killed
srun: error: quartz2732: task 932: Killed
srun: error: quartz213: task 55: Killed
srun: error: quartz2855: task 959: Killed
srun: error: quartz1514: task 527: Killed
srun: error: quartz277: task 82: Killed
srun: error: quartz2696: task 919: Killed
srun: error: quartz715: task 244: Killed
srun: error: quartz795: task 271: Killed
srun: error: quartz1824: task 676: Killed
srun: error: quartz1378: task 460: Killed
srun: error: quartz1440: task 487: Killed
srun: error: quartz1865: task 703: Killed
srun: error: quartz1752: task 636: Killed
srun: error: quartz2521: task 892: Killed
srun: error: quartz72: task 15: Killed
srun: error: quartz2346: task 852: Killed
srun: error: quartz1238: task 420: Killed
srun: error: quartz597: task 191: Killed
srun: error: quartz621: task 204: Killed
srun: error: quartz678: task 231: Killed
srun: error: quartz1316: task 447: Killed
srun: error: quartz2194: task 812: Killed
srun: error: quartz1627: task 569: Killed
srun: error: quartz1797: task 663: Killed
srun: error: quartz2096: task 785: Killed
srun: error: quartz533: task 164: Killed
srun: error: quartz2993: task 1001: Killed
srun: error: quartz1204: task 407: Killed
srun: error: quartz1114: task 380: Killed
srun: error: quartz1680: task 596: Killed
srun: error: quartz1597: task 556: Killed
srun: error: quartz415: task 124: Killed
srun: error: quartz871: task 313: Killed
srun: error: quartz315: task 97: Killed
srun: error: quartz1516: task 529: Killed
srun: error: quartz956: task 340: Killed
srun: error: quartz224: task 57: Killed
srun: error: quartz2014: task 772: Killed
srun: error: quartz1867: task 705: Killed
srun: error: quartz1493: task 516: Killed
srun: error: quartz800: task 273: Killed
srun: error: quartz280: task 84: Killed
srun: error: quartz2960: task 988: Killed
srun: error: quartz2543: task 894: Killed
srun: error: quartz2873: task 961: Killed
srun: error: quartz2698: task 921: Killed
srun: error: quartz1443: task 489: Killed
srun: error: quartz1940: task 745: Killed
srun: error: quartz851: task 300: Killed
srun: error: quartz1755: task 638: Killed
srun: error: quartz196: task 44: Killed
srun: error: quartz1804: task 665: Killed
srun: error: quartz77: task 17: Killed
srun: error: quartz680: task 233: Killed
srun: error: quartz601: task 193: Killed
srun: error: quartz755: task 260: Killed
srun: error: quartz1251: task 422: Killed
srun: error: quartz2348: task 854: Killed
srun: error: quartz1349: task 449: Killed
srun: error: quartz2416: task 881: Killed
srun: error: quartz1735: task 625: Killed
srun: error: quartz535: task 166: Killed
srun: error: quartz1687: task 598: Killed
srun: error: quartz1146: task 382: Killed
srun: error: quartz1207: task 409: Killed
srun: error: quartz2289: task 841: Killed
srun: error: quartz485: task 153: Killed
srun: error: quartz417: task 126: Killed
srun: error: quartz961: task 342: Killed
srun: error: quartz2196: task 814: Killed
srun: error: quartz1599: task 558: Killed
srun: error: quartz1017: task 369: Killed
srun: error: quartz1948: task 747: Killed
srun: error: quartz1665: task 585: Killed
srun: error: quartz362: task 113: Killed
srun: error: quartz2078: task 774: Killed
srun: error: quartz2967: task 990: Killed
srun: error: quartz1869: task 707: Killed
srun: error: quartz2700: task 923: Killed
srun: error: quartz2896: task 963: Killed
srun: error: quartz282: task 86: Killed
srun: error: quartz1504: task 518: Killed
srun: error: quartz853: task 302: Killed
srun: error: quartz1445: task 491: Killed
srun: error: quartz802: task 275: Killed
srun: error: quartz603: task 195: Killed
srun: error: quartz198: task 46: Killed
srun: error: quartz2823: task 950: Killed
srun: error: quartz79: task 19: Killed
srun: error: quartz682: task 235: Killed
srun: error: quartz757: task 262: Killed
srun: error: quartz1910: task 734: Killed
srun: error: quartz1423: task 478: Killed
srun: error: quartz1351: task 451: Killed
srun: error: quartz1806: task 667: Killed
srun: error: quartz1737: task 627: Killed
srun: error: quartz2418: task 883: Killed
srun: error: quartz1689: task 600: Killed
srun: error: quartz53: task 6: Killed
srun: error: quartz1850: task 694: Killed
srun: error: quartz653: task 222: Killed
srun: error: quartz1209: task 411: Killed
srun: error: quartz1601: task 560: Killed
srun: error: quartz1298: task 438: Killed
srun: error: quartz420: task 128: Killed
srun: error: quartz489: task 155: Killed
srun: error: quartz2291: task 843: Killed
srun: error: quartz2198: task 816: Killed
srun: error: quartz1081: task 371: Killed
srun: error: quartz963: task 344: Killed
srun: error: quartz1571: task 547: Killed
srun: error: quartz2080: task 776: Killed
srun: error: quartz364: task 115: Killed
srun: error: quartz1667: task 587: Killed
srun: error: quartz295: task 88: Killed
srun: error: quartz2162: task 803: Killed
srun: error: quartz2702: task 925: Killed
srun: error: quartz944: task 331: Killed
srun: error: quartz2973: task 992: Killed
srun: error: quartz1506: task 520: Killed
srun: error: quartz3051: task 1019: Killed
srun: error: quartz1912: task 736: Killed
srun: error: quartz2005: task 763: Killed
srun: error: quartz206: task 48: Killed
srun: error: quartz759: task 264: Killed
srun: error: quartz2825: task 952: Killed
srun: error: quartz2368: task 872: Killed
srun: error: quartz257: task 75: Killed
srun: error: quartz826: task 291: Killed
srun: error: quartz1809: task 669: Killed
srun: error: quartz2684: task 912: Killed
srun: error: quartz1426: task 480: Killed
srun: error: quartz1852: task 696: Killed
srun: error: quartz859: task 304: Killed
srun: error: quartz606: task 197: Killed
srun: error: quartz2444: task 885: Killed
srun: error: quartz1369: task 453: Killed
srun: error: quartz63: task 8: Killed
srun: error: quartz1745: task 629: Killed
srun: error: quartz1221: task 413: Killed
srun: error: quartz656: task 224: Killed
srun: error: quartz1300: task 440: Killed
srun: error: quartz1671: task 589: Killed
srun: error: quartz1713: task 616: Killed
srun: error: quartz575: task 184: Killed
srun: error: quartz2339: task 845: Killed
srun: error: quartz1782: task 656: Killed
srun: error: quartz503: task 157: Killed
srun: error: quartz1914: task 738: Killed
srun: error: quartz1187: task 400: Killed
srun: error: quartz1084: task 373: Killed
srun: error: quartz1573: task 549: Killed
srun: error: quartz2083: task 778: Killed
srun: error: quartz367: task 117: Killed
srun: error: quartz3053: task 1021: Killed
srun: error: quartz2975: task 994: Killed
srun: error: quartz456: task 144: Killed
srun: error: quartz946: task 333: Killed
srun: error: quartz2164: task 805: Killed
srun: error: quartz862: task 306: Killed
srun: error: quartz1508: task 522: Killed
srun: error: quartz2686: task 914: Killed
srun: error: quartz208: task 50: Killed
srun: error: quartz266: task 77: Killed
srun: error: quartz2946: task 981: Killed
srun: error: quartz2007: task 765: Killed
srun: error: quartz1854: task 698: Killed
srun: error: quartz777: task 266: Killed
srun: error: quartz1428: task 482: Killed
srun: error: quartz1481: task 509: Killed
srun: error: quartz838: task 293: Killed
srun: error: quartz2830: task 954: Killed
srun: error: quartz1895: task 725: Killed
srun: error: quartz577: task 186: Killed
srun: error: quartz65: task 10: Killed
srun: error: quartz171: task 37: Killed
srun: error: quartz736: task 253: Killed
srun: error: quartz1747: task 631: Killed
srun: error: quartz667: task 226: Killed
srun: error: quartz2341: task 847: Killed
srun: error: quartz1302: task 442: Killed
srun: error: quartz1401: task 469: Killed
srun: error: quartz1673: task 591: Killed
srun: error: quartz505: task 159: Killed
srun: error: quartz2398: task 874: Killed
srun: error: quartz2237: task 834: Killed
srun: error: quartz1722: task 618: Killed
srun: error: quartz1086: task 375: Killed
srun: error: quartz1784: task 658: Killed
srun: error: quartz2948: task 983: Killed
srun: error: quartz1592: task 551: Killed
srun: error: quartz1189: task 402: Killed
srun: error: quartz1657: task 578: Killed
srun: error: quartz369: task 119: Killed
srun: error: quartz3055: task 1023: Killed
srun: error: quartz948: task 335: Killed
srun: error: quartz458: task 146: Killed
srun: error: quartz2166: task 807: Killed
srun: error: quartz983: task 362: Killed
srun: error: quartz2009: task 767: Killed
srun: error: quartz334: task 106: Killed
srun: error: quartz269: task 79: Killed
srun: error: quartz1856: task 700: Killed
srun: error: quartz2836: task 956: Killed
srun: error: quartz2133: task 794: Killed
srun: error: quartz840: task 295: Killed
srun: error: quartz888: task 322: Killed
srun: error: quartz1431: task 484: Killed
srun: error: quartz1483: task 511: Killed
srun: error: quartz584: task 188: Killed
srun: error: quartz2693: task 916: Killed
srun: error: quartz1897: task 727: Killed
srun: error: quartz1840: task 687: Killed
srun: error: quartz67: task 12: Killed
srun: error: quartz1312: task 444: Killed
srun: error: quartz672: task 228: Killed
srun: error: quartz1406: task 471: Killed
srun: error: quartz2804: task 943: Killed
srun: error: quartz739: task 255: Killed
srun: error: quartz179: task 39: Killed
srun: error: quartz1786: task 660: Killed
srun: error: quartz1724: task 620: Killed
srun: error: quartz2593: task 903: Killed
srun: error: quartz2400: task 876: Killed
srun: error: quartz1766: task 647: Killed
srun: error: quartz2239: task 836: Killed
srun: error: quartz1267: task 431: Killed
srun: error: quartz1201: task 404: Killed
srun: error: quartz642: task 215: Killed
srun: error: quartz1594: task 553: Killed
srun: error: quartz2184: task 809: Killed
srun: error: quartz560: task 175: Killed
srun: error: quartz476: task 148: Killed
srun: error: quartz996: task 364: Killed
srun: error: quartz950: task 337: Killed
srun: error: quartz2011: task 769: Killed
srun: error: quartz3016: task 1012: Killed
srun: error: quartz1549: task 540: Killed
srun: error: quartz1659: task 580: Killed
srun: error: quartz336: task 108: Killed
srun: error: quartz271: task 81: Killed
srun: error: quartz2135: task 796: Killed
srun: error: quartz1490: task 513: Killed
srun: error: quartz1981: task 756: Killed
srun: error: quartz2957: task 985: Killed
srun: error: quartz844: task 297: Killed
srun: error: quartz906: task 324: Killed
srun: error: quartz1899: task 729: Killed
srun: error: quartz241: task 68: Killed
srun: error: quartz593: task 190: Killed
srun: error: quartz186: task 41: Killed
srun: error: quartz1842: task 689: Killed
srun: error: quartz2816: task 945: Killed
srun: error: quartz2921: task 972: Killed
srun: error: quartz742: task 257: Killed
srun: error: quartz1408: task 473: Killed
srun: error: quartz2674: task 905: Killed
srun: error: quartz1464: task 500: Killed
srun: error: quartz814: task 284: Killed
srun: error: quartz2246: task 838: Killed
srun: error: quartz121: task 28: Killed
srun: error: quartz48: task 1: Killed
srun: error: quartz1796: task 662: Killed
srun: error: quartz1731: task 622: Killed
srun: error: quartz645: task 217: Killed
srun: error: quartz1203: task 406: Killed
srun: error: quartz1275: task 433: Killed
srun: error: quartz1768: task 649: Killed
srun: error: quartz1706: task 609: Killed
srun: error: quartz2361: task 865: Killed
srun: error: quartz481: task 150: Killed
srun: error: quartz998: task 366: Killed
srun: error: quartz2408: task 878: Killed
srun: error: quartz562: task 177: Killed
srun: error: quartz1661: task 582: Killed
srun: error: quartz1173: task 393: Killed
srun: error: quartz1492: task 515: Killed
srun: error: quartz353: task 110: Killed
srun: error: quartz2137: task 798: Killed
srun: error: quartz445: task 137: Killed
srun: error: quartz974: task 353: Killed
srun: error: quartz3018: task 1014: Killed
srun: error: quartz2959: task 987: Killed
srun: error: quartz2676: task 907: Killed
srun: error: quartz1990: task 758: Killed
srun: error: quartz2213: task 825: Killed
srun: error: quartz1552: task 542: Killed
srun: error: quartz915: task 326: Killed
srun: error: quartz195: task 43: Killed
srun: error: quartz2818: task 947: Killed
srun: error: quartz1887: task 718: Killed
srun: error: quartz2923: task 974: Killed
srun: error: quartz244: task 70: Killed
srun: error: quartz754: task 259: Killed
srun: error: quartz1903: task 731: Killed
srun: error: quartz2756: task 934: Killed
srun: error: quartz816: task 286: Killed
srun: error: quartz1845: task 691: Killed
srun: error: quartz1410: task 475: Killed
srun: error: quartz1466: task 502: Killed
srun: error: quartz143: task 30: Killed
srun: error: quartz50: task 3: Killed
srun: error: quartz2248: task 840: Killed
srun: error: quartz1826: task 678: Killed
srun: error: quartz647: task 219: Killed
srun: error: quartz2363: task 867: Killed
srun: error: quartz1277: task 435: Killed
srun: error: quartz1390: task 462: Killed
srun: error: quartz721: task 246: Killed
srun: error: quartz1777: task 651: Killed
srun: error: quartz564: task 179: Killed
srun: error: quartz624: task 206: Killed
srun: error: quartz2215: task 827: Killed
srun: error: quartz1708: task 611: Killed
srun: error: quartz1016: task 368: Killed
srun: error: quartz1175: task 395: Killed
srun: error: quartz1663: task 584: Killed
srun: error: quartz1554: task 544: Killed
srun: error: quartz361: task 112: Killed
srun: error: quartz1992: task 760: Killed
srun: error: quartz3039: task 1016: Killed
srun: error: quartz447: task 139: Killed
srun: error: quartz2144: task 800: Killed
srun: error: quartz976: task 355: Killed
srun: error: quartz917: task 328: Killed
srun: error: quartz2098: task 787: Killed
srun: error: quartz2995: task 1003: Killed
srun: error: quartz226: task 59: Killed
srun: error: quartz2932: task 976: Killed
srun: error: quartz1643: task 571: Killed
srun: error: quartz323: task 99: Killed
srun: error: quartz254: task 72: Killed
srun: error: quartz874: task 315: Killed
srun: error: quartz2758: task 936: Killed
srun: error: quartz1889: task 720: Killed
srun: error: quartz1520: task 531: Killed
srun: error: quartz2678: task 909: Killed
srun: error: quartz823: task 288: Killed
srun: error: quartz1847: task 693: Killed
srun: error: quartz2229: task 829: Killed
srun: error: quartz1476: task 504: Killed
srun: error: quartz2365: task 869: Killed
srun: error: quartz155: task 32: Killed
srun: error: quartz652: task 221: Killed
srun: error: quartz729: task 248: Killed
srun: error: quartz1297: task 437: Killed
srun: error: quartz1392: task 464: Killed
srun: error: quartz1828: task 680: Killed
srun: error: quartz566: task 181: Killed
srun: error: quartz1757: task 640: Killed
srun: error: quartz630: task 208: Killed
srun: error: quartz1779: task 653: Killed
srun: error: quartz2350: task 856: Killed
srun: error: quartz1177: task 397: Killed
srun: error: quartz1253: task 424: Killed
srun: error: quartz2545: task 896: Killed
srun: error: quartz1710: task 613: Killed
srun: error: quartz1570: task 546: Killed
srun: error: quartz451: task 141: Killed
srun: error: quartz540: task 168: Killed
srun: error: quartz2123: task 789: Killed
srun: error: quartz3041: task 1018: Killed
srun: error: quartz2934: task 978: Killed
srun: error: quartz978: task 357: Killed
srun: error: quartz1645: task 573: Killed
srun: error: quartz1160: task 384: Killed
srun: error: quartz2998: task 1005: Killed
srun: error: quartz256: task 74: Killed
srun: error: quartz325: task 101: Killed
srun: error: quartz2004: task 762: Killed
srun: error: quartz876: task 317: Killed
srun: error: quartz1892: task 722: Killed
srun: error: quartz1478: task 506: Killed
srun: error: quartz825: task 290: Killed
srun: error: quartz1528: task 533: Killed
srun: error: quartz164: task 34: Killed
srun: error: quartz2787: task 938: Killed
srun: error: quartz231: task 61: Killed
srun: error: quartz806: task 277: Killed
srun: error: quartz1965: task 749: Killed
srun: error: quartz1834: task 682: Killed
srun: error: quartz2898: task 965: Killed
srun: error: quartz1871: task 709: Killed
srun: error: quartz731: task 250: Killed
srun: error: quartz2367: task 871: Killed
srun: error: quartz1398: task 466: Killed
srun: error: quartz1448: task 493: Killed
srun: error: quartz83: task 21: Killed
srun: error: quartz2557: task 898: Killed
srun: error: quartz2353: task 858: Killed
srun: error: quartz684: task 237: Killed
srun: error: quartz2231: task 831: Killed
srun: error: quartz1186: task 399: Killed
srun: error: quartz632: task 210: Killed
srun: error: quartz1256: task 426: Killed
srun: error: quartz1712: task 615: Killed
srun: error: quartz1692: task 602: Killed
srun: error: quartz1759: task 642: Killed
srun: error: quartz453: task 143: Killed
srun: error: quartz545: task 170: Killed
srun: error: quartz2126: task 791: Killed
srun: error: quartz1648: task 575: Killed
srun: error: quartz980: task 359: Killed
srun: error: quartz1162: task 386: Killed
srun: error: quartz330: task 103: Killed
srun: error: quartz2203: task 818: Killed
srun: error: quartz1894: task 724: Killed
srun: error: quartz635: task 212: Killed
srun: error: quartz3000: task 1007: Killed
srun: error: quartz423: task 130: Killed
srun: error: quartz966: task 346: Killed
srun: error: quartz1603: task 562: Killed
srun: error: quartz885: task 319: Killed
srun: error: quartz1450: task 495: Killed
srun: error: quartz1967: task 751: Killed
srun: error: quartz1530: task 535: Killed
srun: error: quartz1836: task 684: Killed
srun: error: quartz300: task 90: Killed
srun: error: quartz235: task 63: Killed
srun: error: quartz2916: task 967: Killed
srun: error: quartz735: task 252: Killed
srun: error: quartz2789: task 940: Killed
srun: error: quartz808: task 279: Killed
srun: error: quartz1811: task 671: Killed
srun: error: quartz2715: task 927: Killed
srun: error: quartz1761: task 644: Killed
srun: error: quartz96: task 23: Killed
srun: error: quartz1400: task 468: Killed
srun: error: quartz1873: task 711: Killed
srun: error: quartz710: task 239: Killed
srun: error: quartz2355: task 860: Killed
srun: error: quartz2559: task 900: Killed
srun: error: quartz2132: task 793: Killed
srun: error: quartz2457: task 887: Killed
srun: error: quartz1258: task 428: Killed
srun: error: quartz1371: task 455: Killed
srun: error: quartz1650: task 577: Killed
srun: error: quartz608: task 199: Killed
srun: error: quartz3013: task 1009: Killed
srun: error: quartz556: task 172: Killed
srun: error: quartz1228: task 415: Killed
srun: error: quartz1164: task 388: Killed
srun: error: quartz1694: task 604: Killed
srun: error: quartz332: task 105: Killed
srun: error: quartz1978: task 753: Killed
srun: error: quartz2205: task 820: Killed
srun: error: quartz433: task 132: Killed
srun: error: quartz1615: task 564: Killed
srun: error: quartz887: task 321: Killed
srun: error: quartz1544: task 537: Killed
srun: error: quartz2085: task 780: Killed
srun: error: quartz968: task 348: Killed
srun: error: quartz305: task 92: Killed
srun: error: quartz237: task 65: Killed
srun: error: quartz865: task 308: Killed
srun: error: quartz2918: task 969: Killed
srun: error: quartz2977: task 996: Killed
srun: error: quartz1458: task 497: Killed
srun: error: quartz811: task 281: Killed
srun: error: quartz1511: task 524: Killed
srun: error: quartz1875: task 713: Killed
srun: error: quartz1930: task 740: Killed
srun: error: quartz210: task 52: Killed
srun: error: quartz2717: task 929: Killed
srun: error: quartz106: task 25: Killed
srun: error: quartz2357: task 862: Killed
srun: error: quartz2592: task 902: Killed
srun: error: quartz1816: task 673: Killed
srun: error: quartz712: task 241: Killed
srun: error: quartz792: task 268: Killed
srun: error: quartz1765: task 646: Killed
srun: error: quartz2459: task 889: Killed
srun: error: quartz1266: task 430: Killed
srun: error: quartz1375: task 457: Killed
srun: error: quartz1749: task 633: Killed
srun: error: quartz559: task 174: Killed
srun: error: quartz611: task 201: Killed
srun: error: quartz1700: task 606: Killed
srun: error: quartz2343: task 849: Killed
srun: error: quartz1235: task 417: Killed
srun: error: quartz1170: task 390: Killed
srun: error: quartz2210: task 822: Killed
srun: error: quartz1624: task 566: Killed
srun: error: quartz441: task 134: Killed
srun: error: quartz524: task 161: Killed
srun: error: quartz1677: task 593: Killed
srun: error: quartz1980: task 755: Killed
srun: error: quartz970: task 350: Killed
srun: error: quartz1111: task 377: Killed
srun: error: quartz2093: task 782: Killed
srun: error: quartz399: task 121: Killed
srun: error: quartz2979: task 998: Killed
srun: error: quartz312: task 94: Killed
srun: error: quartz867: task 310: Killed
srun: error: quartz2920: task 971: Killed
srun: error: quartz1877: task 715: Killed
srun: error: quartz2854: task 958: Killed
srun: error: quartz813: task 283: Killed
srun: error: quartz1513: task 526: Killed
srun: error: quartz1932: task 742: Killed
srun: error: quartz1460: task 499: Killed
srun: error: quartz1818: task 675: Killed
srun: error: quartz114: task 27: Killed
srun: error: quartz794: task 270: Killed
srun: error: quartz212: task 54: Killed
srun: error: quartz714: task 243: Killed
srun: error: quartz1377: task 459: Killed
srun: error: quartz1864: task 702: Killed
srun: error: quartz1439: task 486: Killed
srun: error: quartz2695: task 918: Killed
srun: error: quartz2520: task 891: Killed
srun: error: quartz71: task 14: Killed
srun: error: quartz2345: task 851: Killed
srun: error: quartz1751: task 635: Killed
srun: error: quartz620: task 203: Killed
srun: error: quartz674: task 230: Killed
srun: error: quartz1237: task 419: Killed
srun: error: quartz1705: task 608: Killed
srun: error: quartz1314: task 446: Killed
srun: error: quartz1626: task 568: Killed
srun: error: quartz532: task 163: Killed
srun: error: quartz443: task 136: Killed
srun: error: quartz2212: task 824: Killed
srun: error: quartz2992: task 1000: Killed
srun: error: quartz1679: task 595: Killed
srun: error: quartz973: task 352: Killed
srun: error: quartz2095: task 784: Killed
srun: error: quartz1113: task 379: Killed
srun: error: quartz1596: task 555: Killed
srun: error: quartz406: task 123: Killed
srun: error: quartz314: task 96: Killed
srun: error: quartz2186: task 811: Killed
srun: error: quartz870: task 312: Killed
srun: error: quartz1515: task 528: Killed
srun: error: quartz955: task 339: Killed
srun: error: quartz2856: task 960: Killed
srun: error: quartz2013: task 771: Killed
srun: error: quartz1825: task 677: Killed
srun: error: quartz1939: task 744: Killed
srun: error: quartz214: task 56: Killed
srun: error: quartz2697: task 920: Killed
srun: error: quartz1866: task 704: Killed
srun: error: quartz2733: task 933: Killed
srun: error: quartz278: task 83: Killed
srun: error: quartz796: task 272: Killed
srun: error: quartz1379: task 461: Killed
srun: error: quartz850: task 299: Killed
srun: error: quartz2522: task 893: Killed
srun: error: quartz1441: task 488: Killed
srun: error: quartz598: task 192: Killed
srun: error: quartz1753: task 637: Killed
srun: error: quartz679: task 232: Killed
srun: error: quartz75: task 16: Killed
srun: error: quartz1239: task 421: Killed
srun: error: quartz623: task 205: Killed
srun: error: quartz1317: task 448: Killed
srun: error: quartz2347: task 853: Killed
srun: error: quartz1733: task 624: Killed
srun: error: quartz2410: task 880: Killed
srun: error: quartz1798: task 664: Killed
srun: error: quartz2097: task 786: Killed
srun: error: quartz1681: task 597: Killed
srun: error: quartz534: task 165: Killed
srun: error: quartz1145: task 381: Killed
srun: error: quartz2994: task 1002: Killed
srun: error: quartz1206: task 408: Killed
srun: error: quartz416: task 125: Killed
srun: error: quartz484: task 152: Killed
srun: error: quartz2195: task 813: Killed
srun: error: quartz1598: task 557: Killed
srun: error: quartz1519: task 530: Killed
srun: error: quartz873: task 314: Killed
srun: error: quartz1494: task 517: Killed
srun: error: quartz957: task 341: Killed
srun: error: quartz1947: task 746: Killed
srun: error: quartz2077: task 773: Killed
srun: error: quartz225: task 58: Killed
srun: error: quartz2966: task 989: Killed
srun: error: quartz1868: task 706: Killed
srun: error: quartz2699: task 922: Killed
srun: error: quartz281: task 85: Killed
srun: error: quartz801: task 274: Killed
srun: error: quartz2874: task 962: Killed
srun: error: quartz852: task 301: Killed
srun: error: quartz1756: task 639: Killed
srun: error: quartz197: task 45: Killed
srun: error: quartz1444: task 490: Killed
srun: error: quartz1905: task 733: Killed
srun: error: quartz2820: task 949: Killed
srun: error: quartz681: task 234: Killed
srun: error: quartz78: task 18: Killed
srun: error: quartz2349: task 855: Killed
srun: error: quartz756: task 261: Killed
srun: error: quartz1422: task 477: Killed
srun: error: quartz1805: task 666: Killed
srun: error: quartz1350: task 450: Killed
srun: error: quartz2417: task 882: Killed
srun: error: quartz52: task 5: Killed
srun: First task exited 30s ago
srun: step:5354930.2 tasks 0-930,932-1023: exited abnormally
srun: step:5354930.2 task 931: unknown
srun: Terminating job step 5354930.2
srun: error: Timed out waiting for job step to complete
2048
srun: Job step 5354930.3 aborted before step completely launched.
srun: Job step aborted: Waiting up to 62 seconds for job step to finish.
slurmstepd: error: *** JOB 5354930 ON quartz47 CANCELLED AT 2020-06-05T05:43:55 DUE TO TIME LIMIT ***
slurmstepd: error: *** STEP 5354930.3 ON quartz47 CANCELLED AT 2020-06-05T05:43:55 DUE TO TIME LIMIT ***
