512
srun: Warning: can't run 1 processes on 512 nodes, setting nnodes to 1
00:05:07.172970
Rank  0 / 1
3.7.2 (default, Feb 26 2019, 08:59:10) 
[GCC 4.9.3]
dagrt-2019.4-py3-none-any.whl/dagrt/__init__.py
grudge-2015.1-py3-none-any.whl/grudge/__init__.py
loo.py-2019.1-py3-none-any.whl/loopy/__init__.py
meshmode-2016.1-py3-none-any.whl/meshmode/__init__.py
leap-2019.5-py3-none-any.whl/leap/__init__.py
512
dagrt-2019.4-py3-none-any.whl/dagrt/__init__.py
00:05:25.908126
Rank  0 / 512
3.7.2 (default, Feb 26 2019, 08:59:10) 
[GCC 4.9.3]
grudge-2015.1-py3-none-any.whl/grudge/__init__.py
loo.py-2019.1-py3-none-any.whl/loopy/__init__.py
meshmode-2016.1-py3-none-any.whl/meshmode/__init__.py
leap-2019.5-py3-none-any.whl/leap/__init__.py
512
dagrt-2019.4-py3-none-any.whl/dagrt/__init__.py
00:05:32.497798
Rank  0 / 512
3.7.2 (default, Feb 26 2019, 08:59:10) 
[GCC 4.9.3]
grudge-2015.1-py3-none-any.whl/grudge/__init__.py
loo.py-2019.1-py3-none-any.whl/loopy/__init__.py
meshmode-2016.1-py3-none-any.whl/meshmode/__init__.py
leap-2019.5-py3-none-any.whl/leap/__init__.py
1024
slurmstepd: error: _is_a_lwp: open() /proc/44819/status failed: No such file or directory
slurmstepd: error: _is_a_lwp: open() /proc/50321/status failed: No such file or directory
00:05:40.328859
Rank  0 / 1024
3.7.2 (default, Feb 26 2019, 08:59:10) 
[GCC 4.9.3]
dagrt-2019.4-py3-none-any.whl/dagrt/__init__.py
grudge-2015.1-py3-none-any.whl/grudge/__init__.py
loo.py-2019.1-py3-none-any.whl/loopy/__init__.py
meshmode-2016.1-py3-none-any.whl/meshmode/__init__.py
leap-2019.5-py3-none-any.whl/leap/__init__.py
1024
00:05:48.206358
Rank  0 / 1024
3.7.2 (default, Feb 26 2019, 08:59:10) 
[GCC 4.9.3]
dagrt-2019.4-py3-none-any.whl/dagrt/__init__.py
grudge-2015.1-py3-none-any.whl/grudge/__init__.py
loo.py-2019.1-py3-none-any.whl/loopy/__init__.py
meshmode-2016.1-py3-none-any.whl/meshmode/__init__.py
leap-2019.5-py3-none-any.whl/leap/__init__.py
2048
slurmstepd: error: _is_a_lwp: open() /proc/44120/status failed: No such file or directory
dagrt-2019.4-py3-none-any.whl/dagrt/__init__.py
grudge-2015.1-py3-none-any.whl/grudge/__init__.py
loo.py-2019.1-py3-none-any.whl/loopy/__init__.py
meshmode-2016.1-py3-none-any.whl/meshmode/__init__.py
leap-2019.5-py3-none-any.whl/leap/__init__.py
00:06:02.403437
Rank  0 / 2048
3.7.2 (default, Feb 26 2019, 08:59:10) 
[GCC 4.9.3]
2048
slurmstepd: error: _is_a_lwp: open() /proc/65379/status failed: No such file or directory
slurmstepd: error: _is_a_lwp: open() /proc/5708/status failed: No such file or directory
00:06:11.738976
Rank  0 / 2048
3.7.2 (default, Feb 26 2019, 08:59:10) 
dagrt-2019.4-py3-none-any.whl/dagrt/__init__.py
grudge-2015.1-py3-none-any.whl/grudge/__init__.py
loo.py-2019.1-py3-none-any.whl/loopy/__init__.py
meshmode-2016.1-py3-none-any.whl/meshmode/__init__.py
leap-2019.5-py3-none-any.whl/leap/__init__.py
[GCC 4.9.3]
4096
dagrt-2019.4-py3-none-any.whl/dagrt/__init__.py
00:06:43.696878
Rank  0 / 4096
3.7.2 (default, Feb 26 2019, 08:59:10) 
[GCC 4.9.3]
grudge-2015.1-py3-none-any.whl/grudge/__init__.py
loo.py-2019.1-py3-none-any.whl/loopy/__init__.py
meshmode-2016.1-py3-none-any.whl/meshmode/__init__.py
leap-2019.5-py3-none-any.whl/leap/__init__.py
4096
00:07:01.872250
Rank  0 / 4096
3.7.2 (default, Feb 26 2019, 08:59:10) 
[GCC 4.9.3]
dagrt-2019.4-py3-none-any.whl/dagrt/__init__.py
grudge-2015.1-py3-none-any.whl/grudge/__init__.py
loo.py-2019.1-py3-none-any.whl/loopy/__init__.py
meshmode-2016.1-py3-none-any.whl/meshmode/__init__.py
leap-2019.5-py3-none-any.whl/leap/__init__.py
8192
dagrt-2019.4-py3-none-any.whl/dagrt/__init__.py
grudge-2015.1-py3-none-any.whl/grudge/__init__.py
loo.py-2019.1-py3-none-any.whl/loopy/__init__.py
meshmode-2016.1-py3-none-any.whl/meshmode/__init__.py
leap-2019.5-py3-none-any.whl/leap/__init__.py
00:08:33.100958
Rank  0 / 8192
3.7.2 (default, Feb 26 2019, 08:59:10) 
[GCC 4.9.3]
8192
dagrt-2019.4-py3-none-any.whl/dagrt/__init__.py
grudge-2015.1-py3-none-any.whl/grudge/__init__.py
loo.py-2019.1-py3-none-any.whl/loopy/__init__.py
meshmode-2016.1-py3-none-any.whl/meshmode/__init__.py
leap-2019.5-py3-none-any.whl/leap/__init__.py
00:10:15.780884
Rank  0 / 8192
3.7.2 (default, Feb 26 2019, 08:59:10) 
[GCC 4.9.3]
16384
00:13:09.000772
Rank  0 / 16384
3.7.2 (default, Feb 26 2019, 08:59:10) 
[GCC 4.9.3]
dagrt-2019.4-py3-none-any.whl/dagrt/__init__.py
grudge-2015.1-py3-none-any.whl/grudge/__init__.py
loo.py-2019.1-py3-none-any.whl/loopy/__init__.py
meshmode-2016.1-py3-none-any.whl/meshmode/__init__.py
leap-2019.5-py3-none-any.whl/leap/__init__.py
16384
dagrt-2019.4-py3-none-any.whl/dagrt/__init__.py
grudge-2015.1-py3-none-any.whl/grudge/__init__.py
loo.py-2019.1-py3-none-any.whl/loopy/__init__.py
meshmode-2016.1-py3-none-any.whl/meshmode/__init__.py
leap-2019.5-py3-none-any.whl/leap/__init__.py
00:15:42.037041
Rank  0 / 16384
3.7.2 (default, Feb 26 2019, 08:59:10) 
[GCC 4.9.3]
Done
