512
srun: Warning: can't run 1 processes on 512 nodes, setting nnodes to 1
14:21:40.875056
Rank  0 / 1
3.7.2 (default, Feb 26 2019, 08:59:10) 
[GCC 4.9.3]
512
14:21:48.507651
Rank  0 / 512
3.7.2 (default, Feb 26 2019, 08:59:10) 
[GCC 4.9.3]
/var/spool/slurmd/job5389705/slurm_script: line 27: ddiff: command not found
/var/spool/slurmd/job5389705/slurm_script: line 28: ddiff: command not found
512
slurmstepd: error: _is_a_lwp: open() /proc/8645/status failed: No such file or directory
14:21:51.258914
Rank  0 / 512
3.7.2 (default, Feb 26 2019, 08:59:10) 
[GCC 4.9.3]
/var/spool/slurmd/job5389705/slurm_script: line 27: ddiff: command not found
/var/spool/slurmd/job5389705/slurm_script: line 28: ddiff: command not found
1024
slurmstepd: error: _is_a_lwp: open() /proc/14417/status failed: No such file or directory
slurmstepd: error: _is_a_lwp: open() /proc/53564/status failed: No such file or directory
slurmstepd: error: _is_a_lwp: open() /proc/56155/status failed: No such file or directory
slurmstepd: error: _is_a_lwp: open() /proc/63384/status failed: No such file or directory
slurmstepd: error: _is_a_lwp: open() /proc/51023/status failed: No such file or directory
14:21:54.126260
Rank  0 / 1024
3.7.2 (default, Feb 26 2019, 08:59:10) 
[GCC 4.9.3]
/var/spool/slurmd/job5389705/slurm_script: line 27: ddiff: command not found
/var/spool/slurmd/job5389705/slurm_script: line 28: ddiff: command not found
1024
14:21:56.894771
Rank  0 / 1024
3.7.2 (default, Feb 26 2019, 08:59:10) 
[GCC 4.9.3]
/var/spool/slurmd/job5389705/slurm_script: line 27: ddiff: command not found
/var/spool/slurmd/job5389705/slurm_script: line 28: ddiff: command not found
2048
slurmstepd: error: _is_a_lwp: open() /proc/32615/status failed: No such file or directory
slurmstepd: error: _is_a_lwp: open() /proc/1877/status failed: No such file or directory
slurmstepd: error: _is_a_lwp: open() /proc/54813/status failed: No such file or directory
14:22:01.693596
Rank  0 / 2048
3.7.2 (default, Feb 26 2019, 08:59:10) 
[GCC 4.9.3]
/var/spool/slurmd/job5389705/slurm_script: line 27: ddiff: command not found
/var/spool/slurmd/job5389705/slurm_script: line 28: ddiff: command not found
2048
slurmstepd: error: _is_a_lwp: open() /proc/26653/status failed: No such file or directory
14:22:05.405595
Rank  0 / 2048
3.7.2 (default, Feb 26 2019, 08:59:10) 
[GCC 4.9.3]
/var/spool/slurmd/job5389705/slurm_script: line 27: ddiff: command not found
/var/spool/slurmd/job5389705/slurm_script: line 28: ddiff: command not found
4096
14:22:12.005170
Rank  0 / 4096
3.7.2 (default, Feb 26 2019, 08:59:10) 
[GCC 4.9.3]
/var/spool/slurmd/job5389705/slurm_script: line 27: ddiff: command not found
/var/spool/slurmd/job5389705/slurm_script: line 28: ddiff: command not found
4096
14:22:21.896403
Rank  0 / 4096
3.7.2 (default, Feb 26 2019, 08:59:10) 
[GCC 4.9.3]
/var/spool/slurmd/job5389705/slurm_script: line 27: ddiff: command not found
/var/spool/slurmd/job5389705/slurm_script: line 28: ddiff: command not found
8192
slurmstepd: error: _is_a_lwp: open() /proc/37673/status failed: No such file or directory
14:22:33.912174
Rank  0 / 8192
3.7.2 (default, Feb 26 2019, 08:59:10) 
[GCC 4.9.3]
/var/spool/slurmd/job5389705/slurm_script: line 27: ddiff: command not found
/var/spool/slurmd/job5389705/slurm_script: line 28: ddiff: command not found
8192
slurmstepd: error: _is_a_lwp: open() /proc/4592/status failed: No such file or directory
slurmstepd: error: _is_a_lwp: open() /proc/52934/status failed: No such file or directory
14:22:49.772530
Rank  0 / 8192
3.7.2 (default, Feb 26 2019, 08:59:10) 
[GCC 4.9.3]
/var/spool/slurmd/job5389705/slurm_script: line 27: ddiff: command not found
/var/spool/slurmd/job5389705/slurm_script: line 28: ddiff: command not found
16384
14:23:15.833676
Rank  0 / 16384
3.7.2 (default, Feb 26 2019, 08:59:10) 
[GCC 4.9.3]
/var/spool/slurmd/job5389705/slurm_script: line 27: ddiff: command not found
/var/spool/slurmd/job5389705/slurm_script: line 28: ddiff: command not found
16384
14:23:43.710071
Rank  0 / 16384
3.7.2 (default, Feb 26 2019, 08:59:10) 
[GCC 4.9.3]
/var/spool/slurmd/job5389705/slurm_script: line 27: ddiff: command not found
/var/spool/slurmd/job5389705/slurm_script: line 28: ddiff: command not found
Done
