128
srun: Warning: can't run 1 processes on 128 nodes, setting nnodes to 1
20:46:19.543773
Rank  0 / 1
3.7.2 (default, Feb 26 2019, 08:59:10) 
[GCC 4.9.3]
128
20:46:28.745663
Rank  0 / 128
3.7.2 (default, Feb 26 2019, 08:59:10) 
[GCC 4.9.3]
128
20:46:33.060747
Rank  0 / 128
3.7.2 (default, Feb 26 2019, 08:59:10) 
[GCC 4.9.3]
256
20:46:35.121028
Rank  0 / 256
3.7.2 (default, Feb 26 2019, 08:59:10) 
[GCC 4.9.3]
256
20:46:37.163819
Rank  0 / 256
3.7.2 (default, Feb 26 2019, 08:59:10) 
[GCC 4.9.3]
512
20:46:42.360616
Rank  0 / 512
3.7.2 (default, Feb 26 2019, 08:59:10) 
[GCC 4.9.3]
512
20:46:45.542717
Rank  0 / 512
3.7.2 (default, Feb 26 2019, 08:59:10) 
[GCC 4.9.3]
1024
20:46:50.673885
Rank  0 / 1024
3.7.2 (default, Feb 26 2019, 08:59:10) 
[GCC 4.9.3]
1024
20:46:57.479161
Rank  0 / 1024
3.7.2 (default, Feb 26 2019, 08:59:10) 
[GCC 4.9.3]
2048
20:47:06.492646
Rank  0 / 2048
3.7.2 (default, Feb 26 2019, 08:59:10) 
[GCC 4.9.3]
2048
20:47:13.446752
Rank  0 / 2048
3.7.2 (default, Feb 26 2019, 08:59:10) 
[GCC 4.9.3]
4096
20:47:37.772383
Rank  0 / 4096
3.7.2 (default, Feb 26 2019, 08:59:10) 
[GCC 4.9.3]
4096
20:47:53.928927
Rank  0 / 4096
3.7.2 (default, Feb 26 2019, 08:59:10) 
[GCC 4.9.3]
Done
