4
srun: Warning: can't run 1 processes on 4 nodes, setting nnodes to 1
19:29:08.416263
Rank  0 / 1
3.7.2 (default, Feb 26 2019, 08:59:10) 
[GCC 4.9.3]
4
19:29:12.758674
Rank  0 / 4
3.7.2 (default, Feb 26 2019, 08:59:10) 
[GCC 4.9.3]
4
19:29:14.715562
Rank  0 / 4
3.7.2 (default, Feb 26 2019, 08:59:10) 
[GCC 4.9.3]
4
19:29:16.583625
Rank  0 / 4
3.7.2 (default, Feb 26 2019, 08:59:10) 
[GCC 4.9.3]
4
19:29:18.132786
Rank  0 / 4
3.7.2 (default, Feb 26 2019, 08:59:10) 
[GCC 4.9.3]
4
19:29:19.717329
Rank  0 / 4
3.7.2 (default, Feb 26 2019, 08:59:10) 
[GCC 4.9.3]
4
19:29:21.674757
Rank  0 / 4
3.7.2 (default, Feb 26 2019, 08:59:10) 
[GCC 4.9.3]
4
19:29:23.505563
Rank  0 / 4
3.7.2 (default, Feb 26 2019, 08:59:10) 
[GCC 4.9.3]
4
19:29:25.054733
Rank  0 / 4
3.7.2 (default, Feb 26 2019, 08:59:10) 
[GCC 4.9.3]
4
19:29:26.670256
Rank  0 / 4
3.7.2 (default, Feb 26 2019, 08:59:10) 
[GCC 4.9.3]
4
19:29:28.322246
Rank  0 / 4
3.7.2 (default, Feb 26 2019, 08:59:10) 
[GCC 4.9.3]
8
19:29:29.901774
Rank  0 / 8
3.7.2 (default, Feb 26 2019, 08:59:10) 
[GCC 4.9.3]
8
19:29:31.494338
Rank  0 / 8
3.7.2 (default, Feb 26 2019, 08:59:10) 
[GCC 4.9.3]
8
19:29:33.212894
Rank  0 / 8
3.7.2 (default, Feb 26 2019, 08:59:10) 
[GCC 4.9.3]
8
19:29:35.076214
Rank  0 / 8
3.7.2 (default, Feb 26 2019, 08:59:10) 
[GCC 4.9.3]
8
19:29:36.939870
Rank  0 / 8
3.7.2 (default, Feb 26 2019, 08:59:10) 
[GCC 4.9.3]
8
19:29:38.551467
Rank  0 / 8
3.7.2 (default, Feb 26 2019, 08:59:10) 
[GCC 4.9.3]
8
19:29:40.265205
Rank  0 / 8
3.7.2 (default, Feb 26 2019, 08:59:10) 
[GCC 4.9.3]
8
19:29:41.955904
Rank  0 / 8
3.7.2 (default, Feb 26 2019, 08:59:10) 
[GCC 4.9.3]
8
19:29:43.664073
Rank  0 / 8
3.7.2 (default, Feb 26 2019, 08:59:10) 
[GCC 4.9.3]
8
19:29:45.285681
Rank  0 / 8
3.7.2 (default, Feb 26 2019, 08:59:10) 
[GCC 4.9.3]
16
19:29:47.020079
Rank  0 / 16
3.7.2 (default, Feb 26 2019, 08:59:10) 
[GCC 4.9.3]
16
19:29:48.750917
Rank  0 / 16
3.7.2 (default, Feb 26 2019, 08:59:10) 
[GCC 4.9.3]
16
19:29:50.481260
Rank  0 / 16
3.7.2 (default, Feb 26 2019, 08:59:10) 
[GCC 4.9.3]
16
19:29:52.192297
Rank  0 / 16
3.7.2 (default, Feb 26 2019, 08:59:10) 
[GCC 4.9.3]
16
19:29:53.920445
Rank  0 / 16
3.7.2 (default, Feb 26 2019, 08:59:10) 
[GCC 4.9.3]
16
19:29:55.594062
Rank  0 / 16
3.7.2 (default, Feb 26 2019, 08:59:10) 
[GCC 4.9.3]
16
19:29:57.322281
Rank  0 / 16
3.7.2 (default, Feb 26 2019, 08:59:10) 
[GCC 4.9.3]
16
19:29:59.215109
Rank  0 / 16
3.7.2 (default, Feb 26 2019, 08:59:10) 
[GCC 4.9.3]
16
19:30:01.080550
Rank  0 / 16
3.7.2 (default, Feb 26 2019, 08:59:10) 
[GCC 4.9.3]
16
19:30:02.831720
Rank  0 / 16
3.7.2 (default, Feb 26 2019, 08:59:10) 
[GCC 4.9.3]
32
19:30:04.839848
Rank  0 / 32
3.7.2 (default, Feb 26 2019, 08:59:10) 
[GCC 4.9.3]
32
19:30:06.815848
Rank  0 / 32
3.7.2 (default, Feb 26 2019, 08:59:10) 
[GCC 4.9.3]
32
19:30:08.812014
Rank  0 / 32
3.7.2 (default, Feb 26 2019, 08:59:10) 
[GCC 4.9.3]
32
19:30:11.109114
Rank  0 / 32
3.7.2 (default, Feb 26 2019, 08:59:10) 
[GCC 4.9.3]
32
19:30:13.718184
Rank  0 / 32
3.7.2 (default, Feb 26 2019, 08:59:10) 
[GCC 4.9.3]
32
19:30:16.062242
Rank  0 / 32
3.7.2 (default, Feb 26 2019, 08:59:10) 
[GCC 4.9.3]
32
19:30:18.569556
Rank  0 / 32
3.7.2 (default, Feb 26 2019, 08:59:10) 
[GCC 4.9.3]
32
19:30:21.053234
Rank  0 / 32
3.7.2 (default, Feb 26 2019, 08:59:10) 
[GCC 4.9.3]
32
19:30:23.568319
Rank  0 / 32
3.7.2 (default, Feb 26 2019, 08:59:10) 
[GCC 4.9.3]
32
19:30:26.273040
Rank  0 / 32
3.7.2 (default, Feb 26 2019, 08:59:10) 
[GCC 4.9.3]
64
19:30:29.253081
Rank  0 / 64
3.7.2 (default, Feb 26 2019, 08:59:10) 
[GCC 4.9.3]
64
19:30:31.707620
Rank  0 / 64
3.7.2 (default, Feb 26 2019, 08:59:10) 
[GCC 4.9.3]
64
19:30:34.291529
Rank  0 / 64
3.7.2 (default, Feb 26 2019, 08:59:10) 
[GCC 4.9.3]
64
19:30:36.964743
Rank  0 / 64
3.7.2 (default, Feb 26 2019, 08:59:10) 
[GCC 4.9.3]
64
19:30:39.509822
Rank  0 / 64
3.7.2 (default, Feb 26 2019, 08:59:10) 
[GCC 4.9.3]
64
19:30:42.046147
Rank  0 / 64
3.7.2 (default, Feb 26 2019, 08:59:10) 
[GCC 4.9.3]
64
19:30:44.928831
Rank  0 / 64
3.7.2 (default, Feb 26 2019, 08:59:10) 
[GCC 4.9.3]
64
19:30:47.623911
Rank  0 / 64
3.7.2 (default, Feb 26 2019, 08:59:10) 
[GCC 4.9.3]
64
19:30:50.330977
Rank  0 / 64
3.7.2 (default, Feb 26 2019, 08:59:10) 
[GCC 4.9.3]
64
19:30:52.886361
Rank  0 / 64
3.7.2 (default, Feb 26 2019, 08:59:10) 
[GCC 4.9.3]
128
19:30:56.509737
Rank  0 / 128
3.7.2 (default, Feb 26 2019, 08:59:10) 
[GCC 4.9.3]
128
19:31:00.267868
Rank  0 / 128
3.7.2 (default, Feb 26 2019, 08:59:10) 
[GCC 4.9.3]
128
19:31:03.901161
Rank  0 / 128
3.7.2 (default, Feb 26 2019, 08:59:10) 
[GCC 4.9.3]
128
19:31:07.584703
Rank  0 / 128
3.7.2 (default, Feb 26 2019, 08:59:10) 
[GCC 4.9.3]
128
19:31:11.273995
Rank  0 / 128
3.7.2 (default, Feb 26 2019, 08:59:10) 
[GCC 4.9.3]
128
19:31:14.924043
Rank  0 / 128
3.7.2 (default, Feb 26 2019, 08:59:10) 
[GCC 4.9.3]
128
19:31:18.522999
Rank  0 / 128
3.7.2 (default, Feb 26 2019, 08:59:10) 
[GCC 4.9.3]
128
19:31:22.032467
Rank  0 / 128
3.7.2 (default, Feb 26 2019, 08:59:10) 
[GCC 4.9.3]
128
19:31:25.848618
Rank  0 / 128
3.7.2 (default, Feb 26 2019, 08:59:10) 
[GCC 4.9.3]
128
19:31:29.443760
Rank  0 / 128
3.7.2 (default, Feb 26 2019, 08:59:10) 
[GCC 4.9.3]
Done
