32
srun: Warning: can't run 1 processes on 32 nodes, setting nnodes to 1
20:14:27.050229
Rank  0 / 1
3.7.2 (default, Feb 26 2019, 08:59:10) 
[GCC 4.9.3]
32
20:14:32.412771
Rank  0 / 32
3.7.2 (default, Feb 26 2019, 08:59:10) 
[GCC 4.9.3]
32
20:14:34.517750
Rank  0 / 32
3.7.2 (default, Feb 26 2019, 08:59:10) 
[GCC 4.9.3]
64
20:14:36.358337
Rank  0 / 64
3.7.2 (default, Feb 26 2019, 08:59:10) 
[GCC 4.9.3]
64
20:14:38.110794
Rank  0 / 64
3.7.2 (default, Feb 26 2019, 08:59:10) 
[GCC 4.9.3]
128
20:14:39.927853
Rank  0 / 128
3.7.2 (default, Feb 26 2019, 08:59:10) 
[GCC 4.9.3]
128
20:14:42.219198
Rank  0 / 128
3.7.2 (default, Feb 26 2019, 08:59:10) 
[GCC 4.9.3]
256
20:14:45.242536
Rank  0 / 256
3.7.2 (default, Feb 26 2019, 08:59:10) 
[GCC 4.9.3]
256
20:14:48.468921
Rank  0 / 256
3.7.2 (default, Feb 26 2019, 08:59:10) 
[GCC 4.9.3]
512
20:14:52.481083
Rank  0 / 512
3.7.2 (default, Feb 26 2019, 08:59:10) 
[GCC 4.9.3]
512
20:14:58.243092
Rank  0 / 512
3.7.2 (default, Feb 26 2019, 08:59:10) 
[GCC 4.9.3]
1024
20:15:05.070561
Rank  0 / 1024
3.7.2 (default, Feb 26 2019, 08:59:10) 
[GCC 4.9.3]
1024
20:15:12.694132
Rank  0 / 1024
3.7.2 (default, Feb 26 2019, 08:59:10) 
[GCC 4.9.3]
Done
