1024
srun: Warning: can't run 1 processes on 1024 nodes, setting nnodes to 1
/g/g91/diener3/Work/emirge/modules.zip/dagrt/__init__.py
/g/g91/diener3/Work/emirge/modules.zip/grudge/__init__.py
/g/g91/diener3/Work/emirge/modules.zip/loopy/__init__.py
/g/g91/diener3/Work/emirge/modules.zip/meshmode/__init__.py
/g/g91/diener3/Work/emirge/modules.zip/leap/__init__.py
11:46:36.333806
Rank  0 / 1
3.8.3 | packaged by conda-forge | (default, Jun  1 2020, 17:43:00) 
[GCC 7.5.0]
1024
/g/g91/diener3/Work/emirge/modules.zip/dagrt/__init__.py
11:47:12.677643
Rank  0 / 1024
3.8.3 | packaged by conda-forge | (default, Jun  1 2020, 17:43:00) 
[GCC 7.5.0]
/g/g91/diener3/Work/emirge/modules.zip/grudge/__init__.py
/g/g91/diener3/Work/emirge/modules.zip/loopy/__init__.py
/g/g91/diener3/Work/emirge/modules.zip/meshmode/__init__.py
/g/g91/diener3/Work/emirge/modules.zip/leap/__init__.py
/var/spool/slurmd/job5481377/slurm_script: line 27: ddiff: command not found
/var/spool/slurmd/job5481377/slurm_script: line 28: ddiff: command not found
1024
slurmstepd: error: _is_a_lwp: open() /proc/27843/status failed: No such file or directory
11:47:22.279838
Rank  0 / 1024
3.8.3 | packaged by conda-forge | (default, Jun  1 2020, 17:43:00) 
[GCC 7.5.0]
/g/g91/diener3/Work/emirge/modules.zip/dagrt/__init__.py
/g/g91/diener3/Work/emirge/modules.zip/grudge/__init__.py
/g/g91/diener3/Work/emirge/modules.zip/loopy/__init__.py
/g/g91/diener3/Work/emirge/modules.zip/meshmode/__init__.py
/g/g91/diener3/Work/emirge/modules.zip/leap/__init__.py
/var/spool/slurmd/job5481377/slurm_script: line 27: ddiff: command not found
/var/spool/slurmd/job5481377/slurm_script: line 28: ddiff: command not found
2048
slurmstepd: error: _is_a_lwp: open() /proc/8436/status failed: No such file or directory
slurmstepd: error: _is_a_lwp: open() /proc/31255/status failed: No such file or directory
slurmstepd: error: _is_a_lwp: 1 read() attempts on /proc/6428/status failed: No such process
slurmstepd: error: _is_a_lwp: open() /proc/64813/status failed: No such file or directory
slurmstepd: error: _is_a_lwp: open() /proc/37591/status failed: No such file or directory
slurmstepd: error: _is_a_lwp: open() /proc/40368/status failed: No such file or directory
slurmstepd: error: _is_a_lwp: 1 read() attempts on /proc/53894/status failed: No such process
slurmstepd: error: _is_a_lwp: open() /proc/24500/status failed: No such file or directory
slurmstepd: error: _is_a_lwp: open() /proc/65141/status failed: No such file or directory
/g/g91/diener3/Work/emirge/modules.zip/dagrt/__init__.py
/g/g91/diener3/Work/emirge/modules.zip/grudge/__init__.py
/g/g91/diener3/Work/emirge/modules.zip/loopy/__init__.py
/g/g91/diener3/Work/emirge/modules.zip/meshmode/__init__.py
/g/g91/diener3/Work/emirge/modules.zip/leap/__init__.py
11:47:33.584042
Rank  0 / 2048
3.8.3 | packaged by conda-forge | (default, Jun  1 2020, 17:43:00) 
[GCC 7.5.0]
/var/spool/slurmd/job5481377/slurm_script: line 27: ddiff: command not found
/var/spool/slurmd/job5481377/slurm_script: line 28: ddiff: command not found
2048
slurmstepd: error: _is_a_lwp: open() /proc/34281/status failed: No such file or directory
slurmstepd: error: _is_a_lwp: open() /proc/31153/status failed: No such file or directory
slurmstepd: error: _is_a_lwp: 1 read() attempts on /proc/28439/status failed: No such process
slurmstepd: error: _is_a_lwp: open() /proc/57801/status failed: No such file or directory
slurmstepd: error: _is_a_lwp: open() /proc/8533/status failed: No such file or directory
slurmstepd: error: _is_a_lwp: open() /proc/17595/status failed: No such file or directory
slurmstepd: error: _is_a_lwp: open() /proc/57016/status failed: No such file or directory
slurmstepd: error: _is_a_lwp: open() /proc/46521/status failed: No such file or directory
slurmstepd: error: _is_a_lwp: open() /proc/39102/status failed: No such file or directory
slurmstepd: error: _is_a_lwp: open() /proc/43985/status failed: No such file or directory
slurmstepd: error: _is_a_lwp: 1 read() attempts on /proc/36140/status failed: No such process
/g/g91/diener3/Work/emirge/modules.zip/dagrt/__init__.py
11:47:46.809295
Rank  0 / 2048
3.8.3 | packaged by conda-forge | (default, Jun  1 2020, 17:43:00) 
[GCC 7.5.0]
/g/g91/diener3/Work/emirge/modules.zip/grudge/__init__.py
/g/g91/diener3/Work/emirge/modules.zip/loopy/__init__.py
/g/g91/diener3/Work/emirge/modules.zip/meshmode/__init__.py
/g/g91/diener3/Work/emirge/modules.zip/leap/__init__.py
/var/spool/slurmd/job5481377/slurm_script: line 27: ddiff: command not found
/var/spool/slurmd/job5481377/slurm_script: line 28: ddiff: command not found
4096
slurmstepd: error: _is_a_lwp: open() /proc/59106/status failed: No such file or directory
/g/g91/diener3/Work/emirge/modules.zip/dagrt/__init__.py
/g/g91/diener3/Work/emirge/modules.zip/grudge/__init__.py
/g/g91/diener3/Work/emirge/modules.zip/loopy/__init__.py
/g/g91/diener3/Work/emirge/modules.zip/meshmode/__init__.py
/g/g91/diener3/Work/emirge/modules.zip/leap/__init__.py
11:48:11.699160
Rank  0 / 4096
3.8.3 | packaged by conda-forge | (default, Jun  1 2020, 17:43:00) 
[GCC 7.5.0]
/var/spool/slurmd/job5481377/slurm_script: line 27: ddiff: command not found
/var/spool/slurmd/job5481377/slurm_script: line 28: ddiff: command not found
4096
slurmstepd: error: _is_a_lwp: open() /proc/55302/status failed: No such file or directory
/g/g91/diener3/Work/emirge/modules.zip/dagrt/__init__.py
/g/g91/diener3/Work/emirge/modules.zip/grudge/__init__.py
/g/g91/diener3/Work/emirge/modules.zip/loopy/__init__.py
/g/g91/diener3/Work/emirge/modules.zip/meshmode/__init__.py
/g/g91/diener3/Work/emirge/modules.zip/leap/__init__.py
11:48:35.469732
Rank  0 / 4096
3.8.3 | packaged by conda-forge | (default, Jun  1 2020, 17:43:00) 
[GCC 7.5.0]
/var/spool/slurmd/job5481377/slurm_script: line 27: ddiff: command not found
/var/spool/slurmd/job5481377/slurm_script: line 28: ddiff: command not found
8192
slurmstepd: error: _is_a_lwp: open() /proc/51073/status failed: No such file or directory
slurmstepd: error: _is_a_lwp: open() /proc/1382/status failed: No such file or directory
slurmstepd: error: _is_a_lwp: 1 read() attempts on /proc/63443/status failed: No such process
slurmstepd: error: _is_a_lwp: open() /proc/24229/status failed: No such file or directory
slurmstepd: error: _is_a_lwp: open() /proc/15688/status failed: No such file or directory
slurmstepd: error: _is_a_lwp: open() /proc/41600/status failed: No such file or directory
slurmstepd: error: _is_a_lwp: open() /proc/67417/status failed: No such file or directory
/g/g91/diener3/Work/emirge/modules.zip/dagrt/__init__.py
11:49:23.611297
Rank  0 / 8192
3.8.3 | packaged by conda-forge | (default, Jun  1 2020, 17:43:00) 
[GCC 7.5.0]
/g/g91/diener3/Work/emirge/modules.zip/grudge/__init__.py
/g/g91/diener3/Work/emirge/modules.zip/loopy/__init__.py
/g/g91/diener3/Work/emirge/modules.zip/meshmode/__init__.py
/g/g91/diener3/Work/emirge/modules.zip/leap/__init__.py
/var/spool/slurmd/job5481377/slurm_script: line 27: ddiff: command not found
/var/spool/slurmd/job5481377/slurm_script: line 28: ddiff: command not found
8192
slurmstepd: error: _is_a_lwp: open() /proc/42996/status failed: No such file or directory
slurmstepd: error: _is_a_lwp: open() /proc/50175/status failed: No such file or directory
slurmstepd: error: _is_a_lwp: open() /proc/46433/status failed: No such file or directory
slurmstepd: error: _is_a_lwp: open() /proc/4568/status failed: No such file or directory
slurmstepd: error: _is_a_lwp: 1 read() attempts on /proc/10969/status failed: No such process
slurmstepd: error: _is_a_lwp: open() /proc/36229/status failed: No such file or directory
slurmstepd: error: _is_a_lwp: open() /proc/46434/status failed: No such file or directory
slurmstepd: error: _is_a_lwp: open() /proc/10970/status failed: No such file or directory
slurmstepd: error: _is_a_lwp: open() /proc/54451/status failed: No such file or directory
slurmstepd: error: _is_a_lwp: open() /proc/40253/status failed: No such file or directory
11:50:07.427430
Rank  0 / 8192
3.8.3 | packaged by conda-forge | (default, Jun  1 2020, 17:43:00) 
[GCC 7.5.0]
/g/g91/diener3/Work/emirge/modules.zip/dagrt/__init__.py
/g/g91/diener3/Work/emirge/modules.zip/grudge/__init__.py
/g/g91/diener3/Work/emirge/modules.zip/loopy/__init__.py
/g/g91/diener3/Work/emirge/modules.zip/meshmode/__init__.py
/g/g91/diener3/Work/emirge/modules.zip/leap/__init__.py
/var/spool/slurmd/job5481377/slurm_script: line 27: ddiff: command not found
/var/spool/slurmd/job5481377/slurm_script: line 28: ddiff: command not found
16384
slurmstepd: error: _is_a_lwp: open() /proc/52593/status failed: No such file or directory
/g/g91/diener3/Work/emirge/modules.zip/dagrt/__init__.py
/g/g91/diener3/Work/emirge/modules.zip/grudge/__init__.py
/g/g91/diener3/Work/emirge/modules.zip/loopy/__init__.py
/g/g91/diener3/Work/emirge/modules.zip/meshmode/__init__.py
/g/g91/diener3/Work/emirge/modules.zip/leap/__init__.py
11:52:07.034660
Rank  0 / 16384
3.8.3 | packaged by conda-forge | (default, Jun  1 2020, 17:43:00) 
[GCC 7.5.0]
/var/spool/slurmd/job5481377/slurm_script: line 27: ddiff: command not found
/var/spool/slurmd/job5481377/slurm_script: line 28: ddiff: command not found
16384
11:54:25.077122
Rank  0 / 16384
3.8.3 | packaged by conda-forge | (default, Jun  1 2020, 17:43:00) 
[GCC 7.5.0]
/g/g91/diener3/Work/emirge/modules.zip/dagrt/__init__.py
/g/g91/diener3/Work/emirge/modules.zip/grudge/__init__.py
/g/g91/diener3/Work/emirge/modules.zip/loopy/__init__.py
/g/g91/diener3/Work/emirge/modules.zip/meshmode/__init__.py
/g/g91/diener3/Work/emirge/modules.zip/leap/__init__.py
/var/spool/slurmd/job5481377/slurm_script: line 27: ddiff: command not found
/var/spool/slurmd/job5481377/slurm_script: line 28: ddiff: command not found
32768
11:58:43.495429
Rank  0 / 32768
3.8.3 | packaged by conda-forge | (default, Jun  1 2020, 17:43:00) 
[GCC 7.5.0]
/g/g91/diener3/Work/emirge/modules.zip/dagrt/__init__.py
/g/g91/diener3/Work/emirge/modules.zip/grudge/__init__.py
/g/g91/diener3/Work/emirge/modules.zip/loopy/__init__.py
/g/g91/diener3/Work/emirge/modules.zip/meshmode/__init__.py
/g/g91/diener3/Work/emirge/modules.zip/leap/__init__.py
/var/spool/slurmd/job5481377/slurm_script: line 27: ddiff: command not found
/var/spool/slurmd/job5481377/slurm_script: line 28: ddiff: command not found
32768
12:03:27.247262
Rank  0 / 32768
3.8.3 | packaged by conda-forge | (default, Jun  1 2020, 17:43:00) 
[GCC 7.5.0]
/g/g91/diener3/Work/emirge/modules.zip/dagrt/__init__.py
/g/g91/diener3/Work/emirge/modules.zip/grudge/__init__.py
/g/g91/diener3/Work/emirge/modules.zip/loopy/__init__.py
/g/g91/diener3/Work/emirge/modules.zip/meshmode/__init__.py
/g/g91/diener3/Work/emirge/modules.zip/leap/__init__.py
/var/spool/slurmd/job5481377/slurm_script: line 27: ddiff: command not found
/var/spool/slurmd/job5481377/slurm_script: line 28: ddiff: command not found
Done
