1
18:36:15.084054
Rank  0 / 1
3.7.2 (default, Feb 26 2019, 08:59:10) 
[GCC 4.9.3]
dagrt-2019.4-py3-none-any.whl/dagrt/__init__.py
grudge-2015.1-py3-none-any.whl/grudge/__init__.py
loo.py-2019.1-py3-none-any.whl/loopy/__init__.py
meshmode-2016.1-py3-none-any.whl/meshmode/__init__.py
leap-2019.5-py3-none-any.whl/leap/__init__.py
1
18:36:18.861992
Rank  0 / 1
3.7.2 (default, Feb 26 2019, 08:59:10) 
[GCC 4.9.3]
dagrt-2019.4-py3-none-any.whl/dagrt/__init__.py
grudge-2015.1-py3-none-any.whl/grudge/__init__.py
loo.py-2019.1-py3-none-any.whl/loopy/__init__.py
meshmode-2016.1-py3-none-any.whl/meshmode/__init__.py
leap-2019.5-py3-none-any.whl/leap/__init__.py
1
18:36:20.924019
Rank  0 / 1
3.7.2 (default, Feb 26 2019, 08:59:10) 
[GCC 4.9.3]
dagrt-2019.4-py3-none-any.whl/dagrt/__init__.py
grudge-2015.1-py3-none-any.whl/grudge/__init__.py
loo.py-2019.1-py3-none-any.whl/loopy/__init__.py
meshmode-2016.1-py3-none-any.whl/meshmode/__init__.py
leap-2019.5-py3-none-any.whl/leap/__init__.py
2
18:36:23.264742
Rank  0 / 2
3.7.2 (default, Feb 26 2019, 08:59:10) 
[GCC 4.9.3]
dagrt-2019.4-py3-none-any.whl/dagrt/__init__.py
grudge-2015.1-py3-none-any.whl/grudge/__init__.py
loo.py-2019.1-py3-none-any.whl/loopy/__init__.py
meshmode-2016.1-py3-none-any.whl/meshmode/__init__.py
leap-2019.5-py3-none-any.whl/leap/__init__.py
2
dagrt-2019.4-py3-none-any.whl/dagrt/__init__.py
grudge-2015.1-py3-none-any.whl/grudge/__init__.py
loo.py-2019.1-py3-none-any.whl/loopy/__init__.py
meshmode-2016.1-py3-none-any.whl/meshmode/__init__.py
leap-2019.5-py3-none-any.whl/leap/__init__.py
18:36:26.337696
Rank  0 / 2
3.7.2 (default, Feb 26 2019, 08:59:10) 
[GCC 4.9.3]
4
dagrt-2019.4-py3-none-any.whl/dagrt/__init__.py
grudge-2015.1-py3-none-any.whl/grudge/__init__.py
loo.py-2019.1-py3-none-any.whl/loopy/__init__.py
meshmode-2016.1-py3-none-any.whl/meshmode/__init__.py
leap-2019.5-py3-none-any.whl/leap/__init__.py
18:36:28.541619
Rank  0 / 4
3.7.2 (default, Feb 26 2019, 08:59:10) 
[GCC 4.9.3]
4
18:36:31.012254
Rank  0 / 4
3.7.2 (default, Feb 26 2019, 08:59:10) 
[GCC 4.9.3]
dagrt-2019.4-py3-none-any.whl/dagrt/__init__.py
grudge-2015.1-py3-none-any.whl/grudge/__init__.py
loo.py-2019.1-py3-none-any.whl/loopy/__init__.py
meshmode-2016.1-py3-none-any.whl/meshmode/__init__.py
leap-2019.5-py3-none-any.whl/leap/__init__.py
8
18:36:33.888558
Rank  0 / 8
3.7.2 (default, Feb 26 2019, 08:59:10) 
[GCC 4.9.3]
dagrt-2019.4-py3-none-any.whl/dagrt/__init__.py
grudge-2015.1-py3-none-any.whl/grudge/__init__.py
loo.py-2019.1-py3-none-any.whl/loopy/__init__.py
meshmode-2016.1-py3-none-any.whl/meshmode/__init__.py
leap-2019.5-py3-none-any.whl/leap/__init__.py
8
18:36:36.299847
Rank  0 / 8
3.7.2 (default, Feb 26 2019, 08:59:10) 
[GCC 4.9.3]
dagrt-2019.4-py3-none-any.whl/dagrt/__init__.py
grudge-2015.1-py3-none-any.whl/grudge/__init__.py
loo.py-2019.1-py3-none-any.whl/loopy/__init__.py
meshmode-2016.1-py3-none-any.whl/meshmode/__init__.py
leap-2019.5-py3-none-any.whl/leap/__init__.py
16
18:36:39.335747
Rank  0 / 16
3.7.2 (default, Feb 26 2019, 08:59:10) 
[GCC 4.9.3]
dagrt-2019.4-py3-none-any.whl/dagrt/__init__.py
grudge-2015.1-py3-none-any.whl/grudge/__init__.py
loo.py-2019.1-py3-none-any.whl/loopy/__init__.py
meshmode-2016.1-py3-none-any.whl/meshmode/__init__.py
leap-2019.5-py3-none-any.whl/leap/__init__.py
16
18:36:42.460401
Rank  0 / 16
3.7.2 (default, Feb 26 2019, 08:59:10) 
[GCC 4.9.3]
dagrt-2019.4-py3-none-any.whl/dagrt/__init__.py
grudge-2015.1-py3-none-any.whl/grudge/__init__.py
loo.py-2019.1-py3-none-any.whl/loopy/__init__.py
meshmode-2016.1-py3-none-any.whl/meshmode/__init__.py
leap-2019.5-py3-none-any.whl/leap/__init__.py
32
18:36:46.857325
Rank  0 / 32
3.7.2 (default, Feb 26 2019, 08:59:10) 
[GCC 4.9.3]
dagrt-2019.4-py3-none-any.whl/dagrt/__init__.py
grudge-2015.1-py3-none-any.whl/grudge/__init__.py
loo.py-2019.1-py3-none-any.whl/loopy/__init__.py
meshmode-2016.1-py3-none-any.whl/meshmode/__init__.py
leap-2019.5-py3-none-any.whl/leap/__init__.py
32
18:36:51.498242
Rank  0 / 32
3.7.2 (default, Feb 26 2019, 08:59:10) 
[GCC 4.9.3]
dagrt-2019.4-py3-none-any.whl/dagrt/__init__.py
grudge-2015.1-py3-none-any.whl/grudge/__init__.py
loo.py-2019.1-py3-none-any.whl/loopy/__init__.py
meshmode-2016.1-py3-none-any.whl/meshmode/__init__.py
leap-2019.5-py3-none-any.whl/leap/__init__.py
Done
