1
18:35:24.283484
Rank  0 / 1
3.7.2 (default, Feb 26 2019, 08:59:10) 
[GCC 4.9.3]
dagrt-2019.4-py3-none-any.whl/dagrt/__init__.py
grudge-2015.1-py3-none-any.whl/grudge/__init__.py
loo.py-2019.1-py3-none-any.whl/loopy/__init__.py
meshmode-2016.1-py3-none-any.whl/meshmode/__init__.py
leap-2019.5-py3-none-any.whl/leap/__init__.py
1
18:35:26.868453
Rank  0 / 1
3.7.2 (default, Feb 26 2019, 08:59:10) 
[GCC 4.9.3]
dagrt-2019.4-py3-none-any.whl/dagrt/__init__.py
grudge-2015.1-py3-none-any.whl/grudge/__init__.py
loo.py-2019.1-py3-none-any.whl/loopy/__init__.py
meshmode-2016.1-py3-none-any.whl/meshmode/__init__.py
leap-2019.5-py3-none-any.whl/leap/__init__.py
1
dagrt-2019.4-py3-none-any.whl/dagrt/__init__.py
grudge-2015.1-py3-none-any.whl/grudge/__init__.py
loo.py-2019.1-py3-none-any.whl/loopy/__init__.py
meshmode-2016.1-py3-none-any.whl/meshmode/__init__.py
leap-2019.5-py3-none-any.whl/leap/__init__.py
18:35:28.705776
Rank  0 / 1
3.7.2 (default, Feb 26 2019, 08:59:10) 
[GCC 4.9.3]
2
18:35:30.482777
Rank  0 / 2
3.7.2 (default, Feb 26 2019, 08:59:10) 
[GCC 4.9.3]
dagrt-2019.4-py3-none-any.whl/dagrt/__init__.py
grudge-2015.1-py3-none-any.whl/grudge/__init__.py
loo.py-2019.1-py3-none-any.whl/loopy/__init__.py
meshmode-2016.1-py3-none-any.whl/meshmode/__init__.py
leap-2019.5-py3-none-any.whl/leap/__init__.py
dagrt-2019.4-py3-none-any.whl/dagrt/__init__.py
grudge-2015.1-py3-none-any.whl/grudge/__init__.py
loo.py-2019.1-py3-none-any.whl/loopy/__init__.py
meshmode-2016.1-py3-none-any.whl/meshmode/__init__.py
leap-2019.5-py3-none-any.whl/leap/__init__.py
2
18:35:32.224275
Rank  0 / 2
3.7.2 (default, Feb 26 2019, 08:59:10) 
[GCC 4.9.3]
dagrt-2019.4-py3-none-any.whl/dagrt/__init__.py
grudge-2015.1-py3-none-any.whl/grudge/__init__.py
loo.py-2019.1-py3-none-any.whl/loopy/__init__.py
meshmode-2016.1-py3-none-any.whl/meshmode/__init__.py
leap-2019.5-py3-none-any.whl/leap/__init__.py
dagrt-2019.4-py3-none-any.whl/dagrt/__init__.py
grudge-2015.1-py3-none-any.whl/grudge/__init__.py
loo.py-2019.1-py3-none-any.whl/loopy/__init__.py
meshmode-2016.1-py3-none-any.whl/meshmode/__init__.py
leap-2019.5-py3-none-any.whl/leap/__init__.py
4
dagrt-2019.4-py3-none-any.whl/dagrt/__init__.py
grudge-2015.1-py3-none-any.whl/grudge/__init__.py
loo.py-2019.1-py3-none-any.whl/loopy/__init__.py
meshmode-2016.1-py3-none-any.whl/meshmode/__init__.py
leap-2019.5-py3-none-any.whl/leap/__init__.py
dagrt-2019.4-py3-none-any.whl/dagrt/__init__.py
grudge-2015.1-py3-none-any.whl/grudge/__init__.py
loo.py-2019.1-py3-none-any.whl/loopy/__init__.py
meshmode-2016.1-py3-none-any.whl/meshmode/__init__.py
leap-2019.5-py3-none-any.whl/leap/__init__.py
18:35:34.193154
Rank  0 / 4
3.7.2 (default, Feb 26 2019, 08:59:10) 
[GCC 4.9.3]
dagrt-2019.4-py3-none-any.whl/dagrt/__init__.py
grudge-2015.1-py3-none-any.whl/grudge/__init__.py
loo.py-2019.1-py3-none-any.whl/loopy/__init__.py
meshmode-2016.1-py3-none-any.whl/meshmode/__init__.py
leap-2019.5-py3-none-any.whl/leap/__init__.py
dagrt-2019.4-py3-none-any.whl/dagrt/__init__.py
grudge-2015.1-py3-none-any.whl/grudge/__init__.py
loo.py-2019.1-py3-none-any.whl/loopy/__init__.py
meshmode-2016.1-py3-none-any.whl/meshmode/__init__.py
leap-2019.5-py3-none-any.whl/leap/__init__.py
4
dagrt-2019.4-py3-none-any.whl/dagrt/__init__.py
grudge-2015.1-py3-none-any.whl/grudge/__init__.py
loo.py-2019.1-py3-none-any.whl/loopy/__init__.py
meshmode-2016.1-py3-none-any.whl/meshmode/__init__.py
leap-2019.5-py3-none-any.whl/leap/__init__.py
dagrt-2019.4-py3-none-any.whl/dagrt/__init__.py
grudge-2015.1-py3-none-any.whl/grudge/__init__.py
loo.py-2019.1-py3-none-any.whl/loopy/__init__.py
meshmode-2016.1-py3-none-any.whl/meshmode/__init__.py
leap-2019.5-py3-none-any.whl/leap/__init__.py
18:35:36.083556
Rank  0 / 4
3.7.2 (default, Feb 26 2019, 08:59:10) 
[GCC 4.9.3]
dagrt-2019.4-py3-none-any.whl/dagrt/__init__.py
grudge-2015.1-py3-none-any.whl/grudge/__init__.py
loo.py-2019.1-py3-none-any.whl/loopy/__init__.py
meshmode-2016.1-py3-none-any.whl/meshmode/__init__.py
leap-2019.5-py3-none-any.whl/leap/__init__.py
dagrt-2019.4-py3-none-any.whl/dagrt/__init__.py
grudge-2015.1-py3-none-any.whl/grudge/__init__.py
loo.py-2019.1-py3-none-any.whl/loopy/__init__.py
meshmode-2016.1-py3-none-any.whl/meshmode/__init__.py
leap-2019.5-py3-none-any.whl/leap/__init__.py
8
dagrt-2019.4-py3-none-any.whl/dagrt/__init__.py
grudge-2015.1-py3-none-any.whl/grudge/__init__.py
loo.py-2019.1-py3-none-any.whl/loopy/__init__.py
meshmode-2016.1-py3-none-any.whl/meshmode/__init__.py
leap-2019.5-py3-none-any.whl/leap/__init__.py
dagrt-2019.4-py3-none-any.whl/dagrt/__init__.py
grudge-2015.1-py3-none-any.whl/grudge/__init__.py
loo.py-2019.1-py3-none-any.whl/loopy/__init__.py
meshmode-2016.1-py3-none-any.whl/meshmode/__init__.py
leap-2019.5-py3-none-any.whl/leap/__init__.py
dagrt-2019.4-py3-none-any.whl/dagrt/__init__.py
grudge-2015.1-py3-none-any.whl/grudge/__init__.py
loo.py-2019.1-py3-none-any.whl/loopy/__init__.py
meshmode-2016.1-py3-none-any.whl/meshmode/__init__.py
leap-2019.5-py3-none-any.whl/leap/__init__.py
dagrt-2019.4-py3-none-any.whl/dagrt/__init__.py
grudge-2015.1-py3-none-any.whl/grudge/__init__.py
loo.py-2019.1-py3-none-any.whl/loopy/__init__.py
meshmode-2016.1-py3-none-any.whl/meshmode/__init__.py
leap-2019.5-py3-none-any.whl/leap/__init__.py
dagrt-2019.4-py3-none-any.whl/dagrt/__init__.py
grudge-2015.1-py3-none-any.whl/grudge/__init__.py
loo.py-2019.1-py3-none-any.whl/loopy/__init__.py
meshmode-2016.1-py3-none-any.whl/meshmode/__init__.py
leap-2019.5-py3-none-any.whl/leap/__init__.py
dagrt-2019.4-py3-none-any.whl/dagrt/__init__.py
grudge-2015.1-py3-none-any.whl/grudge/__init__.py
loo.py-2019.1-py3-none-any.whl/loopy/__init__.py
meshmode-2016.1-py3-none-any.whl/meshmode/__init__.py
leap-2019.5-py3-none-any.whl/leap/__init__.py
dagrt-2019.4-py3-none-any.whl/dagrt/__init__.py
grudge-2015.1-py3-none-any.whl/grudge/__init__.py
loo.py-2019.1-py3-none-any.whl/loopy/__init__.py
meshmode-2016.1-py3-none-any.whl/meshmode/__init__.py
leap-2019.5-py3-none-any.whl/leap/__init__.py
dagrt-2019.4-py3-none-any.whl/dagrt/__init__.py
grudge-2015.1-py3-none-any.whl/grudge/__init__.py
loo.py-2019.1-py3-none-any.whl/loopy/__init__.py
meshmode-2016.1-py3-none-any.whl/meshmode/__init__.py
leap-2019.5-py3-none-any.whl/leap/__init__.py
18:35:38.430423
Rank  0 / 8
3.7.2 (default, Feb 26 2019, 08:59:10) 
[GCC 4.9.3]
8
dagrt-2019.4-py3-none-any.whl/dagrt/__init__.py
grudge-2015.1-py3-none-any.whl/grudge/__init__.py
loo.py-2019.1-py3-none-any.whl/loopy/__init__.py
meshmode-2016.1-py3-none-any.whl/meshmode/__init__.py
leap-2019.5-py3-none-any.whl/leap/__init__.py
dagrt-2019.4-py3-none-any.whl/dagrt/__init__.py
grudge-2015.1-py3-none-any.whl/grudge/__init__.py
loo.py-2019.1-py3-none-any.whl/loopy/__init__.py
meshmode-2016.1-py3-none-any.whl/meshmode/__init__.py
leap-2019.5-py3-none-any.whl/leap/__init__.py
dagrt-2019.4-py3-none-any.whl/dagrt/__init__.py
grudge-2015.1-py3-none-any.whl/grudge/__init__.py
loo.py-2019.1-py3-none-any.whl/loopy/__init__.py
meshmode-2016.1-py3-none-any.whl/meshmode/__init__.py
leap-2019.5-py3-none-any.whl/leap/__init__.py
dagrt-2019.4-py3-none-any.whl/dagrt/__init__.py
grudge-2015.1-py3-none-any.whl/grudge/__init__.py
loo.py-2019.1-py3-none-any.whl/loopy/__init__.py
meshmode-2016.1-py3-none-any.whl/meshmode/__init__.py
leap-2019.5-py3-none-any.whl/leap/__init__.py
dagrt-2019.4-py3-none-any.whl/dagrt/__init__.py
grudge-2015.1-py3-none-any.whl/grudge/__init__.py
loo.py-2019.1-py3-none-any.whl/loopy/__init__.py
meshmode-2016.1-py3-none-any.whl/meshmode/__init__.py
leap-2019.5-py3-none-any.whl/leap/__init__.py
dagrt-2019.4-py3-none-any.whl/dagrt/__init__.py
grudge-2015.1-py3-none-any.whl/grudge/__init__.py
loo.py-2019.1-py3-none-any.whl/loopy/__init__.py
meshmode-2016.1-py3-none-any.whl/meshmode/__init__.py
leap-2019.5-py3-none-any.whl/leap/__init__.py
dagrt-2019.4-py3-none-any.whl/dagrt/__init__.py
grudge-2015.1-py3-none-any.whl/grudge/__init__.py
loo.py-2019.1-py3-none-any.whl/loopy/__init__.py
meshmode-2016.1-py3-none-any.whl/meshmode/__init__.py
leap-2019.5-py3-none-any.whl/leap/__init__.py
dagrt-2019.4-py3-none-any.whl/dagrt/__init__.py
grudge-2015.1-py3-none-any.whl/grudge/__init__.py
loo.py-2019.1-py3-none-any.whl/loopy/__init__.py
meshmode-2016.1-py3-none-any.whl/meshmode/__init__.py
leap-2019.5-py3-none-any.whl/leap/__init__.py
18:35:40.773933
Rank  0 / 8
3.7.2 (default, Feb 26 2019, 08:59:10) 
[GCC 4.9.3]
16
dagrt-2019.4-py3-none-any.whl/dagrt/__init__.py
grudge-2015.1-py3-none-any.whl/grudge/__init__.py
loo.py-2019.1-py3-none-any.whl/loopy/__init__.py
meshmode-2016.1-py3-none-any.whl/meshmode/__init__.py
leap-2019.5-py3-none-any.whl/leap/__init__.py
dagrt-2019.4-py3-none-any.whl/dagrt/__init__.py
grudge-2015.1-py3-none-any.whl/grudge/__init__.py
loo.py-2019.1-py3-none-any.whl/loopy/__init__.py
meshmode-2016.1-py3-none-any.whl/meshmode/__init__.py
leap-2019.5-py3-none-any.whl/leap/__init__.py
dagrt-2019.4-py3-none-any.whl/dagrt/__init__.py
grudge-2015.1-py3-none-any.whl/grudge/__init__.py
loo.py-2019.1-py3-none-any.whl/loopy/__init__.py
meshmode-2016.1-py3-none-any.whl/meshmode/__init__.py
leap-2019.5-py3-none-any.whl/leap/__init__.py
dagrt-2019.4-py3-none-any.whl/dagrt/__init__.py
grudge-2015.1-py3-none-any.whl/grudge/__init__.py
loo.py-2019.1-py3-none-any.whl/loopy/__init__.py
meshmode-2016.1-py3-none-any.whl/meshmode/__init__.py
leap-2019.5-py3-none-any.whl/leap/__init__.py
dagrt-2019.4-py3-none-any.whl/dagrt/__init__.py
grudge-2015.1-py3-none-any.whl/grudge/__init__.py
loo.py-2019.1-py3-none-any.whl/loopy/__init__.py
meshmode-2016.1-py3-none-any.whl/meshmode/__init__.py
leap-2019.5-py3-none-any.whl/leap/__init__.py
dagrt-2019.4-py3-none-any.whl/dagrt/__init__.py
grudge-2015.1-py3-none-any.whl/grudge/__init__.py
loo.py-2019.1-py3-none-any.whl/loopy/__init__.py
meshmode-2016.1-py3-none-any.whl/meshmode/__init__.py
leap-2019.5-py3-none-any.whl/leap/__init__.py
dagrt-2019.4-py3-none-any.whl/dagrt/__init__.py
grudge-2015.1-py3-none-any.whl/grudge/__init__.py
loo.py-2019.1-py3-none-any.whl/loopy/__init__.py
meshmode-2016.1-py3-none-any.whl/meshmode/__init__.py
leap-2019.5-py3-none-any.whl/leap/__init__.py
dagrt-2019.4-py3-none-any.whl/dagrt/__init__.py
grudge-2015.1-py3-none-any.whl/grudge/__init__.py
loo.py-2019.1-py3-none-any.whl/loopy/__init__.py
meshmode-2016.1-py3-none-any.whl/meshmode/__init__.py
leap-2019.5-py3-none-any.whl/leap/__init__.py
dagrt-2019.4-py3-none-any.whl/dagrt/__init__.py
grudge-2015.1-py3-none-any.whl/grudge/__init__.py
loo.py-2019.1-py3-none-any.whl/loopy/__init__.py
meshmode-2016.1-py3-none-any.whl/meshmode/__init__.py
leap-2019.5-py3-none-any.whl/leap/__init__.py
dagrt-2019.4-py3-none-any.whl/dagrt/__init__.py
grudge-2015.1-py3-none-any.whl/grudge/__init__.py
loo.py-2019.1-py3-none-any.whl/loopy/__init__.py
meshmode-2016.1-py3-none-any.whl/meshmode/__init__.py
leap-2019.5-py3-none-any.whl/leap/__init__.py
dagrt-2019.4-py3-none-any.whl/dagrt/__init__.py
grudge-2015.1-py3-none-any.whl/grudge/__init__.py
loo.py-2019.1-py3-none-any.whl/loopy/__init__.py
meshmode-2016.1-py3-none-any.whl/meshmode/__init__.py
leap-2019.5-py3-none-any.whl/leap/__init__.py
dagrt-2019.4-py3-none-any.whl/dagrt/__init__.py
grudge-2015.1-py3-none-any.whl/grudge/__init__.py
loo.py-2019.1-py3-none-any.whl/loopy/__init__.py
meshmode-2016.1-py3-none-any.whl/meshmode/__init__.py
leap-2019.5-py3-none-any.whl/leap/__init__.py
dagrt-2019.4-py3-none-any.whl/dagrt/__init__.py
grudge-2015.1-py3-none-any.whl/grudge/__init__.py
loo.py-2019.1-py3-none-any.whl/loopy/__init__.py
meshmode-2016.1-py3-none-any.whl/meshmode/__init__.py
leap-2019.5-py3-none-any.whl/leap/__init__.py
dagrt-2019.4-py3-none-any.whl/dagrt/__init__.py
grudge-2015.1-py3-none-any.whl/grudge/__init__.py
loo.py-2019.1-py3-none-any.whl/loopy/__init__.py
meshmode-2016.1-py3-none-any.whl/meshmode/__init__.py
leap-2019.5-py3-none-any.whl/leap/__init__.py
dagrt-2019.4-py3-none-any.whl/dagrt/__init__.py
grudge-2015.1-py3-none-any.whl/grudge/__init__.py
loo.py-2019.1-py3-none-any.whl/loopy/__init__.py
meshmode-2016.1-py3-none-any.whl/meshmode/__init__.py
leap-2019.5-py3-none-any.whl/leap/__init__.py
dagrt-2019.4-py3-none-any.whl/dagrt/__init__.py
grudge-2015.1-py3-none-any.whl/grudge/__init__.py
loo.py-2019.1-py3-none-any.whl/loopy/__init__.py
meshmode-2016.1-py3-none-any.whl/meshmode/__init__.py
leap-2019.5-py3-none-any.whl/leap/__init__.py
18:35:43.600926
Rank  0 / 16
3.7.2 (default, Feb 26 2019, 08:59:10) 
[GCC 4.9.3]
16
dagrt-2019.4-py3-none-any.whl/dagrt/__init__.py
grudge-2015.1-py3-none-any.whl/grudge/__init__.py
loo.py-2019.1-py3-none-any.whl/loopy/__init__.py
meshmode-2016.1-py3-none-any.whl/meshmode/__init__.py
leap-2019.5-py3-none-any.whl/leap/__init__.py
dagrt-2019.4-py3-none-any.whl/dagrt/__init__.py
grudge-2015.1-py3-none-any.whl/grudge/__init__.py
loo.py-2019.1-py3-none-any.whl/loopy/__init__.py
meshmode-2016.1-py3-none-any.whl/meshmode/__init__.py
leap-2019.5-py3-none-any.whl/leap/__init__.py
dagrt-2019.4-py3-none-any.whl/dagrt/__init__.py
grudge-2015.1-py3-none-any.whl/grudge/__init__.py
loo.py-2019.1-py3-none-any.whl/loopy/__init__.py
meshmode-2016.1-py3-none-any.whl/meshmode/__init__.py
leap-2019.5-py3-none-any.whl/leap/__init__.py
dagrt-2019.4-py3-none-any.whl/dagrt/__init__.py
grudge-2015.1-py3-none-any.whl/grudge/__init__.py
loo.py-2019.1-py3-none-any.whl/loopy/__init__.py
meshmode-2016.1-py3-none-any.whl/meshmode/__init__.py
leap-2019.5-py3-none-any.whl/leap/__init__.py
dagrt-2019.4-py3-none-any.whl/dagrt/__init__.py
grudge-2015.1-py3-none-any.whl/grudge/__init__.py
loo.py-2019.1-py3-none-any.whl/loopy/__init__.py
meshmode-2016.1-py3-none-any.whl/meshmode/__init__.py
leap-2019.5-py3-none-any.whl/leap/__init__.py
dagrt-2019.4-py3-none-any.whl/dagrt/__init__.py
grudge-2015.1-py3-none-any.whl/grudge/__init__.py
loo.py-2019.1-py3-none-any.whl/loopy/__init__.py
meshmode-2016.1-py3-none-any.whl/meshmode/__init__.py
leap-2019.5-py3-none-any.whl/leap/__init__.py
dagrt-2019.4-py3-none-any.whl/dagrt/__init__.py
grudge-2015.1-py3-none-any.whl/grudge/__init__.py
loo.py-2019.1-py3-none-any.whl/loopy/__init__.py
meshmode-2016.1-py3-none-any.whl/meshmode/__init__.py
leap-2019.5-py3-none-any.whl/leap/__init__.py
dagrt-2019.4-py3-none-any.whl/dagrt/__init__.py
grudge-2015.1-py3-none-any.whl/grudge/__init__.py
loo.py-2019.1-py3-none-any.whl/loopy/__init__.py
meshmode-2016.1-py3-none-any.whl/meshmode/__init__.py
leap-2019.5-py3-none-any.whl/leap/__init__.py
dagrt-2019.4-py3-none-any.whl/dagrt/__init__.py
grudge-2015.1-py3-none-any.whl/grudge/__init__.py
loo.py-2019.1-py3-none-any.whl/loopy/__init__.py
meshmode-2016.1-py3-none-any.whl/meshmode/__init__.py
leap-2019.5-py3-none-any.whl/leap/__init__.py
dagrt-2019.4-py3-none-any.whl/dagrt/__init__.py
grudge-2015.1-py3-none-any.whl/grudge/__init__.py
loo.py-2019.1-py3-none-any.whl/loopy/__init__.py
meshmode-2016.1-py3-none-any.whl/meshmode/__init__.py
leap-2019.5-py3-none-any.whl/leap/__init__.py
dagrt-2019.4-py3-none-any.whl/dagrt/__init__.py
grudge-2015.1-py3-none-any.whl/grudge/__init__.py
loo.py-2019.1-py3-none-any.whl/loopy/__init__.py
meshmode-2016.1-py3-none-any.whl/meshmode/__init__.py
leap-2019.5-py3-none-any.whl/leap/__init__.py
18:35:46.735786
Rank  0 / 16
3.7.2 (default, Feb 26 2019, 08:59:10) 
[GCC 4.9.3]
dagrt-2019.4-py3-none-any.whl/dagrt/__init__.py
grudge-2015.1-py3-none-any.whl/grudge/__init__.py
loo.py-2019.1-py3-none-any.whl/loopy/__init__.py
meshmode-2016.1-py3-none-any.whl/meshmode/__init__.py
leap-2019.5-py3-none-any.whl/leap/__init__.py
dagrt-2019.4-py3-none-any.whl/dagrt/__init__.py
grudge-2015.1-py3-none-any.whl/grudge/__init__.py
loo.py-2019.1-py3-none-any.whl/loopy/__init__.py
meshmode-2016.1-py3-none-any.whl/meshmode/__init__.py
leap-2019.5-py3-none-any.whl/leap/__init__.py
dagrt-2019.4-py3-none-any.whl/dagrt/__init__.py
grudge-2015.1-py3-none-any.whl/grudge/__init__.py
loo.py-2019.1-py3-none-any.whl/loopy/__init__.py
meshmode-2016.1-py3-none-any.whl/meshmode/__init__.py
leap-2019.5-py3-none-any.whl/leap/__init__.py
dagrt-2019.4-py3-none-any.whl/dagrt/__init__.py
grudge-2015.1-py3-none-any.whl/grudge/__init__.py
loo.py-2019.1-py3-none-any.whl/loopy/__init__.py
meshmode-2016.1-py3-none-any.whl/meshmode/__init__.py
leap-2019.5-py3-none-any.whl/leap/__init__.py
dagrt-2019.4-py3-none-any.whl/dagrt/__init__.py
grudge-2015.1-py3-none-any.whl/grudge/__init__.py
loo.py-2019.1-py3-none-any.whl/loopy/__init__.py
meshmode-2016.1-py3-none-any.whl/meshmode/__init__.py
leap-2019.5-py3-none-any.whl/leap/__init__.py
32
dagrt-2019.4-py3-none-any.whl/dagrt/__init__.py
grudge-2015.1-py3-none-any.whl/grudge/__init__.py
loo.py-2019.1-py3-none-any.whl/loopy/__init__.py
meshmode-2016.1-py3-none-any.whl/meshmode/__init__.py
leap-2019.5-py3-none-any.whl/leap/__init__.py
dagrt-2019.4-py3-none-any.whl/dagrt/__init__.py
grudge-2015.1-py3-none-any.whl/grudge/__init__.py
loo.py-2019.1-py3-none-any.whl/loopy/__init__.py
meshmode-2016.1-py3-none-any.whl/meshmode/__init__.py
leap-2019.5-py3-none-any.whl/leap/__init__.py
dagrt-2019.4-py3-none-any.whl/dagrt/__init__.py
grudge-2015.1-py3-none-any.whl/grudge/__init__.py
loo.py-2019.1-py3-none-any.whl/loopy/__init__.py
meshmode-2016.1-py3-none-any.whl/meshmode/__init__.py
leap-2019.5-py3-none-any.whl/leap/__init__.py
dagrt-2019.4-py3-none-any.whl/dagrt/__init__.py
grudge-2015.1-py3-none-any.whl/grudge/__init__.py
loo.py-2019.1-py3-none-any.whl/loopy/__init__.py
meshmode-2016.1-py3-none-any.whl/meshmode/__init__.py
leap-2019.5-py3-none-any.whl/leap/__init__.py
dagrt-2019.4-py3-none-any.whl/dagrt/__init__.py
grudge-2015.1-py3-none-any.whl/grudge/__init__.py
loo.py-2019.1-py3-none-any.whl/loopy/__init__.py
meshmode-2016.1-py3-none-any.whl/meshmode/__init__.py
leap-2019.5-py3-none-any.whl/leap/__init__.py
dagrt-2019.4-py3-none-any.whl/dagrt/__init__.py
grudge-2015.1-py3-none-any.whl/grudge/__init__.py
loo.py-2019.1-py3-none-any.whl/loopy/__init__.py
meshmode-2016.1-py3-none-any.whl/meshmode/__init__.py
leap-2019.5-py3-none-any.whl/leap/__init__.py
dagrt-2019.4-py3-none-any.whl/dagrt/__init__.py
grudge-2015.1-py3-none-any.whl/grudge/__init__.py
loo.py-2019.1-py3-none-any.whl/loopy/__init__.py
meshmode-2016.1-py3-none-any.whl/meshmode/__init__.py
leap-2019.5-py3-none-any.whl/leap/__init__.py
dagrt-2019.4-py3-none-any.whl/dagrt/__init__.py
grudge-2015.1-py3-none-any.whl/grudge/__init__.py
loo.py-2019.1-py3-none-any.whl/loopy/__init__.py
meshmode-2016.1-py3-none-any.whl/meshmode/__init__.py
leap-2019.5-py3-none-any.whl/leap/__init__.py
dagrt-2019.4-py3-none-any.whl/dagrt/__init__.py
grudge-2015.1-py3-none-any.whl/grudge/__init__.py
loo.py-2019.1-py3-none-any.whl/loopy/__init__.py
meshmode-2016.1-py3-none-any.whl/meshmode/__init__.py
leap-2019.5-py3-none-any.whl/leap/__init__.py
dagrt-2019.4-py3-none-any.whl/dagrt/__init__.py
grudge-2015.1-py3-none-any.whl/grudge/__init__.py
loo.py-2019.1-py3-none-any.whl/loopy/__init__.py
meshmode-2016.1-py3-none-any.whl/meshmode/__init__.py
leap-2019.5-py3-none-any.whl/leap/__init__.py
dagrt-2019.4-py3-none-any.whl/dagrt/__init__.py
grudge-2015.1-py3-none-any.whl/grudge/__init__.py
loo.py-2019.1-py3-none-any.whl/loopy/__init__.py
meshmode-2016.1-py3-none-any.whl/meshmode/__init__.py
leap-2019.5-py3-none-any.whl/leap/__init__.py
dagrt-2019.4-py3-none-any.whl/dagrt/__init__.py
grudge-2015.1-py3-none-any.whl/grudge/__init__.py
loo.py-2019.1-py3-none-any.whl/loopy/__init__.py
meshmode-2016.1-py3-none-any.whl/meshmode/__init__.py
leap-2019.5-py3-none-any.whl/leap/__init__.py
dagrt-2019.4-py3-none-any.whl/dagrt/__init__.py
grudge-2015.1-py3-none-any.whl/grudge/__init__.py
loo.py-2019.1-py3-none-any.whl/loopy/__init__.py
meshmode-2016.1-py3-none-any.whl/meshmode/__init__.py
leap-2019.5-py3-none-any.whl/leap/__init__.py
dagrt-2019.4-py3-none-any.whl/dagrt/__init__.py
grudge-2015.1-py3-none-any.whl/grudge/__init__.py
loo.py-2019.1-py3-none-any.whl/loopy/__init__.py
meshmode-2016.1-py3-none-any.whl/meshmode/__init__.py
leap-2019.5-py3-none-any.whl/leap/__init__.py
dagrt-2019.4-py3-none-any.whl/dagrt/__init__.py
grudge-2015.1-py3-none-any.whl/grudge/__init__.py
loo.py-2019.1-py3-none-any.whl/loopy/__init__.py
meshmode-2016.1-py3-none-any.whl/meshmode/__init__.py
leap-2019.5-py3-none-any.whl/leap/__init__.py
dagrt-2019.4-py3-none-any.whl/dagrt/__init__.py
grudge-2015.1-py3-none-any.whl/grudge/__init__.py
loo.py-2019.1-py3-none-any.whl/loopy/__init__.py
meshmode-2016.1-py3-none-any.whl/meshmode/__init__.py
leap-2019.5-py3-none-any.whl/leap/__init__.py
dagrt-2019.4-py3-none-any.whl/dagrt/__init__.py
grudge-2015.1-py3-none-any.whl/grudge/__init__.py
loo.py-2019.1-py3-none-any.whl/loopy/__init__.py
meshmode-2016.1-py3-none-any.whl/meshmode/__init__.py
leap-2019.5-py3-none-any.whl/leap/__init__.py
dagrt-2019.4-py3-none-any.whl/dagrt/__init__.py
grudge-2015.1-py3-none-any.whl/grudge/__init__.py
loo.py-2019.1-py3-none-any.whl/loopy/__init__.py
meshmode-2016.1-py3-none-any.whl/meshmode/__init__.py
leap-2019.5-py3-none-any.whl/leap/__init__.py
dagrt-2019.4-py3-none-any.whl/dagrt/__init__.py
grudge-2015.1-py3-none-any.whl/grudge/__init__.py
loo.py-2019.1-py3-none-any.whl/loopy/__init__.py
meshmode-2016.1-py3-none-any.whl/meshmode/__init__.py
leap-2019.5-py3-none-any.whl/leap/__init__.py
dagrt-2019.4-py3-none-any.whl/dagrt/__init__.py
grudge-2015.1-py3-none-any.whl/grudge/__init__.py
loo.py-2019.1-py3-none-any.whl/loopy/__init__.py
meshmode-2016.1-py3-none-any.whl/meshmode/__init__.py
leap-2019.5-py3-none-any.whl/leap/__init__.py
dagrt-2019.4-py3-none-any.whl/dagrt/__init__.py
grudge-2015.1-py3-none-any.whl/grudge/__init__.py
loo.py-2019.1-py3-none-any.whl/loopy/__init__.py
meshmode-2016.1-py3-none-any.whl/meshmode/__init__.py
leap-2019.5-py3-none-any.whl/leap/__init__.py
dagrt-2019.4-py3-none-any.whl/dagrt/__init__.py
grudge-2015.1-py3-none-any.whl/grudge/__init__.py
18:35:51.089351
Rank  0 / 32
3.7.2 (default, Feb 26 2019, 08:59:10) 
[GCC 4.9.3]
loo.py-2019.1-py3-none-any.whl/loopy/__init__.py
meshmode-2016.1-py3-none-any.whl/meshmode/__init__.py
leap-2019.5-py3-none-any.whl/leap/__init__.py
dagrt-2019.4-py3-none-any.whl/dagrt/__init__.py
grudge-2015.1-py3-none-any.whl/grudge/__init__.py
loo.py-2019.1-py3-none-any.whl/loopy/__init__.py
meshmode-2016.1-py3-none-any.whl/meshmode/__init__.py
leap-2019.5-py3-none-any.whl/leap/__init__.py
dagrt-2019.4-py3-none-any.whl/dagrt/__init__.py
grudge-2015.1-py3-none-any.whl/grudge/__init__.py
loo.py-2019.1-py3-none-any.whl/loopy/__init__.py
meshmode-2016.1-py3-none-any.whl/meshmode/__init__.py
leap-2019.5-py3-none-any.whl/leap/__init__.py
dagrt-2019.4-py3-none-any.whl/dagrt/__init__.py
grudge-2015.1-py3-none-any.whl/grudge/__init__.py
loo.py-2019.1-py3-none-any.whl/loopy/__init__.py
meshmode-2016.1-py3-none-any.whl/meshmode/__init__.py
leap-2019.5-py3-none-any.whl/leap/__init__.py
dagrt-2019.4-py3-none-any.whl/dagrt/__init__.py
grudge-2015.1-py3-none-any.whl/grudge/__init__.py
loo.py-2019.1-py3-none-any.whl/loopy/__init__.py
meshmode-2016.1-py3-none-any.whl/meshmode/__init__.py
leap-2019.5-py3-none-any.whl/leap/__init__.py
dagrt-2019.4-py3-none-any.whl/dagrt/__init__.py
grudge-2015.1-py3-none-any.whl/grudge/__init__.py
loo.py-2019.1-py3-none-any.whl/loopy/__init__.py
meshmode-2016.1-py3-none-any.whl/meshmode/__init__.py
leap-2019.5-py3-none-any.whl/leap/__init__.py
dagrt-2019.4-py3-none-any.whl/dagrt/__init__.py
grudge-2015.1-py3-none-any.whl/grudge/__init__.py
loo.py-2019.1-py3-none-any.whl/loopy/__init__.py
meshmode-2016.1-py3-none-any.whl/meshmode/__init__.py
leap-2019.5-py3-none-any.whl/leap/__init__.py
dagrt-2019.4-py3-none-any.whl/dagrt/__init__.py
grudge-2015.1-py3-none-any.whl/grudge/__init__.py
loo.py-2019.1-py3-none-any.whl/loopy/__init__.py
meshmode-2016.1-py3-none-any.whl/meshmode/__init__.py
leap-2019.5-py3-none-any.whl/leap/__init__.py
dagrt-2019.4-py3-none-any.whl/dagrt/__init__.py
grudge-2015.1-py3-none-any.whl/grudge/__init__.py
loo.py-2019.1-py3-none-any.whl/loopy/__init__.py
meshmode-2016.1-py3-none-any.whl/meshmode/__init__.py
leap-2019.5-py3-none-any.whl/leap/__init__.py
dagrt-2019.4-py3-none-any.whl/dagrt/__init__.py
grudge-2015.1-py3-none-any.whl/grudge/__init__.py
loo.py-2019.1-py3-none-any.whl/loopy/__init__.py
meshmode-2016.1-py3-none-any.whl/meshmode/__init__.py
leap-2019.5-py3-none-any.whl/leap/__init__.py
dagrt-2019.4-py3-none-any.whl/dagrt/__init__.py
grudge-2015.1-py3-none-any.whl/grudge/__init__.py
loo.py-2019.1-py3-none-any.whl/loopy/__init__.py
meshmode-2016.1-py3-none-any.whl/meshmode/__init__.py
leap-2019.5-py3-none-any.whl/leap/__init__.py
32
dagrt-2019.4-py3-none-any.whl/dagrt/__init__.py
grudge-2015.1-py3-none-any.whl/grudge/__init__.py
loo.py-2019.1-py3-none-any.whl/loopy/__init__.py
meshmode-2016.1-py3-none-any.whl/meshmode/__init__.py
leap-2019.5-py3-none-any.whl/leap/__init__.py
dagrt-2019.4-py3-none-any.whl/dagrt/__init__.py
grudge-2015.1-py3-none-any.whl/grudge/__init__.py
loo.py-2019.1-py3-none-any.whl/loopy/__init__.py
meshmode-2016.1-py3-none-any.whl/meshmode/__init__.py
leap-2019.5-py3-none-any.whl/leap/__init__.py
dagrt-2019.4-py3-none-any.whl/dagrt/__init__.py
grudge-2015.1-py3-none-any.whl/grudge/__init__.py
loo.py-2019.1-py3-none-any.whl/loopy/__init__.py
meshmode-2016.1-py3-none-any.whl/meshmode/__init__.py
leap-2019.5-py3-none-any.whl/leap/__init__.py
dagrt-2019.4-py3-none-any.whl/dagrt/__init__.py
grudge-2015.1-py3-none-any.whl/grudge/__init__.py
loo.py-2019.1-py3-none-any.whl/loopy/__init__.py
meshmode-2016.1-py3-none-any.whl/meshmode/__init__.py
leap-2019.5-py3-none-any.whl/leap/__init__.py
dagrt-2019.4-py3-none-any.whl/dagrt/__init__.py
grudge-2015.1-py3-none-any.whl/grudge/__init__.py
loo.py-2019.1-py3-none-any.whl/loopy/__init__.py
meshmode-2016.1-py3-none-any.whl/meshmode/__init__.py
leap-2019.5-py3-none-any.whl/leap/__init__.py
dagrt-2019.4-py3-none-any.whl/dagrt/__init__.py
grudge-2015.1-py3-none-any.whl/grudge/__init__.py
loo.py-2019.1-py3-none-any.whl/loopy/__init__.py
meshmode-2016.1-py3-none-any.whl/meshmode/__init__.py
leap-2019.5-py3-none-any.whl/leap/__init__.py
dagrt-2019.4-py3-none-any.whl/dagrt/__init__.py
grudge-2015.1-py3-none-any.whl/grudge/__init__.py
loo.py-2019.1-py3-none-any.whl/loopy/__init__.py
meshmode-2016.1-py3-none-any.whl/meshmode/__init__.py
leap-2019.5-py3-none-any.whl/leap/__init__.py
dagrt-2019.4-py3-none-any.whl/dagrt/__init__.py
grudge-2015.1-py3-none-any.whl/grudge/__init__.py
loo.py-2019.1-py3-none-any.whl/loopy/__init__.py
meshmode-2016.1-py3-none-any.whl/meshmode/__init__.py
leap-2019.5-py3-none-any.whl/leap/__init__.py
dagrt-2019.4-py3-none-any.whl/dagrt/__init__.py
grudge-2015.1-py3-none-any.whl/grudge/__init__.py
loo.py-2019.1-py3-none-any.whl/loopy/__init__.py
meshmode-2016.1-py3-none-any.whl/meshmode/__init__.py
leap-2019.5-py3-none-any.whl/leap/__init__.py
dagrt-2019.4-py3-none-any.whl/dagrt/__init__.py
grudge-2015.1-py3-none-any.whl/grudge/__init__.py
loo.py-2019.1-py3-none-any.whl/loopy/__init__.py
meshmode-2016.1-py3-none-any.whl/meshmode/__init__.py
leap-2019.5-py3-none-any.whl/leap/__init__.py
dagrt-2019.4-py3-none-any.whl/dagrt/__init__.py
grudge-2015.1-py3-none-any.whl/grudge/__init__.py
loo.py-2019.1-py3-none-any.whl/loopy/__init__.py
meshmode-2016.1-py3-none-any.whl/meshmode/__init__.py
leap-2019.5-py3-none-any.whl/leap/__init__.py
dagrt-2019.4-py3-none-any.whl/dagrt/__init__.py
18:35:55.530922
Rank  0 / 32
3.7.2 (default, Feb 26 2019, 08:59:10) 
[GCC 4.9.3]
grudge-2015.1-py3-none-any.whl/grudge/__init__.py
loo.py-2019.1-py3-none-any.whl/loopy/__init__.py
meshmode-2016.1-py3-none-any.whl/meshmode/__init__.py
leap-2019.5-py3-none-any.whl/leap/__init__.py
dagrt-2019.4-py3-none-any.whl/dagrt/__init__.py
grudge-2015.1-py3-none-any.whl/grudge/__init__.py
loo.py-2019.1-py3-none-any.whl/loopy/__init__.py
meshmode-2016.1-py3-none-any.whl/meshmode/__init__.py
leap-2019.5-py3-none-any.whl/leap/__init__.py
dagrt-2019.4-py3-none-any.whl/dagrt/__init__.py
grudge-2015.1-py3-none-any.whl/grudge/__init__.py
loo.py-2019.1-py3-none-any.whl/loopy/__init__.py
meshmode-2016.1-py3-none-any.whl/meshmode/__init__.py
leap-2019.5-py3-none-any.whl/leap/__init__.py
dagrt-2019.4-py3-none-any.whl/dagrt/__init__.py
grudge-2015.1-py3-none-any.whl/grudge/__init__.py
loo.py-2019.1-py3-none-any.whl/loopy/__init__.py
meshmode-2016.1-py3-none-any.whl/meshmode/__init__.py
leap-2019.5-py3-none-any.whl/leap/__init__.py
dagrt-2019.4-py3-none-any.whl/dagrt/__init__.py
grudge-2015.1-py3-none-any.whl/grudge/__init__.py
loo.py-2019.1-py3-none-any.whl/loopy/__init__.py
meshmode-2016.1-py3-none-any.whl/meshmode/__init__.py
leap-2019.5-py3-none-any.whl/leap/__init__.py
dagrt-2019.4-py3-none-any.whl/dagrt/__init__.py
grudge-2015.1-py3-none-any.whl/grudge/__init__.py
loo.py-2019.1-py3-none-any.whl/loopy/__init__.py
meshmode-2016.1-py3-none-any.whl/meshmode/__init__.py
leap-2019.5-py3-none-any.whl/leap/__init__.py
dagrt-2019.4-py3-none-any.whl/dagrt/__init__.py
grudge-2015.1-py3-none-any.whl/grudge/__init__.py
loo.py-2019.1-py3-none-any.whl/loopy/__init__.py
meshmode-2016.1-py3-none-any.whl/meshmode/__init__.py
leap-2019.5-py3-none-any.whl/leap/__init__.py
dagrt-2019.4-py3-none-any.whl/dagrt/__init__.py
grudge-2015.1-py3-none-any.whl/grudge/__init__.py
loo.py-2019.1-py3-none-any.whl/loopy/__init__.py
meshmode-2016.1-py3-none-any.whl/meshmode/__init__.py
leap-2019.5-py3-none-any.whl/leap/__init__.py
dagrt-2019.4-py3-none-any.whl/dagrt/__init__.py
grudge-2015.1-py3-none-any.whl/grudge/__init__.py
loo.py-2019.1-py3-none-any.whl/loopy/__init__.py
meshmode-2016.1-py3-none-any.whl/meshmode/__init__.py
leap-2019.5-py3-none-any.whl/leap/__init__.py
dagrt-2019.4-py3-none-any.whl/dagrt/__init__.py
grudge-2015.1-py3-none-any.whl/grudge/__init__.py
loo.py-2019.1-py3-none-any.whl/loopy/__init__.py
meshmode-2016.1-py3-none-any.whl/meshmode/__init__.py
leap-2019.5-py3-none-any.whl/leap/__init__.py
dagrt-2019.4-py3-none-any.whl/dagrt/__init__.py
grudge-2015.1-py3-none-any.whl/grudge/__init__.py
loo.py-2019.1-py3-none-any.whl/loopy/__init__.py
meshmode-2016.1-py3-none-any.whl/meshmode/__init__.py
leap-2019.5-py3-none-any.whl/leap/__init__.py
dagrt-2019.4-py3-none-any.whl/dagrt/__init__.py
grudge-2015.1-py3-none-any.whl/grudge/__init__.py
loo.py-2019.1-py3-none-any.whl/loopy/__init__.py
meshmode-2016.1-py3-none-any.whl/meshmode/__init__.py
leap-2019.5-py3-none-any.whl/leap/__init__.py
dagrt-2019.4-py3-none-any.whl/dagrt/__init__.py
grudge-2015.1-py3-none-any.whl/grudge/__init__.py
loo.py-2019.1-py3-none-any.whl/loopy/__init__.py
meshmode-2016.1-py3-none-any.whl/meshmode/__init__.py
leap-2019.5-py3-none-any.whl/leap/__init__.py
dagrt-2019.4-py3-none-any.whl/dagrt/__init__.py
grudge-2015.1-py3-none-any.whl/grudge/__init__.py
loo.py-2019.1-py3-none-any.whl/loopy/__init__.py
meshmode-2016.1-py3-none-any.whl/meshmode/__init__.py
leap-2019.5-py3-none-any.whl/leap/__init__.py
dagrt-2019.4-py3-none-any.whl/dagrt/__init__.py
grudge-2015.1-py3-none-any.whl/grudge/__init__.py
loo.py-2019.1-py3-none-any.whl/loopy/__init__.py
meshmode-2016.1-py3-none-any.whl/meshmode/__init__.py
leap-2019.5-py3-none-any.whl/leap/__init__.py
dagrt-2019.4-py3-none-any.whl/dagrt/__init__.py
grudge-2015.1-py3-none-any.whl/grudge/__init__.py
loo.py-2019.1-py3-none-any.whl/loopy/__init__.py
meshmode-2016.1-py3-none-any.whl/meshmode/__init__.py
leap-2019.5-py3-none-any.whl/leap/__init__.py
dagrt-2019.4-py3-none-any.whl/dagrt/__init__.py
grudge-2015.1-py3-none-any.whl/grudge/__init__.py
loo.py-2019.1-py3-none-any.whl/loopy/__init__.py
meshmode-2016.1-py3-none-any.whl/meshmode/__init__.py
leap-2019.5-py3-none-any.whl/leap/__init__.py
dagrt-2019.4-py3-none-any.whl/dagrt/__init__.py
grudge-2015.1-py3-none-any.whl/grudge/__init__.py
loo.py-2019.1-py3-none-any.whl/loopy/__init__.py
meshmode-2016.1-py3-none-any.whl/meshmode/__init__.py
leap-2019.5-py3-none-any.whl/leap/__init__.py
dagrt-2019.4-py3-none-any.whl/dagrt/__init__.py
grudge-2015.1-py3-none-any.whl/grudge/__init__.py
loo.py-2019.1-py3-none-any.whl/loopy/__init__.py
meshmode-2016.1-py3-none-any.whl/meshmode/__init__.py
leap-2019.5-py3-none-any.whl/leap/__init__.py
dagrt-2019.4-py3-none-any.whl/dagrt/__init__.py
grudge-2015.1-py3-none-any.whl/grudge/__init__.py
loo.py-2019.1-py3-none-any.whl/loopy/__init__.py
meshmode-2016.1-py3-none-any.whl/meshmode/__init__.py
leap-2019.5-py3-none-any.whl/leap/__init__.py
dagrt-2019.4-py3-none-any.whl/dagrt/__init__.py
grudge-2015.1-py3-none-any.whl/grudge/__init__.py
loo.py-2019.1-py3-none-any.whl/loopy/__init__.py
meshmode-2016.1-py3-none-any.whl/meshmode/__init__.py
leap-2019.5-py3-none-any.whl/leap/__init__.py
Done
