512
srun: Warning: can't run 1 processes on 512 nodes, setting nnodes to 1
08:54:12.673185
Rank  0 / 1
3.8.3 | packaged by conda-forge | (default, Jun  1 2020, 17:43:00) 
[GCC 7.5.0]
/g/g91/diener3/Work/emirge/modules.zip/dagrt/__init__.py
/g/g91/diener3/Work/emirge/modules.zip/grudge/__init__.py
/g/g91/diener3/Work/emirge/modules.zip/loopy/__init__.py
/g/g91/diener3/Work/emirge/modules.zip/meshmode/__init__.py
/g/g91/diener3/Work/emirge/modules.zip/leap/__init__.py
512
08:54:31.156068
Rank  0 / 512
3.8.3 | packaged by conda-forge | (default, Jun  1 2020, 17:43:00) 
[GCC 7.5.0]
/g/g91/diener3/Work/emirge/modules.zip/dagrt/__init__.py
/g/g91/diener3/Work/emirge/modules.zip/grudge/__init__.py
/g/g91/diener3/Work/emirge/modules.zip/loopy/__init__.py
/g/g91/diener3/Work/emirge/modules.zip/meshmode/__init__.py
/g/g91/diener3/Work/emirge/modules.zip/leap/__init__.py
/var/spool/slurmd/job5482290/slurm_script: line 27: ddiff: command not found
/var/spool/slurmd/job5482290/slurm_script: line 28: ddiff: command not found
512
slurmstepd: error: _is_a_lwp: 1 read() attempts on /proc/11629/status failed: No such process
08:54:36.445137
Rank  0 / 512
3.8.3 | packaged by conda-forge | (default, Jun  1 2020, 17:43:00) 
[GCC 7.5.0]
/g/g91/diener3/Work/emirge/modules.zip/dagrt/__init__.py
/g/g91/diener3/Work/emirge/modules.zip/grudge/__init__.py
/g/g91/diener3/Work/emirge/modules.zip/loopy/__init__.py
/g/g91/diener3/Work/emirge/modules.zip/meshmode/__init__.py
/g/g91/diener3/Work/emirge/modules.zip/leap/__init__.py
/var/spool/slurmd/job5482290/slurm_script: line 27: ddiff: command not found
/var/spool/slurmd/job5482290/slurm_script: line 28: ddiff: command not found
1024
slurmstepd: error: _is_a_lwp: open() /proc/72902/status failed: No such file or directory
/g/g91/diener3/Work/emirge/modules.zip/dagrt/__init__.py
08:54:41.351026
Rank  0 / 1024
3.8.3 | packaged by conda-forge | (default, Jun  1 2020, 17:43:00) 
[GCC 7.5.0]
/g/g91/diener3/Work/emirge/modules.zip/grudge/__init__.py
/g/g91/diener3/Work/emirge/modules.zip/loopy/__init__.py
/g/g91/diener3/Work/emirge/modules.zip/meshmode/__init__.py
/g/g91/diener3/Work/emirge/modules.zip/leap/__init__.py
/var/spool/slurmd/job5482290/slurm_script: line 27: ddiff: command not found
/var/spool/slurmd/job5482290/slurm_script: line 28: ddiff: command not found
1024
slurmstepd: error: _is_a_lwp: 1 read() attempts on /proc/55896/status failed: No such process
slurmstepd: error: _is_a_lwp: open() /proc/4645/status failed: No such file or directory
/g/g91/diener3/Work/emirge/modules.zip/dagrt/__init__.py
/g/g91/diener3/Work/emirge/modules.zip/grudge/__init__.py
/g/g91/diener3/Work/emirge/modules.zip/loopy/__init__.py
/g/g91/diener3/Work/emirge/modules.zip/meshmode/__init__.py
/g/g91/diener3/Work/emirge/modules.zip/leap/__init__.py
08:54:48.456944
Rank  0 / 1024
3.8.3 | packaged by conda-forge | (default, Jun  1 2020, 17:43:00) 
[GCC 7.5.0]
/var/spool/slurmd/job5482290/slurm_script: line 27: ddiff: command not found
/var/spool/slurmd/job5482290/slurm_script: line 28: ddiff: command not found
2048
slurmstepd: error: _is_a_lwp: open() /proc/10069/status failed: No such file or directory
slurmstepd: error: _is_a_lwp: open() /proc/43701/status failed: No such file or directory
slurmstepd: error: _is_a_lwp: open() /proc/27250/status failed: No such file or directory
/g/g91/diener3/Work/emirge/modules.zip/dagrt/__init__.py
/g/g91/diener3/Work/emirge/modules.zip/grudge/__init__.py
/g/g91/diener3/Work/emirge/modules.zip/loopy/__init__.py
/g/g91/diener3/Work/emirge/modules.zip/meshmode/__init__.py
/g/g91/diener3/Work/emirge/modules.zip/leap/__init__.py
08:55:00.352319
Rank  0 / 2048
3.8.3 | packaged by conda-forge | (default, Jun  1 2020, 17:43:00) 
[GCC 7.5.0]
/var/spool/slurmd/job5482290/slurm_script: line 27: ddiff: command not found
/var/spool/slurmd/job5482290/slurm_script: line 28: ddiff: command not found
2048
08:55:10.798154
Rank  0 / 2048
3.8.3 | packaged by conda-forge | (default, Jun  1 2020, 17:43:00) 
[GCC 7.5.0]
/g/g91/diener3/Work/emirge/modules.zip/dagrt/__init__.py
/g/g91/diener3/Work/emirge/modules.zip/grudge/__init__.py
/g/g91/diener3/Work/emirge/modules.zip/loopy/__init__.py
/g/g91/diener3/Work/emirge/modules.zip/meshmode/__init__.py
/g/g91/diener3/Work/emirge/modules.zip/leap/__init__.py
/var/spool/slurmd/job5482290/slurm_script: line 27: ddiff: command not found
/var/spool/slurmd/job5482290/slurm_script: line 28: ddiff: command not found
4096
/g/g91/diener3/Work/emirge/modules.zip/dagrt/__init__.py
/g/g91/diener3/Work/emirge/modules.zip/grudge/__init__.py
/g/g91/diener3/Work/emirge/modules.zip/loopy/__init__.py
/g/g91/diener3/Work/emirge/modules.zip/meshmode/__init__.py
/g/g91/diener3/Work/emirge/modules.zip/leap/__init__.py
08:55:35.320869
Rank  0 / 4096
3.8.3 | packaged by conda-forge | (default, Jun  1 2020, 17:43:00) 
[GCC 7.5.0]
/var/spool/slurmd/job5482290/slurm_script: line 27: ddiff: command not found
/var/spool/slurmd/job5482290/slurm_script: line 28: ddiff: command not found
4096
slurmstepd: error: _is_a_lwp: open() /proc/57165/status failed: No such file or directory
slurmstepd: error: _is_a_lwp: open() /proc/45767/status failed: No such file or directory
slurmstepd: error: _is_a_lwp: open() /proc/32183/status failed: No such file or directory
/g/g91/diener3/Work/emirge/modules.zip/dagrt/__init__.py
/g/g91/diener3/Work/emirge/modules.zip/grudge/__init__.py
/g/g91/diener3/Work/emirge/modules.zip/loopy/__init__.py
/g/g91/diener3/Work/emirge/modules.zip/meshmode/__init__.py
08:55:53.516910
Rank  0 / 4096
3.8.3 | packaged by conda-forge | (default, Jun  1 2020, 17:43:00) 
[GCC 7.5.0]
/g/g91/diener3/Work/emirge/modules.zip/leap/__init__.py
/var/spool/slurmd/job5482290/slurm_script: line 27: ddiff: command not found
/var/spool/slurmd/job5482290/slurm_script: line 28: ddiff: command not found
8192
slurmstepd: error: _is_a_lwp: open() /proc/1812/status failed: No such file or directory
slurmstepd: error: _is_a_lwp: open() /proc/20619/status failed: No such file or directory
slurmstepd: error: _is_a_lwp: open() /proc/34073/status failed: No such file or directory
slurmstepd: error: _is_a_lwp: open() /proc/59784/status failed: No such file or directory
slurmstepd: error: _is_a_lwp: open() /proc/47609/status failed: No such file or directory
/g/g91/diener3/Work/emirge/modules.zip/dagrt/__init__.py
08:56:30.127547
Rank  0 / 8192
3.8.3 | packaged by conda-forge | (default, Jun  1 2020, 17:43:00) 
[GCC 7.5.0]
/g/g91/diener3/Work/emirge/modules.zip/grudge/__init__.py
/g/g91/diener3/Work/emirge/modules.zip/loopy/__init__.py
/g/g91/diener3/Work/emirge/modules.zip/meshmode/__init__.py
/g/g91/diener3/Work/emirge/modules.zip/leap/__init__.py
/var/spool/slurmd/job5482290/slurm_script: line 27: ddiff: command not found
/var/spool/slurmd/job5482290/slurm_script: line 28: ddiff: command not found
8192
08:57:12.946061
Rank  0 / 8192
3.8.3 | packaged by conda-forge | (default, Jun  1 2020, 17:43:00) 
[GCC 7.5.0]
/g/g91/diener3/Work/emirge/modules.zip/dagrt/__init__.py
/g/g91/diener3/Work/emirge/modules.zip/grudge/__init__.py
/g/g91/diener3/Work/emirge/modules.zip/loopy/__init__.py
/g/g91/diener3/Work/emirge/modules.zip/meshmode/__init__.py
/g/g91/diener3/Work/emirge/modules.zip/leap/__init__.py
/var/spool/slurmd/job5482290/slurm_script: line 27: ddiff: command not found
/var/spool/slurmd/job5482290/slurm_script: line 28: ddiff: command not found
16384
/g/g91/diener3/Work/emirge/modules.zip/dagrt/__init__.py
/g/g91/diener3/Work/emirge/modules.zip/grudge/__init__.py
/g/g91/diener3/Work/emirge/modules.zip/loopy/__init__.py
/g/g91/diener3/Work/emirge/modules.zip/meshmode/__init__.py
/g/g91/diener3/Work/emirge/modules.zip/leap/__init__.py
08:58:28.156005
Rank  0 / 16384
3.8.3 | packaged by conda-forge | (default, Jun  1 2020, 17:43:00) 
[GCC 7.5.0]
/var/spool/slurmd/job5482290/slurm_script: line 27: ddiff: command not found
/var/spool/slurmd/job5482290/slurm_script: line 28: ddiff: command not found
16384
09:00:17.194163
Rank  0 / 16384
3.8.3 | packaged by conda-forge | (default, Jun  1 2020, 17:43:00) 
[GCC 7.5.0]
/g/g91/diener3/Work/emirge/modules.zip/dagrt/__init__.py
/g/g91/diener3/Work/emirge/modules.zip/grudge/__init__.py
/g/g91/diener3/Work/emirge/modules.zip/loopy/__init__.py
/g/g91/diener3/Work/emirge/modules.zip/meshmode/__init__.py
/g/g91/diener3/Work/emirge/modules.zip/leap/__init__.py
/var/spool/slurmd/job5482290/slurm_script: line 27: ddiff: command not found
/var/spool/slurmd/job5482290/slurm_script: line 28: ddiff: command not found
Done
