1
19:23:10.604732
Rank  0 / 1
3.7.2 (default, Feb 26 2019, 08:59:10) 
[GCC 4.9.3]
1
19:23:11.920238
Rank  0 / 1
3.7.2 (default, Feb 26 2019, 08:59:10) 
[GCC 4.9.3]
1
19:23:13.557791
Rank  0 / 1
3.7.2 (default, Feb 26 2019, 08:59:10) 
[GCC 4.9.3]
1
19:23:14.780947
Rank  0 / 1
3.7.2 (default, Feb 26 2019, 08:59:10) 
[GCC 4.9.3]
1
19:23:15.933648
Rank  0 / 1
3.7.2 (default, Feb 26 2019, 08:59:10) 
[GCC 4.9.3]
1
19:23:17.280617
Rank  0 / 1
3.7.2 (default, Feb 26 2019, 08:59:10) 
[GCC 4.9.3]
1
19:23:18.557502
Rank  0 / 1
3.7.2 (default, Feb 26 2019, 08:59:10) 
[GCC 4.9.3]
1
19:23:19.936882
Rank  0 / 1
3.7.2 (default, Feb 26 2019, 08:59:10) 
[GCC 4.9.3]
1
19:23:21.343799
Rank  0 / 1
3.7.2 (default, Feb 26 2019, 08:59:10) 
[GCC 4.9.3]
1
19:23:22.497150
Rank  0 / 1
3.7.2 (default, Feb 26 2019, 08:59:10) 
[GCC 4.9.3]
1
19:23:23.639452
Rank  0 / 1
3.7.2 (default, Feb 26 2019, 08:59:10) 
[GCC 4.9.3]
2
19:23:24.965045
Rank  0 / 2
3.7.2 (default, Feb 26 2019, 08:59:10) 
[GCC 4.9.3]
2
19:23:26.286842
Rank  0 / 2
3.7.2 (default, Feb 26 2019, 08:59:10) 
[GCC 4.9.3]
2
19:23:27.607067
Rank  0 / 2
3.7.2 (default, Feb 26 2019, 08:59:10) 
[GCC 4.9.3]
2
19:23:29.068257
Rank  0 / 2
3.7.2 (default, Feb 26 2019, 08:59:10) 
[GCC 4.9.3]
2
19:23:30.395231
Rank  0 / 2
3.7.2 (default, Feb 26 2019, 08:59:10) 
[GCC 4.9.3]
2
19:23:31.929426
Rank  0 / 2
3.7.2 (default, Feb 26 2019, 08:59:10) 
[GCC 4.9.3]
2
19:23:33.393904
Rank  0 / 2
3.7.2 (default, Feb 26 2019, 08:59:10) 
[GCC 4.9.3]
2
19:23:34.743281
Rank  0 / 2
3.7.2 (default, Feb 26 2019, 08:59:10) 
[GCC 4.9.3]
2
19:23:36.081053
Rank  0 / 2
3.7.2 (default, Feb 26 2019, 08:59:10) 
[GCC 4.9.3]
2
19:23:37.534252
Rank  0 / 2
3.7.2 (default, Feb 26 2019, 08:59:10) 
[GCC 4.9.3]
4
19:23:38.924800
Rank  0 / 4
3.7.2 (default, Feb 26 2019, 08:59:10) 
[GCC 4.9.3]
4
19:23:40.358246
Rank  0 / 4
3.7.2 (default, Feb 26 2019, 08:59:10) 
[GCC 4.9.3]
4
19:23:41.899214
Rank  0 / 4
3.7.2 (default, Feb 26 2019, 08:59:10) 
[GCC 4.9.3]
4
19:23:43.275624
Rank  0 / 4
3.7.2 (default, Feb 26 2019, 08:59:10) 
[GCC 4.9.3]
4
19:23:44.658055
Rank  0 / 4
3.7.2 (default, Feb 26 2019, 08:59:10) 
[GCC 4.9.3]
4
19:23:47.630051
Rank  0 / 4
3.7.2 (default, Feb 26 2019, 08:59:10) 
[GCC 4.9.3]
4
19:23:50.122179
Rank  0 / 4
3.7.2 (default, Feb 26 2019, 08:59:10) 
[GCC 4.9.3]
4
19:23:52.521121
Rank  0 / 4
3.7.2 (default, Feb 26 2019, 08:59:10) 
[GCC 4.9.3]
4
19:23:54.884091
Rank  0 / 4
3.7.2 (default, Feb 26 2019, 08:59:10) 
[GCC 4.9.3]
4
19:23:57.801146
Rank  0 / 4
3.7.2 (default, Feb 26 2019, 08:59:10) 
[GCC 4.9.3]
8
19:24:00.127248
Rank  0 / 8
3.7.2 (default, Feb 26 2019, 08:59:10) 
[GCC 4.9.3]
8
19:24:02.703038
Rank  0 / 8
3.7.2 (default, Feb 26 2019, 08:59:10) 
[GCC 4.9.3]
8
19:24:05.411059
Rank  0 / 8
3.7.2 (default, Feb 26 2019, 08:59:10) 
[GCC 4.9.3]
8
19:24:07.727053
Rank  0 / 8
3.7.2 (default, Feb 26 2019, 08:59:10) 
[GCC 4.9.3]
8
19:24:10.141013
Rank  0 / 8
3.7.2 (default, Feb 26 2019, 08:59:10) 
[GCC 4.9.3]
8
19:24:12.800695
Rank  0 / 8
3.7.2 (default, Feb 26 2019, 08:59:10) 
[GCC 4.9.3]
8
19:24:15.093747
Rank  0 / 8
3.7.2 (default, Feb 26 2019, 08:59:10) 
[GCC 4.9.3]
8
19:24:17.691669
Rank  0 / 8
3.7.2 (default, Feb 26 2019, 08:59:10) 
[GCC 4.9.3]
8
19:24:20.269216
Rank  0 / 8
3.7.2 (default, Feb 26 2019, 08:59:10) 
[GCC 4.9.3]
8
19:24:21.962351
Rank  0 / 8
3.7.2 (default, Feb 26 2019, 08:59:10) 
[GCC 4.9.3]
16
19:24:24.084960
Rank  0 / 16
3.7.2 (default, Feb 26 2019, 08:59:10) 
[GCC 4.9.3]
16
19:24:26.325285
Rank  0 / 16
3.7.2 (default, Feb 26 2019, 08:59:10) 
[GCC 4.9.3]
16
19:24:28.447425
Rank  0 / 16
3.7.2 (default, Feb 26 2019, 08:59:10) 
[GCC 4.9.3]
16
19:24:30.647822
Rank  0 / 16
3.7.2 (default, Feb 26 2019, 08:59:10) 
[GCC 4.9.3]
16
19:24:32.799075
Rank  0 / 16
3.7.2 (default, Feb 26 2019, 08:59:10) 
[GCC 4.9.3]
16
19:24:35.060182
Rank  0 / 16
3.7.2 (default, Feb 26 2019, 08:59:10) 
[GCC 4.9.3]
16
19:24:37.188528
Rank  0 / 16
3.7.2 (default, Feb 26 2019, 08:59:10) 
[GCC 4.9.3]
16
19:24:39.438850
Rank  0 / 16
3.7.2 (default, Feb 26 2019, 08:59:10) 
[GCC 4.9.3]
16
19:24:41.596953
Rank  0 / 16
3.7.2 (default, Feb 26 2019, 08:59:10) 
[GCC 4.9.3]
16
19:24:43.860761
Rank  0 / 16
3.7.2 (default, Feb 26 2019, 08:59:10) 
[GCC 4.9.3]
32
19:24:47.495379
Rank  0 / 32
3.7.2 (default, Feb 26 2019, 08:59:10) 
[GCC 4.9.3]
32
19:24:50.895408
Rank  0 / 32
3.7.2 (default, Feb 26 2019, 08:59:10) 
[GCC 4.9.3]
32
19:24:53.998653
Rank  0 / 32
3.7.2 (default, Feb 26 2019, 08:59:10) 
[GCC 4.9.3]
32
19:24:57.138019
Rank  0 / 32
3.7.2 (default, Feb 26 2019, 08:59:10) 
[GCC 4.9.3]
32
19:25:00.257255
Rank  0 / 32
3.7.2 (default, Feb 26 2019, 08:59:10) 
[GCC 4.9.3]
32
19:25:03.442879
Rank  0 / 32
3.7.2 (default, Feb 26 2019, 08:59:10) 
[GCC 4.9.3]
32
19:25:06.580590
Rank  0 / 32
3.7.2 (default, Feb 26 2019, 08:59:10) 
[GCC 4.9.3]
32
19:25:10.041322
Rank  0 / 32
3.7.2 (default, Feb 26 2019, 08:59:10) 
[GCC 4.9.3]
32
19:25:13.206760
Rank  0 / 32
3.7.2 (default, Feb 26 2019, 08:59:10) 
[GCC 4.9.3]
32
19:25:16.337980
Rank  0 / 32
3.7.2 (default, Feb 26 2019, 08:59:10) 
[GCC 4.9.3]
Done
