64
srun: Warning: can't run 1 processes on 64 nodes, setting nnodes to 1
20:16:04.301941
Rank  0 / 1
3.7.2 (default, Feb 26 2019, 08:59:10) 
[GCC 4.9.3]
64
20:16:11.061584
Rank  0 / 64
3.7.2 (default, Feb 26 2019, 08:59:10) 
[GCC 4.9.3]
64
20:16:13.862820
Rank  0 / 64
3.7.2 (default, Feb 26 2019, 08:59:10) 
[GCC 4.9.3]
128
20:16:15.908064
Rank  0 / 128
3.7.2 (default, Feb 26 2019, 08:59:10) 
[GCC 4.9.3]
128
20:16:17.662939
Rank  0 / 128
3.7.2 (default, Feb 26 2019, 08:59:10) 
[GCC 4.9.3]
256
20:16:20.872380
Rank  0 / 256
3.7.2 (default, Feb 26 2019, 08:59:10) 
[GCC 4.9.3]
256
20:16:23.292038
Rank  0 / 256
3.7.2 (default, Feb 26 2019, 08:59:10) 
[GCC 4.9.3]
512
20:16:27.127406
Rank  0 / 512
3.7.2 (default, Feb 26 2019, 08:59:10) 
[GCC 4.9.3]
512
20:16:32.653235
Rank  0 / 512
3.7.2 (default, Feb 26 2019, 08:59:10) 
[GCC 4.9.3]
1024
20:16:42.137636
Rank  0 / 1024
3.7.2 (default, Feb 26 2019, 08:59:10) 
[GCC 4.9.3]
1024
20:16:50.131918
Rank  0 / 1024
3.7.2 (default, Feb 26 2019, 08:59:10) 
[GCC 4.9.3]
2048
20:16:59.815636
Rank  0 / 2048
3.7.2 (default, Feb 26 2019, 08:59:10) 
[GCC 4.9.3]
2048
20:17:15.141760
Rank  0 / 2048
3.7.2 (default, Feb 26 2019, 08:59:10) 
[GCC 4.9.3]
Done
